{"$message_type":"diagnostic","message":"error returned from database: (code: 14) unable to open database file","code":null,"level":"error","spans":[{"file_name":"/home/shift/.cargo/registry/src/index.crates.io-1949cf8c6b5b557f/sqlx-0.7.4/src/macros/mod.rs","byte_start":26527,"byte_end":26600,"line_start":573,"line_end":573,"column_start":9,"column_end":82,"is_primary":true,"text":[{"text":"        $crate::sqlx_macros::expand_query!(record = $out_struct, source = $query)","highlight_start":9,"highlight_end":82}],"label":null,"suggested_replacement":null,"suggestion_applicability":null,"expansion":{"span":{"file_name":"/home/shift/.cargo/registry/src/index.crates.io-1949cf8c6b5b557f/sqlx-0.7.4/src/macros/mod.rs","byte_start":26527,"byte_end":26600,"line_start":573,"line_end":573,"column_start":9,"column_end":82,"is_primary":false,"text":[{"text":"        $crate::sqlx_macros::expand_query!(record = $out_struct, source = $query)","highlight_start":9,"highlight_end":82}],"label":null,"suggested_replacement":null,"suggestion_applicability":null,"expansion":{"span":{"file_name":"src/models.rs","byte_start":2399,"byte_end":2479,"line_start":70,"line_end":73,"column_start":23,"column_end":10,"is_primary":false,"text":[{"text":"        let records = sqlx::query_as!(","highlight_start":23,"highlight_end":39},{"text":"            Self,","highlight_start":1,"highlight_end":18},{"text":"            \"SELECT * FROM configs\"","highlight_start":1,"highlight_end":36},{"text":"        )","highlight_start":1,"highlight_end":10}],"label":null,"suggested_replacement":null,"suggestion_applicability":null,"expansion":null},"macro_decl_name":"sqlx::query_as!","def_site_span":{"file_name":"/home/shift/.cargo/registry/src/index.crates.io-1949cf8c6b5b557f/sqlx-0.7.4/src/macros/mod.rs","byte_start":26452,"byte_end":26473,"line_start":571,"line_end":571,"column_start":1,"column_end":22,"is_primary":false,"text":[{"text":"macro_rules! query_as (","highlight_start":1,"highlight_end":22}],"label":null,"suggested_replacement":null,"suggestion_applicability":null,"expansion":null}}},"macro_decl_name":"$crate::sqlx_macros::expand_query!","def_site_span":{"file_name":"/home/shift/.cargo/registry/src/index.crates.io-1949cf8c6b5b557f/sqlx-macros-0.7.4/src/lib.rs","byte_start":89,"byte_end":143,"line_start":8,"line_end":8,"column_start":1,"column_end":55,"is_primary":false,"text":[{"text":"pub fn expand_query(input: TokenStream) -> TokenStream {","highlight_start":1,"highlight_end":55}],"label":null,"suggested_replacement":null,"suggestion_applicability":null,"expansion":null}}}],"children":[],"rendered":"\u001b[0m\u001b[1m\u001b[38;5;9merror\u001b[0m\u001b[0m\u001b[1m: error returned from database: (code: 14) unable to open database file\u001b[0m\n\u001b[0m  \u001b[0m\u001b[0m\u001b[1m\u001b[38;5;12m--> \u001b[0m\u001b[0msrc/models.rs:70:23\u001b[0m\n\u001b[0m   \u001b[0m\u001b[0m\u001b[1m\u001b[38;5;12m|\u001b[0m\n\u001b[0m\u001b[1m\u001b[38;5;12m70\u001b[0m\u001b[0m \u001b[0m\u001b[0m\u001b[1m\u001b[38;5;12m|\u001b[0m\u001b[0m   \u001b[0m\u001b[0m        let records = sqlx::query_as!(\u001b[0m\n\u001b[0m   \u001b[0m\u001b[0m\u001b[1m\u001b[38;5;12m|\u001b[0m\u001b[0m \u001b[0m\u001b[0m\u001b[1m\u001b[38;5;9m _______________________^\u001b[0m\n\u001b[0m\u001b[1m\u001b[38;5;12m71\u001b[0m\u001b[0m \u001b[0m\u001b[0m\u001b[1m\u001b[38;5;12m|\u001b[0m\u001b[0m \u001b[0m\u001b[0m\u001b[1m\u001b[38;5;9m|\u001b[0m\u001b[0m \u001b[0m\u001b[0m            Self,\u001b[0m\n\u001b[0m\u001b[1m\u001b[38;5;12m72\u001b[0m\u001b[0m \u001b[0m\u001b[0m\u001b[1m\u001b[38;5;12m|\u001b[0m\u001b[0m \u001b[0m\u001b[0m\u001b[1m\u001b[38;5;9m|\u001b[0m\u001b[0m \u001b[0m\u001b[0m            \"SELECT * FROM configs\"\u001b[0m\n\u001b[0m\u001b[1m\u001b[38;5;12m73\u001b[0m\u001b[0m \u001b[0m\u001b[0m\u001b[1m\u001b[38;5;12m|\u001b[0m\u001b[0m \u001b[0m\u001b[0m\u001b[1m\u001b[38;5;9m|\u001b[0m\u001b[0m \u001b[0m\u001b[0m        )\u001b[0m\n\u001b[0m   \u001b[0m\u001b[0m\u001b[1m\u001b[38;5;12m|\u001b[0m\u001b[0m \u001b[0m\u001b[0m\u001b[1m\u001b[38;5;9m|_________^\u001b[0m\n\u001b[0m   \u001b[0m\u001b[0m\u001b[1m\u001b[38;5;12m|\u001b[0m\n\u001b[0m   \u001b[0m\u001b[0m\u001b[1m\u001b[38;5;12m= \u001b[0m\u001b[0m\u001b[1mnote\u001b[0m\u001b[0m: this error originates in the macro `$crate::sqlx_macros::expand_query` which comes from the expansion of the macro `sqlx::query_as` (in Nightly builds, run with -Z macro-backtrace for more info)\u001b[0m\n\n"}
{"$message_type":"diagnostic","message":"error returned from database: (code: 14) unable to open database file","code":null,"level":"error","spans":[{"file_name":"/home/shift/.cargo/registry/src/index.crates.io-1949cf8c6b5b557f/sqlx-0.7.4/src/macros/mod.rs","byte_start":26674,"byte_end":26767,"line_start":576,"line_end":576,"column_start":9,"column_end":102,"is_primary":true,"text":[{"text":"        $crate::sqlx_macros::expand_query!(record = $out_struct, source = $query, args = [$($args)*])","highlight_start":9,"highlight_end":102}],"label":null,"suggested_replacement":null,"suggestion_applicability":null,"expansion":{"span":{"file_name":"/home/shift/.cargo/registry/src/index.crates.io-1949cf8c6b5b557f/sqlx-0.7.4/src/macros/mod.rs","byte_start":26674,"byte_end":26767,"line_start":576,"line_end":576,"column_start":9,"column_end":102,"is_primary":false,"text":[{"text":"        $crate::sqlx_macros::expand_query!(record = $out_struct, source = $query, args = [$($args)*])","highlight_start":9,"highlight_end":102}],"label":null,"suggested_replacement":null,"suggestion_applicability":null,"expansion":{"span":{"file_name":"src/models.rs","byte_start":2688,"byte_end":2798,"line_start":81,"line_end":85,"column_start":22,"column_end":10,"is_primary":false,"text":[{"text":"        let record = sqlx::query_as!(","highlight_start":22,"highlight_end":38},{"text":"            Self,","highlight_start":1,"highlight_end":18},{"text":"            \"SELECT * FROM configs WHERE id = $1\",","highlight_start":1,"highlight_end":51},{"text":"            id","highlight_start":1,"highlight_end":15},{"text":"        )","highlight_start":1,"highlight_end":10}],"label":null,"suggested_replacement":null,"suggestion_applicability":null,"expansion":null},"macro_decl_name":"sqlx::query_as!","def_site_span":{"file_name":"/home/shift/.cargo/registry/src/index.crates.io-1949cf8c6b5b557f/sqlx-0.7.4/src/macros/mod.rs","byte_start":26452,"byte_end":26473,"line_start":571,"line_end":571,"column_start":1,"column_end":22,"is_primary":false,"text":[{"text":"macro_rules! query_as (","highlight_start":1,"highlight_end":22}],"label":null,"suggested_replacement":null,"suggestion_applicability":null,"expansion":null}}},"macro_decl_name":"$crate::sqlx_macros::expand_query!","def_site_span":{"file_name":"/home/shift/.cargo/registry/src/index.crates.io-1949cf8c6b5b557f/sqlx-macros-0.7.4/src/lib.rs","byte_start":89,"byte_end":143,"line_start":8,"line_end":8,"column_start":1,"column_end":55,"is_primary":false,"text":[{"text":"pub fn expand_query(input: TokenStream) -> TokenStream {","highlight_start":1,"highlight_end":55}],"label":null,"suggested_replacement":null,"suggestion_applicability":null,"expansion":null}}}],"children":[],"rendered":"\u001b[0m\u001b[1m\u001b[38;5;9merror\u001b[0m\u001b[0m\u001b[1m: error returned from database: (code: 14) unable to open database file\u001b[0m\n\u001b[0m  \u001b[0m\u001b[0m\u001b[1m\u001b[38;5;12m--> \u001b[0m\u001b[0msrc/models.rs:81:22\u001b[0m\n\u001b[0m   \u001b[0m\u001b[0m\u001b[1m\u001b[38;5;12m|\u001b[0m\n\u001b[0m\u001b[1m\u001b[38;5;12m81\u001b[0m\u001b[0m \u001b[0m\u001b[0m\u001b[1m\u001b[38;5;12m|\u001b[0m\u001b[0m   \u001b[0m\u001b[0m        let record = sqlx::query_as!(\u001b[0m\n\u001b[0m   \u001b[0m\u001b[0m\u001b[1m\u001b[38;5;12m|\u001b[0m\u001b[0m \u001b[0m\u001b[0m\u001b[1m\u001b[38;5;9m ______________________^\u001b[0m\n\u001b[0m\u001b[1m\u001b[38;5;12m82\u001b[0m\u001b[0m \u001b[0m\u001b[0m\u001b[1m\u001b[38;5;12m|\u001b[0m\u001b[0m \u001b[0m\u001b[0m\u001b[1m\u001b[38;5;9m|\u001b[0m\u001b[0m \u001b[0m\u001b[0m            Self,\u001b[0m\n\u001b[0m\u001b[1m\u001b[38;5;12m83\u001b[0m\u001b[0m \u001b[0m\u001b[0m\u001b[1m\u001b[38;5;12m|\u001b[0m\u001b[0m \u001b[0m\u001b[0m\u001b[1m\u001b[38;5;9m|\u001b[0m\u001b[0m \u001b[0m\u001b[0m            \"SELECT * FROM configs WHERE id = $1\",\u001b[0m\n\u001b[0m\u001b[1m\u001b[38;5;12m84\u001b[0m\u001b[0m \u001b[0m\u001b[0m\u001b[1m\u001b[38;5;12m|\u001b[0m\u001b[0m \u001b[0m\u001b[0m\u001b[1m\u001b[38;5;9m|\u001b[0m\u001b[0m \u001b[0m\u001b[0m            id\u001b[0m\n\u001b[0m\u001b[1m\u001b[38;5;12m85\u001b[0m\u001b[0m \u001b[0m\u001b[0m\u001b[1m\u001b[38;5;12m|\u001b[0m\u001b[0m \u001b[0m\u001b[0m\u001b[1m\u001b[38;5;9m|\u001b[0m\u001b[0m \u001b[0m\u001b[0m        )\u001b[0m\n\u001b[0m   \u001b[0m\u001b[0m\u001b[1m\u001b[38;5;12m|\u001b[0m\u001b[0m \u001b[0m\u001b[0m\u001b[1m\u001b[38;5;9m|_________^\u001b[0m\n\u001b[0m   \u001b[0m\u001b[0m\u001b[1m\u001b[38;5;12m|\u001b[0m\n\u001b[0m   \u001b[0m\u001b[0m\u001b[1m\u001b[38;5;12m= \u001b[0m\u001b[0m\u001b[1mnote\u001b[0m\u001b[0m: this error originates in the macro `$crate::sqlx_macros::expand_query` which comes from the expansion of the macro `sqlx::query_as` (in Nightly builds, run with -Z macro-backtrace for more info)\u001b[0m\n\n"}
{"$message_type":"diagnostic","message":"error returned from database: (code: 14) unable to open database file","code":null,"level":"error","spans":[{"file_name":"/home/shift/.cargo/registry/src/index.crates.io-1949cf8c6b5b557f/sqlx-0.7.4/src/macros/mod.rs","byte_start":26527,"byte_end":26600,"line_start":573,"line_end":573,"column_start":9,"column_end":82,"is_primary":true,"text":[{"text":"        $crate::sqlx_macros::expand_query!(record = $out_struct, source = $query)","highlight_start":9,"highlight_end":82}],"label":null,"suggested_replacement":null,"suggestion_applicability":null,"expansion":{"span":{"file_name":"/home/shift/.cargo/registry/src/index.crates.io-1949cf8c6b5b557f/sqlx-0.7.4/src/macros/mod.rs","byte_start":26527,"byte_end":26600,"line_start":573,"line_end":573,"column_start":9,"column_end":82,"is_primary":false,"text":[{"text":"        $crate::sqlx_macros::expand_query!(record = $out_struct, source = $query)","highlight_start":9,"highlight_end":82}],"label":null,"suggested_replacement":null,"suggestion_applicability":null,"expansion":{"span":{"file_name":"src/models.rs","byte_start":3240,"byte_end":3345,"line_start":97,"line_end":100,"column_start":22,"column_end":10,"is_primary":false,"text":[{"text":"        let record = sqlx::query_as!(","highlight_start":22,"highlight_end":38},{"text":"            Self,","highlight_start":1,"highlight_end":18},{"text":"            \"INSERT INTO configs DEFAULT VALUES RETURNING *\"","highlight_start":1,"highlight_end":61},{"text":"        )","highlight_start":1,"highlight_end":10}],"label":null,"suggested_replacement":null,"suggestion_applicability":null,"expansion":null},"macro_decl_name":"sqlx::query_as!","def_site_span":{"file_name":"/home/shift/.cargo/registry/src/index.crates.io-1949cf8c6b5b557f/sqlx-0.7.4/src/macros/mod.rs","byte_start":26452,"byte_end":26473,"line_start":571,"line_end":571,"column_start":1,"column_end":22,"is_primary":false,"text":[{"text":"macro_rules! query_as (","highlight_start":1,"highlight_end":22}],"label":null,"suggested_replacement":null,"suggestion_applicability":null,"expansion":null}}},"macro_decl_name":"$crate::sqlx_macros::expand_query!","def_site_span":{"file_name":"/home/shift/.cargo/registry/src/index.crates.io-1949cf8c6b5b557f/sqlx-macros-0.7.4/src/lib.rs","byte_start":89,"byte_end":143,"line_start":8,"line_end":8,"column_start":1,"column_end":55,"is_primary":false,"text":[{"text":"pub fn expand_query(input: TokenStream) -> TokenStream {","highlight_start":1,"highlight_end":55}],"label":null,"suggested_replacement":null,"suggestion_applicability":null,"expansion":null}}}],"children":[],"rendered":"\u001b[0m\u001b[1m\u001b[38;5;9merror\u001b[0m\u001b[0m\u001b[1m: error returned from database: (code: 14) unable to open database file\u001b[0m\n\u001b[0m   \u001b[0m\u001b[0m\u001b[1m\u001b[38;5;12m--> \u001b[0m\u001b[0msrc/models.rs:97:22\u001b[0m\n\u001b[0m    \u001b[0m\u001b[0m\u001b[1m\u001b[38;5;12m|\u001b[0m\n\u001b[0m\u001b[1m\u001b[38;5;12m97\u001b[0m\u001b[0m  \u001b[0m\u001b[0m\u001b[1m\u001b[38;5;12m|\u001b[0m\u001b[0m   \u001b[0m\u001b[0m        let record = sqlx::query_as!(\u001b[0m\n\u001b[0m    \u001b[0m\u001b[0m\u001b[1m\u001b[38;5;12m|\u001b[0m\u001b[0m \u001b[0m\u001b[0m\u001b[1m\u001b[38;5;9m ______________________^\u001b[0m\n\u001b[0m\u001b[1m\u001b[38;5;12m98\u001b[0m\u001b[0m  \u001b[0m\u001b[0m\u001b[1m\u001b[38;5;12m|\u001b[0m\u001b[0m \u001b[0m\u001b[0m\u001b[1m\u001b[38;5;9m|\u001b[0m\u001b[0m \u001b[0m\u001b[0m            Self,\u001b[0m\n\u001b[0m\u001b[1m\u001b[38;5;12m99\u001b[0m\u001b[0m  \u001b[0m\u001b[0m\u001b[1m\u001b[38;5;12m|\u001b[0m\u001b[0m \u001b[0m\u001b[0m\u001b[1m\u001b[38;5;9m|\u001b[0m\u001b[0m \u001b[0m\u001b[0m            \"INSERT INTO configs DEFAULT VALUES RETURNING *\"\u001b[0m\n\u001b[0m\u001b[1m\u001b[38;5;12m100\u001b[0m\u001b[0m \u001b[0m\u001b[0m\u001b[1m\u001b[38;5;12m|\u001b[0m\u001b[0m \u001b[0m\u001b[0m\u001b[1m\u001b[38;5;9m|\u001b[0m\u001b[0m \u001b[0m\u001b[0m        )\u001b[0m\n\u001b[0m    \u001b[0m\u001b[0m\u001b[1m\u001b[38;5;12m|\u001b[0m\u001b[0m \u001b[0m\u001b[0m\u001b[1m\u001b[38;5;9m|_________^\u001b[0m\n\u001b[0m    \u001b[0m\u001b[0m\u001b[1m\u001b[38;5;12m|\u001b[0m\n\u001b[0m    \u001b[0m\u001b[0m\u001b[1m\u001b[38;5;12m= \u001b[0m\u001b[0m\u001b[1mnote\u001b[0m\u001b[0m: this error originates in the macro `$crate::sqlx_macros::expand_query` which comes from the expansion of the macro `sqlx::query_as` (in Nightly builds, run with -Z macro-backtrace for more info)\u001b[0m\n\n"}
{"$message_type":"diagnostic","message":"error returned from database: (code: 14) unable to open database file","code":null,"level":"error","spans":[{"file_name":"/home/shift/.cargo/registry/src/index.crates.io-1949cf8c6b5b557f/sqlx-0.7.4/src/macros/mod.rs","byte_start":26674,"byte_end":26767,"line_start":576,"line_end":576,"column_start":9,"column_end":102,"is_primary":true,"text":[{"text":"        $crate::sqlx_macros::expand_query!(record = $out_struct, source = $query, args = [$($args)*])","highlight_start":9,"highlight_end":102}],"label":null,"suggested_replacement":null,"suggestion_applicability":null,"expansion":{"span":{"file_name":"/home/shift/.cargo/registry/src/index.crates.io-1949cf8c6b5b557f/sqlx-0.7.4/src/macros/mod.rs","byte_start":26674,"byte_end":26767,"line_start":576,"line_end":576,"column_start":9,"column_end":102,"is_primary":false,"text":[{"text":"        $crate::sqlx_macros::expand_query!(record = $out_struct, source = $query, args = [$($args)*])","highlight_start":9,"highlight_end":102}],"label":null,"suggested_replacement":null,"suggestion_applicability":null,"expansion":{"span":{"file_name":"src/models.rs","byte_start":3836,"byte_end":3986,"line_start":113,"line_end":117,"column_start":22,"column_end":10,"is_primary":false,"text":[{"text":"        let record = sqlx::query_as!(","highlight_start":22,"highlight_end":38},{"text":"            Self,","highlight_start":1,"highlight_end":18},{"text":"            \"UPDATE configs SET updated_at = CURRENT_TIMESTAMP WHERE id = $1 RETURNING *\",","highlight_start":1,"highlight_end":91},{"text":"            id","highlight_start":1,"highlight_end":15},{"text":"        )","highlight_start":1,"highlight_end":10}],"label":null,"suggested_replacement":null,"suggestion_applicability":null,"expansion":null},"macro_decl_name":"sqlx::query_as!","def_site_span":{"file_name":"/home/shift/.cargo/registry/src/index.crates.io-1949cf8c6b5b557f/sqlx-0.7.4/src/macros/mod.rs","byte_start":26452,"byte_end":26473,"line_start":571,"line_end":571,"column_start":1,"column_end":22,"is_primary":false,"text":[{"text":"macro_rules! query_as (","highlight_start":1,"highlight_end":22}],"label":null,"suggested_replacement":null,"suggestion_applicability":null,"expansion":null}}},"macro_decl_name":"$crate::sqlx_macros::expand_query!","def_site_span":{"file_name":"/home/shift/.cargo/registry/src/index.crates.io-1949cf8c6b5b557f/sqlx-macros-0.7.4/src/lib.rs","byte_start":89,"byte_end":143,"line_start":8,"line_end":8,"column_start":1,"column_end":55,"is_primary":false,"text":[{"text":"pub fn expand_query(input: TokenStream) -> TokenStream {","highlight_start":1,"highlight_end":55}],"label":null,"suggested_replacement":null,"suggestion_applicability":null,"expansion":null}}}],"children":[],"rendered":"\u001b[0m\u001b[1m\u001b[38;5;9merror\u001b[0m\u001b[0m\u001b[1m: error returned from database: (code: 14) unable to open database file\u001b[0m\n\u001b[0m   \u001b[0m\u001b[0m\u001b[1m\u001b[38;5;12m--> \u001b[0m\u001b[0msrc/models.rs:113:22\u001b[0m\n\u001b[0m    \u001b[0m\u001b[0m\u001b[1m\u001b[38;5;12m|\u001b[0m\n\u001b[0m\u001b[1m\u001b[38;5;12m113\u001b[0m\u001b[0m \u001b[0m\u001b[0m\u001b[1m\u001b[38;5;12m|\u001b[0m\u001b[0m   \u001b[0m\u001b[0m        let record = sqlx::query_as!(\u001b[0m\n\u001b[0m    \u001b[0m\u001b[0m\u001b[1m\u001b[38;5;12m|\u001b[0m\u001b[0m \u001b[0m\u001b[0m\u001b[1m\u001b[38;5;9m ______________________^\u001b[0m\n\u001b[0m\u001b[1m\u001b[38;5;12m114\u001b[0m\u001b[0m \u001b[0m\u001b[0m\u001b[1m\u001b[38;5;12m|\u001b[0m\u001b[0m \u001b[0m\u001b[0m\u001b[1m\u001b[38;5;9m|\u001b[0m\u001b[0m \u001b[0m\u001b[0m            Self,\u001b[0m\n\u001b[0m\u001b[1m\u001b[38;5;12m115\u001b[0m\u001b[0m \u001b[0m\u001b[0m\u001b[1m\u001b[38;5;12m|\u001b[0m\u001b[0m \u001b[0m\u001b[0m\u001b[1m\u001b[38;5;9m|\u001b[0m\u001b[0m \u001b[0m\u001b[0m            \"UPDATE configs SET updated_at = CURRENT_TIMESTAMP WHERE id = $1 RETURNING *\",\u001b[0m\n\u001b[0m\u001b[1m\u001b[38;5;12m116\u001b[0m\u001b[0m \u001b[0m\u001b[0m\u001b[1m\u001b[38;5;12m|\u001b[0m\u001b[0m \u001b[0m\u001b[0m\u001b[1m\u001b[38;5;9m|\u001b[0m\u001b[0m \u001b[0m\u001b[0m            id\u001b[0m\n\u001b[0m\u001b[1m\u001b[38;5;12m117\u001b[0m\u001b[0m \u001b[0m\u001b[0m\u001b[1m\u001b[38;5;12m|\u001b[0m\u001b[0m \u001b[0m\u001b[0m\u001b[1m\u001b[38;5;9m|\u001b[0m\u001b[0m \u001b[0m\u001b[0m        )\u001b[0m\n\u001b[0m    \u001b[0m\u001b[0m\u001b[1m\u001b[38;5;12m|\u001b[0m\u001b[0m \u001b[0m\u001b[0m\u001b[1m\u001b[38;5;9m|_________^\u001b[0m\n\u001b[0m    \u001b[0m\u001b[0m\u001b[1m\u001b[38;5;12m|\u001b[0m\n\u001b[0m    \u001b[0m\u001b[0m\u001b[1m\u001b[38;5;12m= \u001b[0m\u001b[0m\u001b[1mnote\u001b[0m\u001b[0m: this error originates in the macro `$crate::sqlx_macros::expand_query` which comes from the expansion of the macro `sqlx::query_as` (in Nightly builds, run with -Z macro-backtrace for more info)\u001b[0m\n\n"}
{"$message_type":"diagnostic","message":"error returned from database: (code: 14) unable to open database file","code":null,"level":"error","spans":[{"file_name":"/home/shift/.cargo/registry/src/index.crates.io-1949cf8c6b5b557f/sqlx-0.7.4/src/macros/mod.rs","byte_start":16656,"byte_end":16727,"line_start":332,"line_end":332,"column_start":9,"column_end":80,"is_primary":true,"text":[{"text":"        $crate::sqlx_macros::expand_query!(source = $query, args = [$($args)*])","highlight_start":9,"highlight_end":80}],"label":null,"suggested_replacement":null,"suggestion_applicability":null,"expansion":{"span":{"file_name":"/home/shift/.cargo/registry/src/index.crates.io-1949cf8c6b5b557f/sqlx-0.7.4/src/macros/mod.rs","byte_start":16656,"byte_end":16727,"line_start":332,"line_end":332,"column_start":9,"column_end":80,"is_primary":false,"text":[{"text":"        $crate::sqlx_macros::expand_query!(source = $query, args = [$($args)*])","highlight_start":9,"highlight_end":80}],"label":null,"suggested_replacement":null,"suggestion_applicability":null,"expansion":{"span":{"file_name":"src/models.rs","byte_start":4167,"byte_end":4254,"line_start":125,"line_end":128,"column_start":9,"column_end":10,"is_primary":false,"text":[{"text":"        sqlx::query!(","highlight_start":9,"highlight_end":22},{"text":"            \"DELETE FROM configs WHERE id = $1\",","highlight_start":1,"highlight_end":49},{"text":"            id","highlight_start":1,"highlight_end":15},{"text":"        )","highlight_start":1,"highlight_end":10}],"label":null,"suggested_replacement":null,"suggestion_applicability":null,"expansion":null},"macro_decl_name":"sqlx::query!","def_site_span":{"file_name":"/home/shift/.cargo/registry/src/index.crates.io-1949cf8c6b5b557f/sqlx-0.7.4/src/macros/mod.rs","byte_start":15748,"byte_end":15766,"line_start":318,"line_end":318,"column_start":1,"column_end":19,"is_primary":false,"text":[{"text":"macro_rules! query (","highlight_start":1,"highlight_end":19}],"label":null,"suggested_replacement":null,"suggestion_applicability":null,"expansion":null}}},"macro_decl_name":"$crate::sqlx_macros::expand_query!","def_site_span":{"file_name":"/home/shift/.cargo/registry/src/index.crates.io-1949cf8c6b5b557f/sqlx-macros-0.7.4/src/lib.rs","byte_start":89,"byte_end":143,"line_start":8,"line_end":8,"column_start":1,"column_end":55,"is_primary":false,"text":[{"text":"pub fn expand_query(input: TokenStream) -> TokenStream {","highlight_start":1,"highlight_end":55}],"label":null,"suggested_replacement":null,"suggestion_applicability":null,"expansion":null}}}],"children":[],"rendered":"\u001b[0m\u001b[1m\u001b[38;5;9merror\u001b[0m\u001b[0m\u001b[1m: error returned from database: (code: 14) unable to open database file\u001b[0m\n\u001b[0m   \u001b[0m\u001b[0m\u001b[1m\u001b[38;5;12m--> \u001b[0m\u001b[0msrc/models.rs:125:9\u001b[0m\n\u001b[0m    \u001b[0m\u001b[0m\u001b[1m\u001b[38;5;12m|\u001b[0m\n\u001b[0m\u001b[1m\u001b[38;5;12m125\u001b[0m\u001b[0m \u001b[0m\u001b[0m\u001b[1m\u001b[38;5;12m|\u001b[0m\u001b[0m \u001b[0m\u001b[0m\u001b[1m\u001b[38;5;9m/\u001b[0m\u001b[0m \u001b[0m\u001b[0m        sqlx::query!(\u001b[0m\n\u001b[0m\u001b[1m\u001b[38;5;12m126\u001b[0m\u001b[0m \u001b[0m\u001b[0m\u001b[1m\u001b[38;5;12m|\u001b[0m\u001b[0m \u001b[0m\u001b[0m\u001b[1m\u001b[38;5;9m|\u001b[0m\u001b[0m \u001b[0m\u001b[0m            \"DELETE FROM configs WHERE id = $1\",\u001b[0m\n\u001b[0m\u001b[1m\u001b[38;5;12m127\u001b[0m\u001b[0m \u001b[0m\u001b[0m\u001b[1m\u001b[38;5;12m|\u001b[0m\u001b[0m \u001b[0m\u001b[0m\u001b[1m\u001b[38;5;9m|\u001b[0m\u001b[0m \u001b[0m\u001b[0m            id\u001b[0m\n\u001b[0m\u001b[1m\u001b[38;5;12m128\u001b[0m\u001b[0m \u001b[0m\u001b[0m\u001b[1m\u001b[38;5;12m|\u001b[0m\u001b[0m \u001b[0m\u001b[0m\u001b[1m\u001b[38;5;9m|\u001b[0m\u001b[0m \u001b[0m\u001b[0m        )\u001b[0m\n\u001b[0m    \u001b[0m\u001b[0m\u001b[1m\u001b[38;5;12m|\u001b[0m\u001b[0m \u001b[0m\u001b[0m\u001b[1m\u001b[38;5;9m|_________^\u001b[0m\n\u001b[0m    \u001b[0m\u001b[0m\u001b[1m\u001b[38;5;12m|\u001b[0m\n\u001b[0m    \u001b[0m\u001b[0m\u001b[1m\u001b[38;5;12m= \u001b[0m\u001b[0m\u001b[1mnote\u001b[0m\u001b[0m: this error originates in the macro `$crate::sqlx_macros::expand_query` which comes from the expansion of the macro `sqlx::query` (in Nightly builds, run with -Z macro-backtrace for more info)\u001b[0m\n\n"}
{"$message_type":"diagnostic","message":"error returned from database: (code: 14) unable to open database file","code":null,"level":"error","spans":[{"file_name":"/home/shift/.cargo/registry/src/index.crates.io-1949cf8c6b5b557f/sqlx-0.7.4/src/macros/mod.rs","byte_start":26527,"byte_end":26600,"line_start":573,"line_end":573,"column_start":9,"column_end":82,"is_primary":true,"text":[{"text":"        $crate::sqlx_macros::expand_query!(record = $out_struct, source = $query)","highlight_start":9,"highlight_end":82}],"label":null,"suggested_replacement":null,"suggestion_applicability":null,"expansion":{"span":{"file_name":"/home/shift/.cargo/registry/src/index.crates.io-1949cf8c6b5b557f/sqlx-0.7.4/src/macros/mod.rs","byte_start":26527,"byte_end":26600,"line_start":573,"line_end":573,"column_start":9,"column_end":82,"is_primary":false,"text":[{"text":"        $crate::sqlx_macros::expand_query!(record = $out_struct, source = $query)","highlight_start":9,"highlight_end":82}],"label":null,"suggested_replacement":null,"suggestion_applicability":null,"expansion":{"span":{"file_name":"src/models.rs","byte_start":7384,"byte_end":7467,"line_start":217,"line_end":220,"column_start":23,"column_end":10,"is_primary":false,"text":[{"text":"        let records = sqlx::query_as!(","highlight_start":23,"highlight_end":39},{"text":"            Self,","highlight_start":1,"highlight_end":18},{"text":"            \"SELECT * FROM components\"","highlight_start":1,"highlight_end":39},{"text":"        )","highlight_start":1,"highlight_end":10}],"label":null,"suggested_replacement":null,"suggestion_applicability":null,"expansion":null},"macro_decl_name":"sqlx::query_as!","def_site_span":{"file_name":"/home/shift/.cargo/registry/src/index.crates.io-1949cf8c6b5b557f/sqlx-0.7.4/src/macros/mod.rs","byte_start":26452,"byte_end":26473,"line_start":571,"line_end":571,"column_start":1,"column_end":22,"is_primary":false,"text":[{"text":"macro_rules! query_as (","highlight_start":1,"highlight_end":22}],"label":null,"suggested_replacement":null,"suggestion_applicability":null,"expansion":null}}},"macro_decl_name":"$crate::sqlx_macros::expand_query!","def_site_span":{"file_name":"/home/shift/.cargo/registry/src/index.crates.io-1949cf8c6b5b557f/sqlx-macros-0.7.4/src/lib.rs","byte_start":89,"byte_end":143,"line_start":8,"line_end":8,"column_start":1,"column_end":55,"is_primary":false,"text":[{"text":"pub fn expand_query(input: TokenStream) -> TokenStream {","highlight_start":1,"highlight_end":55}],"label":null,"suggested_replacement":null,"suggestion_applicability":null,"expansion":null}}}],"children":[],"rendered":"\u001b[0m\u001b[1m\u001b[38;5;9merror\u001b[0m\u001b[0m\u001b[1m: error returned from database: (code: 14) unable to open database file\u001b[0m\n\u001b[0m   \u001b[0m\u001b[0m\u001b[1m\u001b[38;5;12m--> \u001b[0m\u001b[0msrc/models.rs:217:23\u001b[0m\n\u001b[0m    \u001b[0m\u001b[0m\u001b[1m\u001b[38;5;12m|\u001b[0m\n\u001b[0m\u001b[1m\u001b[38;5;12m217\u001b[0m\u001b[0m \u001b[0m\u001b[0m\u001b[1m\u001b[38;5;12m|\u001b[0m\u001b[0m   \u001b[0m\u001b[0m        let records = sqlx::query_as!(\u001b[0m\n\u001b[0m    \u001b[0m\u001b[0m\u001b[1m\u001b[38;5;12m|\u001b[0m\u001b[0m \u001b[0m\u001b[0m\u001b[1m\u001b[38;5;9m _______________________^\u001b[0m\n\u001b[0m\u001b[1m\u001b[38;5;12m218\u001b[0m\u001b[0m \u001b[0m\u001b[0m\u001b[1m\u001b[38;5;12m|\u001b[0m\u001b[0m \u001b[0m\u001b[0m\u001b[1m\u001b[38;5;9m|\u001b[0m\u001b[0m \u001b[0m\u001b[0m            Self,\u001b[0m\n\u001b[0m\u001b[1m\u001b[38;5;12m219\u001b[0m\u001b[0m \u001b[0m\u001b[0m\u001b[1m\u001b[38;5;12m|\u001b[0m\u001b[0m \u001b[0m\u001b[0m\u001b[1m\u001b[38;5;9m|\u001b[0m\u001b[0m \u001b[0m\u001b[0m            \"SELECT * FROM components\"\u001b[0m\n\u001b[0m\u001b[1m\u001b[38;5;12m220\u001b[0m\u001b[0m \u001b[0m\u001b[0m\u001b[1m\u001b[38;5;12m|\u001b[0m\u001b[0m \u001b[0m\u001b[0m\u001b[1m\u001b[38;5;9m|\u001b[0m\u001b[0m \u001b[0m\u001b[0m        )\u001b[0m\n\u001b[0m    \u001b[0m\u001b[0m\u001b[1m\u001b[38;5;12m|\u001b[0m\u001b[0m \u001b[0m\u001b[0m\u001b[1m\u001b[38;5;9m|_________^\u001b[0m\n\u001b[0m    \u001b[0m\u001b[0m\u001b[1m\u001b[38;5;12m|\u001b[0m\n\u001b[0m    \u001b[0m\u001b[0m\u001b[1m\u001b[38;5;12m= \u001b[0m\u001b[0m\u001b[1mnote\u001b[0m\u001b[0m: this error originates in the macro `$crate::sqlx_macros::expand_query` which comes from the expansion of the macro `sqlx::query_as` (in Nightly builds, run with -Z macro-backtrace for more info)\u001b[0m\n\n"}
{"$message_type":"diagnostic","message":"error returned from database: (code: 14) unable to open database file","code":null,"level":"error","spans":[{"file_name":"/home/shift/.cargo/registry/src/index.crates.io-1949cf8c6b5b557f/sqlx-0.7.4/src/macros/mod.rs","byte_start":26674,"byte_end":26767,"line_start":576,"line_end":576,"column_start":9,"column_end":102,"is_primary":true,"text":[{"text":"        $crate::sqlx_macros::expand_query!(record = $out_struct, source = $query, args = [$($args)*])","highlight_start":9,"highlight_end":102}],"label":null,"suggested_replacement":null,"suggestion_applicability":null,"expansion":{"span":{"file_name":"/home/shift/.cargo/registry/src/index.crates.io-1949cf8c6b5b557f/sqlx-0.7.4/src/macros/mod.rs","byte_start":26674,"byte_end":26767,"line_start":576,"line_end":576,"column_start":9,"column_end":102,"is_primary":false,"text":[{"text":"        $crate::sqlx_macros::expand_query!(record = $out_struct, source = $query, args = [$($args)*])","highlight_start":9,"highlight_end":102}],"label":null,"suggested_replacement":null,"suggestion_applicability":null,"expansion":{"span":{"file_name":"src/models.rs","byte_start":7676,"byte_end":7789,"line_start":228,"line_end":232,"column_start":22,"column_end":10,"is_primary":false,"text":[{"text":"        let record = sqlx::query_as!(","highlight_start":22,"highlight_end":38},{"text":"            Self,","highlight_start":1,"highlight_end":18},{"text":"            \"SELECT * FROM components WHERE id = $1\",","highlight_start":1,"highlight_end":54},{"text":"            id","highlight_start":1,"highlight_end":15},{"text":"        )","highlight_start":1,"highlight_end":10}],"label":null,"suggested_replacement":null,"suggestion_applicability":null,"expansion":null},"macro_decl_name":"sqlx::query_as!","def_site_span":{"file_name":"/home/shift/.cargo/registry/src/index.crates.io-1949cf8c6b5b557f/sqlx-0.7.4/src/macros/mod.rs","byte_start":26452,"byte_end":26473,"line_start":571,"line_end":571,"column_start":1,"column_end":22,"is_primary":false,"text":[{"text":"macro_rules! query_as (","highlight_start":1,"highlight_end":22}],"label":null,"suggested_replacement":null,"suggestion_applicability":null,"expansion":null}}},"macro_decl_name":"$crate::sqlx_macros::expand_query!","def_site_span":{"file_name":"/home/shift/.cargo/registry/src/index.crates.io-1949cf8c6b5b557f/sqlx-macros-0.7.4/src/lib.rs","byte_start":89,"byte_end":143,"line_start":8,"line_end":8,"column_start":1,"column_end":55,"is_primary":false,"text":[{"text":"pub fn expand_query(input: TokenStream) -> TokenStream {","highlight_start":1,"highlight_end":55}],"label":null,"suggested_replacement":null,"suggestion_applicability":null,"expansion":null}}}],"children":[],"rendered":"\u001b[0m\u001b[1m\u001b[38;5;9merror\u001b[0m\u001b[0m\u001b[1m: error returned from database: (code: 14) unable to open database file\u001b[0m\n\u001b[0m   \u001b[0m\u001b[0m\u001b[1m\u001b[38;5;12m--> \u001b[0m\u001b[0msrc/models.rs:228:22\u001b[0m\n\u001b[0m    \u001b[0m\u001b[0m\u001b[1m\u001b[38;5;12m|\u001b[0m\n\u001b[0m\u001b[1m\u001b[38;5;12m228\u001b[0m\u001b[0m \u001b[0m\u001b[0m\u001b[1m\u001b[38;5;12m|\u001b[0m\u001b[0m   \u001b[0m\u001b[0m        let record = sqlx::query_as!(\u001b[0m\n\u001b[0m    \u001b[0m\u001b[0m\u001b[1m\u001b[38;5;12m|\u001b[0m\u001b[0m \u001b[0m\u001b[0m\u001b[1m\u001b[38;5;9m ______________________^\u001b[0m\n\u001b[0m\u001b[1m\u001b[38;5;12m229\u001b[0m\u001b[0m \u001b[0m\u001b[0m\u001b[1m\u001b[38;5;12m|\u001b[0m\u001b[0m \u001b[0m\u001b[0m\u001b[1m\u001b[38;5;9m|\u001b[0m\u001b[0m \u001b[0m\u001b[0m            Self,\u001b[0m\n\u001b[0m\u001b[1m\u001b[38;5;12m230\u001b[0m\u001b[0m \u001b[0m\u001b[0m\u001b[1m\u001b[38;5;12m|\u001b[0m\u001b[0m \u001b[0m\u001b[0m\u001b[1m\u001b[38;5;9m|\u001b[0m\u001b[0m \u001b[0m\u001b[0m            \"SELECT * FROM components WHERE id = $1\",\u001b[0m\n\u001b[0m\u001b[1m\u001b[38;5;12m231\u001b[0m\u001b[0m \u001b[0m\u001b[0m\u001b[1m\u001b[38;5;12m|\u001b[0m\u001b[0m \u001b[0m\u001b[0m\u001b[1m\u001b[38;5;9m|\u001b[0m\u001b[0m \u001b[0m\u001b[0m            id\u001b[0m\n\u001b[0m\u001b[1m\u001b[38;5;12m232\u001b[0m\u001b[0m \u001b[0m\u001b[0m\u001b[1m\u001b[38;5;12m|\u001b[0m\u001b[0m \u001b[0m\u001b[0m\u001b[1m\u001b[38;5;9m|\u001b[0m\u001b[0m \u001b[0m\u001b[0m        )\u001b[0m\n\u001b[0m    \u001b[0m\u001b[0m\u001b[1m\u001b[38;5;12m|\u001b[0m\u001b[0m \u001b[0m\u001b[0m\u001b[1m\u001b[38;5;9m|_________^\u001b[0m\n\u001b[0m    \u001b[0m\u001b[0m\u001b[1m\u001b[38;5;12m|\u001b[0m\n\u001b[0m    \u001b[0m\u001b[0m\u001b[1m\u001b[38;5;12m= \u001b[0m\u001b[0m\u001b[1mnote\u001b[0m\u001b[0m: this error originates in the macro `$crate::sqlx_macros::expand_query` which comes from the expansion of the macro `sqlx::query_as` (in Nightly builds, run with -Z macro-backtrace for more info)\u001b[0m\n\n"}
{"$message_type":"diagnostic","message":"error returned from database: (code: 14) unable to open database file","code":null,"level":"error","spans":[{"file_name":"/home/shift/.cargo/registry/src/index.crates.io-1949cf8c6b5b557f/sqlx-0.7.4/src/macros/mod.rs","byte_start":26527,"byte_end":26600,"line_start":573,"line_end":573,"column_start":9,"column_end":82,"is_primary":true,"text":[{"text":"        $crate::sqlx_macros::expand_query!(record = $out_struct, source = $query)","highlight_start":9,"highlight_end":82}],"label":null,"suggested_replacement":null,"suggestion_applicability":null,"expansion":{"span":{"file_name":"/home/shift/.cargo/registry/src/index.crates.io-1949cf8c6b5b557f/sqlx-0.7.4/src/macros/mod.rs","byte_start":26527,"byte_end":26600,"line_start":573,"line_end":573,"column_start":9,"column_end":82,"is_primary":false,"text":[{"text":"        $crate::sqlx_macros::expand_query!(record = $out_struct, source = $query)","highlight_start":9,"highlight_end":82}],"label":null,"suggested_replacement":null,"suggestion_applicability":null,"expansion":{"span":{"file_name":"src/models.rs","byte_start":8235,"byte_end":8343,"line_start":244,"line_end":247,"column_start":22,"column_end":10,"is_primary":false,"text":[{"text":"        let record = sqlx::query_as!(","highlight_start":22,"highlight_end":38},{"text":"            Self,","highlight_start":1,"highlight_end":18},{"text":"            \"INSERT INTO components DEFAULT VALUES RETURNING *\"","highlight_start":1,"highlight_end":64},{"text":"        )","highlight_start":1,"highlight_end":10}],"label":null,"suggested_replacement":null,"suggestion_applicability":null,"expansion":null},"macro_decl_name":"sqlx::query_as!","def_site_span":{"file_name":"/home/shift/.cargo/registry/src/index.crates.io-1949cf8c6b5b557f/sqlx-0.7.4/src/macros/mod.rs","byte_start":26452,"byte_end":26473,"line_start":571,"line_end":571,"column_start":1,"column_end":22,"is_primary":false,"text":[{"text":"macro_rules! query_as (","highlight_start":1,"highlight_end":22}],"label":null,"suggested_replacement":null,"suggestion_applicability":null,"expansion":null}}},"macro_decl_name":"$crate::sqlx_macros::expand_query!","def_site_span":{"file_name":"/home/shift/.cargo/registry/src/index.crates.io-1949cf8c6b5b557f/sqlx-macros-0.7.4/src/lib.rs","byte_start":89,"byte_end":143,"line_start":8,"line_end":8,"column_start":1,"column_end":55,"is_primary":false,"text":[{"text":"pub fn expand_query(input: TokenStream) -> TokenStream {","highlight_start":1,"highlight_end":55}],"label":null,"suggested_replacement":null,"suggestion_applicability":null,"expansion":null}}}],"children":[],"rendered":"\u001b[0m\u001b[1m\u001b[38;5;9merror\u001b[0m\u001b[0m\u001b[1m: error returned from database: (code: 14) unable to open database file\u001b[0m\n\u001b[0m   \u001b[0m\u001b[0m\u001b[1m\u001b[38;5;12m--> \u001b[0m\u001b[0msrc/models.rs:244:22\u001b[0m\n\u001b[0m    \u001b[0m\u001b[0m\u001b[1m\u001b[38;5;12m|\u001b[0m\n\u001b[0m\u001b[1m\u001b[38;5;12m244\u001b[0m\u001b[0m \u001b[0m\u001b[0m\u001b[1m\u001b[38;5;12m|\u001b[0m\u001b[0m   \u001b[0m\u001b[0m        let record = sqlx::query_as!(\u001b[0m\n\u001b[0m    \u001b[0m\u001b[0m\u001b[1m\u001b[38;5;12m|\u001b[0m\u001b[0m \u001b[0m\u001b[0m\u001b[1m\u001b[38;5;9m ______________________^\u001b[0m\n\u001b[0m\u001b[1m\u001b[38;5;12m245\u001b[0m\u001b[0m \u001b[0m\u001b[0m\u001b[1m\u001b[38;5;12m|\u001b[0m\u001b[0m \u001b[0m\u001b[0m\u001b[1m\u001b[38;5;9m|\u001b[0m\u001b[0m \u001b[0m\u001b[0m            Self,\u001b[0m\n\u001b[0m\u001b[1m\u001b[38;5;12m246\u001b[0m\u001b[0m \u001b[0m\u001b[0m\u001b[1m\u001b[38;5;12m|\u001b[0m\u001b[0m \u001b[0m\u001b[0m\u001b[1m\u001b[38;5;9m|\u001b[0m\u001b[0m \u001b[0m\u001b[0m            \"INSERT INTO components DEFAULT VALUES RETURNING *\"\u001b[0m\n\u001b[0m\u001b[1m\u001b[38;5;12m247\u001b[0m\u001b[0m \u001b[0m\u001b[0m\u001b[1m\u001b[38;5;12m|\u001b[0m\u001b[0m \u001b[0m\u001b[0m\u001b[1m\u001b[38;5;9m|\u001b[0m\u001b[0m \u001b[0m\u001b[0m        )\u001b[0m\n\u001b[0m    \u001b[0m\u001b[0m\u001b[1m\u001b[38;5;12m|\u001b[0m\u001b[0m \u001b[0m\u001b[0m\u001b[1m\u001b[38;5;9m|_________^\u001b[0m\n\u001b[0m    \u001b[0m\u001b[0m\u001b[1m\u001b[38;5;12m|\u001b[0m\n\u001b[0m    \u001b[0m\u001b[0m\u001b[1m\u001b[38;5;12m= \u001b[0m\u001b[0m\u001b[1mnote\u001b[0m\u001b[0m: this error originates in the macro `$crate::sqlx_macros::expand_query` which comes from the expansion of the macro `sqlx::query_as` (in Nightly builds, run with -Z macro-backtrace for more info)\u001b[0m\n\n"}
{"$message_type":"diagnostic","message":"error returned from database: (code: 14) unable to open database file","code":null,"level":"error","spans":[{"file_name":"/home/shift/.cargo/registry/src/index.crates.io-1949cf8c6b5b557f/sqlx-0.7.4/src/macros/mod.rs","byte_start":26674,"byte_end":26767,"line_start":576,"line_end":576,"column_start":9,"column_end":102,"is_primary":true,"text":[{"text":"        $crate::sqlx_macros::expand_query!(record = $out_struct, source = $query, args = [$($args)*])","highlight_start":9,"highlight_end":102}],"label":null,"suggested_replacement":null,"suggestion_applicability":null,"expansion":{"span":{"file_name":"/home/shift/.cargo/registry/src/index.crates.io-1949cf8c6b5b557f/sqlx-0.7.4/src/macros/mod.rs","byte_start":26674,"byte_end":26767,"line_start":576,"line_end":576,"column_start":9,"column_end":102,"is_primary":false,"text":[{"text":"        $crate::sqlx_macros::expand_query!(record = $out_struct, source = $query, args = [$($args)*])","highlight_start":9,"highlight_end":102}],"label":null,"suggested_replacement":null,"suggestion_applicability":null,"expansion":{"span":{"file_name":"src/models.rs","byte_start":8842,"byte_end":8995,"line_start":260,"line_end":264,"column_start":22,"column_end":10,"is_primary":false,"text":[{"text":"        let record = sqlx::query_as!(","highlight_start":22,"highlight_end":38},{"text":"            Self,","highlight_start":1,"highlight_end":18},{"text":"            \"UPDATE components SET updated_at = CURRENT_TIMESTAMP WHERE id = $1 RETURNING *\",","highlight_start":1,"highlight_end":94},{"text":"            id","highlight_start":1,"highlight_end":15},{"text":"        )","highlight_start":1,"highlight_end":10}],"label":null,"suggested_replacement":null,"suggestion_applicability":null,"expansion":null},"macro_decl_name":"sqlx::query_as!","def_site_span":{"file_name":"/home/shift/.cargo/registry/src/index.crates.io-1949cf8c6b5b557f/sqlx-0.7.4/src/macros/mod.rs","byte_start":26452,"byte_end":26473,"line_start":571,"line_end":571,"column_start":1,"column_end":22,"is_primary":false,"text":[{"text":"macro_rules! query_as (","highlight_start":1,"highlight_end":22}],"label":null,"suggested_replacement":null,"suggestion_applicability":null,"expansion":null}}},"macro_decl_name":"$crate::sqlx_macros::expand_query!","def_site_span":{"file_name":"/home/shift/.cargo/registry/src/index.crates.io-1949cf8c6b5b557f/sqlx-macros-0.7.4/src/lib.rs","byte_start":89,"byte_end":143,"line_start":8,"line_end":8,"column_start":1,"column_end":55,"is_primary":false,"text":[{"text":"pub fn expand_query(input: TokenStream) -> TokenStream {","highlight_start":1,"highlight_end":55}],"label":null,"suggested_replacement":null,"suggestion_applicability":null,"expansion":null}}}],"children":[],"rendered":"\u001b[0m\u001b[1m\u001b[38;5;9merror\u001b[0m\u001b[0m\u001b[1m: error returned from database: (code: 14) unable to open database file\u001b[0m\n\u001b[0m   \u001b[0m\u001b[0m\u001b[1m\u001b[38;5;12m--> \u001b[0m\u001b[0msrc/models.rs:260:22\u001b[0m\n\u001b[0m    \u001b[0m\u001b[0m\u001b[1m\u001b[38;5;12m|\u001b[0m\n\u001b[0m\u001b[1m\u001b[38;5;12m260\u001b[0m\u001b[0m \u001b[0m\u001b[0m\u001b[1m\u001b[38;5;12m|\u001b[0m\u001b[0m   \u001b[0m\u001b[0m        let record = sqlx::query_as!(\u001b[0m\n\u001b[0m    \u001b[0m\u001b[0m\u001b[1m\u001b[38;5;12m|\u001b[0m\u001b[0m \u001b[0m\u001b[0m\u001b[1m\u001b[38;5;9m ______________________^\u001b[0m\n\u001b[0m\u001b[1m\u001b[38;5;12m261\u001b[0m\u001b[0m \u001b[0m\u001b[0m\u001b[1m\u001b[38;5;12m|\u001b[0m\u001b[0m \u001b[0m\u001b[0m\u001b[1m\u001b[38;5;9m|\u001b[0m\u001b[0m \u001b[0m\u001b[0m            Self,\u001b[0m\n\u001b[0m\u001b[1m\u001b[38;5;12m262\u001b[0m\u001b[0m \u001b[0m\u001b[0m\u001b[1m\u001b[38;5;12m|\u001b[0m\u001b[0m \u001b[0m\u001b[0m\u001b[1m\u001b[38;5;9m|\u001b[0m\u001b[0m \u001b[0m\u001b[0m            \"UPDATE components SET updated_at = CURRENT_TIMESTAMP WHERE id = $1 RETURNING *\",\u001b[0m\n\u001b[0m\u001b[1m\u001b[38;5;12m263\u001b[0m\u001b[0m \u001b[0m\u001b[0m\u001b[1m\u001b[38;5;12m|\u001b[0m\u001b[0m \u001b[0m\u001b[0m\u001b[1m\u001b[38;5;9m|\u001b[0m\u001b[0m \u001b[0m\u001b[0m            id\u001b[0m\n\u001b[0m\u001b[1m\u001b[38;5;12m264\u001b[0m\u001b[0m \u001b[0m\u001b[0m\u001b[1m\u001b[38;5;12m|\u001b[0m\u001b[0m \u001b[0m\u001b[0m\u001b[1m\u001b[38;5;9m|\u001b[0m\u001b[0m \u001b[0m\u001b[0m        )\u001b[0m\n\u001b[0m    \u001b[0m\u001b[0m\u001b[1m\u001b[38;5;12m|\u001b[0m\u001b[0m \u001b[0m\u001b[0m\u001b[1m\u001b[38;5;9m|_________^\u001b[0m\n\u001b[0m    \u001b[0m\u001b[0m\u001b[1m\u001b[38;5;12m|\u001b[0m\n\u001b[0m    \u001b[0m\u001b[0m\u001b[1m\u001b[38;5;12m= \u001b[0m\u001b[0m\u001b[1mnote\u001b[0m\u001b[0m: this error originates in the macro `$crate::sqlx_macros::expand_query` which comes from the expansion of the macro `sqlx::query_as` (in Nightly builds, run with -Z macro-backtrace for more info)\u001b[0m\n\n"}
{"$message_type":"diagnostic","message":"error returned from database: (code: 14) unable to open database file","code":null,"level":"error","spans":[{"file_name":"/home/shift/.cargo/registry/src/index.crates.io-1949cf8c6b5b557f/sqlx-0.7.4/src/macros/mod.rs","byte_start":16656,"byte_end":16727,"line_start":332,"line_end":332,"column_start":9,"column_end":80,"is_primary":true,"text":[{"text":"        $crate::sqlx_macros::expand_query!(source = $query, args = [$($args)*])","highlight_start":9,"highlight_end":80}],"label":null,"suggested_replacement":null,"suggestion_applicability":null,"expansion":{"span":{"file_name":"/home/shift/.cargo/registry/src/index.crates.io-1949cf8c6b5b557f/sqlx-0.7.4/src/macros/mod.rs","byte_start":16656,"byte_end":16727,"line_start":332,"line_end":332,"column_start":9,"column_end":80,"is_primary":false,"text":[{"text":"        $crate::sqlx_macros::expand_query!(source = $query, args = [$($args)*])","highlight_start":9,"highlight_end":80}],"label":null,"suggested_replacement":null,"suggestion_applicability":null,"expansion":{"span":{"file_name":"src/models.rs","byte_start":9176,"byte_end":9266,"line_start":272,"line_end":275,"column_start":9,"column_end":10,"is_primary":false,"text":[{"text":"        sqlx::query!(","highlight_start":9,"highlight_end":22},{"text":"            \"DELETE FROM components WHERE id = $1\",","highlight_start":1,"highlight_end":52},{"text":"            id","highlight_start":1,"highlight_end":15},{"text":"        )","highlight_start":1,"highlight_end":10}],"label":null,"suggested_replacement":null,"suggestion_applicability":null,"expansion":null},"macro_decl_name":"sqlx::query!","def_site_span":{"file_name":"/home/shift/.cargo/registry/src/index.crates.io-1949cf8c6b5b557f/sqlx-0.7.4/src/macros/mod.rs","byte_start":15748,"byte_end":15766,"line_start":318,"line_end":318,"column_start":1,"column_end":19,"is_primary":false,"text":[{"text":"macro_rules! query (","highlight_start":1,"highlight_end":19}],"label":null,"suggested_replacement":null,"suggestion_applicability":null,"expansion":null}}},"macro_decl_name":"$crate::sqlx_macros::expand_query!","def_site_span":{"file_name":"/home/shift/.cargo/registry/src/index.crates.io-1949cf8c6b5b557f/sqlx-macros-0.7.4/src/lib.rs","byte_start":89,"byte_end":143,"line_start":8,"line_end":8,"column_start":1,"column_end":55,"is_primary":false,"text":[{"text":"pub fn expand_query(input: TokenStream) -> TokenStream {","highlight_start":1,"highlight_end":55}],"label":null,"suggested_replacement":null,"suggestion_applicability":null,"expansion":null}}}],"children":[],"rendered":"\u001b[0m\u001b[1m\u001b[38;5;9merror\u001b[0m\u001b[0m\u001b[1m: error returned from database: (code: 14) unable to open database file\u001b[0m\n\u001b[0m   \u001b[0m\u001b[0m\u001b[1m\u001b[38;5;12m--> \u001b[0m\u001b[0msrc/models.rs:272:9\u001b[0m\n\u001b[0m    \u001b[0m\u001b[0m\u001b[1m\u001b[38;5;12m|\u001b[0m\n\u001b[0m\u001b[1m\u001b[38;5;12m272\u001b[0m\u001b[0m \u001b[0m\u001b[0m\u001b[1m\u001b[38;5;12m|\u001b[0m\u001b[0m \u001b[0m\u001b[0m\u001b[1m\u001b[38;5;9m/\u001b[0m\u001b[0m \u001b[0m\u001b[0m        sqlx::query!(\u001b[0m\n\u001b[0m\u001b[1m\u001b[38;5;12m273\u001b[0m\u001b[0m \u001b[0m\u001b[0m\u001b[1m\u001b[38;5;12m|\u001b[0m\u001b[0m \u001b[0m\u001b[0m\u001b[1m\u001b[38;5;9m|\u001b[0m\u001b[0m \u001b[0m\u001b[0m            \"DELETE FROM components WHERE id = $1\",\u001b[0m\n\u001b[0m\u001b[1m\u001b[38;5;12m274\u001b[0m\u001b[0m \u001b[0m\u001b[0m\u001b[1m\u001b[38;5;12m|\u001b[0m\u001b[0m \u001b[0m\u001b[0m\u001b[1m\u001b[38;5;9m|\u001b[0m\u001b[0m \u001b[0m\u001b[0m            id\u001b[0m\n\u001b[0m\u001b[1m\u001b[38;5;12m275\u001b[0m\u001b[0m \u001b[0m\u001b[0m\u001b[1m\u001b[38;5;12m|\u001b[0m\u001b[0m \u001b[0m\u001b[0m\u001b[1m\u001b[38;5;9m|\u001b[0m\u001b[0m \u001b[0m\u001b[0m        )\u001b[0m\n\u001b[0m    \u001b[0m\u001b[0m\u001b[1m\u001b[38;5;12m|\u001b[0m\u001b[0m \u001b[0m\u001b[0m\u001b[1m\u001b[38;5;9m|_________^\u001b[0m\n\u001b[0m    \u001b[0m\u001b[0m\u001b[1m\u001b[38;5;12m|\u001b[0m\n\u001b[0m    \u001b[0m\u001b[0m\u001b[1m\u001b[38;5;12m= \u001b[0m\u001b[0m\u001b[1mnote\u001b[0m\u001b[0m: this error originates in the macro `$crate::sqlx_macros::expand_query` which comes from the expansion of the macro `sqlx::query` (in Nightly builds, run with -Z macro-backtrace for more info)\u001b[0m\n\n"}
{"$message_type":"diagnostic","message":"error returned from database: (code: 14) unable to open database file","code":null,"level":"error","spans":[{"file_name":"/home/shift/.cargo/registry/src/index.crates.io-1949cf8c6b5b557f/sqlx-0.7.4/src/macros/mod.rs","byte_start":26527,"byte_end":26600,"line_start":573,"line_end":573,"column_start":9,"column_end":82,"is_primary":true,"text":[{"text":"        $crate::sqlx_macros::expand_query!(record = $out_struct, source = $query)","highlight_start":9,"highlight_end":82}],"label":null,"suggested_replacement":null,"suggestion_applicability":null,"expansion":{"span":{"file_name":"/home/shift/.cargo/registry/src/index.crates.io-1949cf8c6b5b557f/sqlx-0.7.4/src/macros/mod.rs","byte_start":26527,"byte_end":26600,"line_start":573,"line_end":573,"column_start":9,"column_end":82,"is_primary":false,"text":[{"text":"        $crate::sqlx_macros::expand_query!(record = $out_struct, source = $query)","highlight_start":9,"highlight_end":82}],"label":null,"suggested_replacement":null,"suggestion_applicability":null,"expansion":{"span":{"file_name":"src/models.rs","byte_start":12181,"byte_end":12262,"line_start":362,"line_end":365,"column_start":23,"column_end":10,"is_primary":false,"text":[{"text":"        let records = sqlx::query_as!(","highlight_start":23,"highlight_end":39},{"text":"            Self,","highlight_start":1,"highlight_end":18},{"text":"            \"SELECT * FROM projects\"","highlight_start":1,"highlight_end":37},{"text":"        )","highlight_start":1,"highlight_end":10}],"label":null,"suggested_replacement":null,"suggestion_applicability":null,"expansion":null},"macro_decl_name":"sqlx::query_as!","def_site_span":{"file_name":"/home/shift/.cargo/registry/src/index.crates.io-1949cf8c6b5b557f/sqlx-0.7.4/src/macros/mod.rs","byte_start":26452,"byte_end":26473,"line_start":571,"line_end":571,"column_start":1,"column_end":22,"is_primary":false,"text":[{"text":"macro_rules! query_as (","highlight_start":1,"highlight_end":22}],"label":null,"suggested_replacement":null,"suggestion_applicability":null,"expansion":null}}},"macro_decl_name":"$crate::sqlx_macros::expand_query!","def_site_span":{"file_name":"/home/shift/.cargo/registry/src/index.crates.io-1949cf8c6b5b557f/sqlx-macros-0.7.4/src/lib.rs","byte_start":89,"byte_end":143,"line_start":8,"line_end":8,"column_start":1,"column_end":55,"is_primary":false,"text":[{"text":"pub fn expand_query(input: TokenStream) -> TokenStream {","highlight_start":1,"highlight_end":55}],"label":null,"suggested_replacement":null,"suggestion_applicability":null,"expansion":null}}}],"children":[],"rendered":"\u001b[0m\u001b[1m\u001b[38;5;9merror\u001b[0m\u001b[0m\u001b[1m: error returned from database: (code: 14) unable to open database file\u001b[0m\n\u001b[0m   \u001b[0m\u001b[0m\u001b[1m\u001b[38;5;12m--> \u001b[0m\u001b[0msrc/models.rs:362:23\u001b[0m\n\u001b[0m    \u001b[0m\u001b[0m\u001b[1m\u001b[38;5;12m|\u001b[0m\n\u001b[0m\u001b[1m\u001b[38;5;12m362\u001b[0m\u001b[0m \u001b[0m\u001b[0m\u001b[1m\u001b[38;5;12m|\u001b[0m\u001b[0m   \u001b[0m\u001b[0m        let records = sqlx::query_as!(\u001b[0m\n\u001b[0m    \u001b[0m\u001b[0m\u001b[1m\u001b[38;5;12m|\u001b[0m\u001b[0m \u001b[0m\u001b[0m\u001b[1m\u001b[38;5;9m _______________________^\u001b[0m\n\u001b[0m\u001b[1m\u001b[38;5;12m363\u001b[0m\u001b[0m \u001b[0m\u001b[0m\u001b[1m\u001b[38;5;12m|\u001b[0m\u001b[0m \u001b[0m\u001b[0m\u001b[1m\u001b[38;5;9m|\u001b[0m\u001b[0m \u001b[0m\u001b[0m            Self,\u001b[0m\n\u001b[0m\u001b[1m\u001b[38;5;12m364\u001b[0m\u001b[0m \u001b[0m\u001b[0m\u001b[1m\u001b[38;5;12m|\u001b[0m\u001b[0m \u001b[0m\u001b[0m\u001b[1m\u001b[38;5;9m|\u001b[0m\u001b[0m \u001b[0m\u001b[0m            \"SELECT * FROM projects\"\u001b[0m\n\u001b[0m\u001b[1m\u001b[38;5;12m365\u001b[0m\u001b[0m \u001b[0m\u001b[0m\u001b[1m\u001b[38;5;12m|\u001b[0m\u001b[0m \u001b[0m\u001b[0m\u001b[1m\u001b[38;5;9m|\u001b[0m\u001b[0m \u001b[0m\u001b[0m        )\u001b[0m\n\u001b[0m    \u001b[0m\u001b[0m\u001b[1m\u001b[38;5;12m|\u001b[0m\u001b[0m \u001b[0m\u001b[0m\u001b[1m\u001b[38;5;9m|_________^\u001b[0m\n\u001b[0m    \u001b[0m\u001b[0m\u001b[1m\u001b[38;5;12m|\u001b[0m\n\u001b[0m    \u001b[0m\u001b[0m\u001b[1m\u001b[38;5;12m= \u001b[0m\u001b[0m\u001b[1mnote\u001b[0m\u001b[0m: this error originates in the macro `$crate::sqlx_macros::expand_query` which comes from the expansion of the macro `sqlx::query_as` (in Nightly builds, run with -Z macro-backtrace for more info)\u001b[0m\n\n"}
{"$message_type":"diagnostic","message":"error returned from database: (code: 14) unable to open database file","code":null,"level":"error","spans":[{"file_name":"/home/shift/.cargo/registry/src/index.crates.io-1949cf8c6b5b557f/sqlx-0.7.4/src/macros/mod.rs","byte_start":26674,"byte_end":26767,"line_start":576,"line_end":576,"column_start":9,"column_end":102,"is_primary":true,"text":[{"text":"        $crate::sqlx_macros::expand_query!(record = $out_struct, source = $query, args = [$($args)*])","highlight_start":9,"highlight_end":102}],"label":null,"suggested_replacement":null,"suggestion_applicability":null,"expansion":{"span":{"file_name":"/home/shift/.cargo/registry/src/index.crates.io-1949cf8c6b5b557f/sqlx-0.7.4/src/macros/mod.rs","byte_start":26674,"byte_end":26767,"line_start":576,"line_end":576,"column_start":9,"column_end":102,"is_primary":false,"text":[{"text":"        $crate::sqlx_macros::expand_query!(record = $out_struct, source = $query, args = [$($args)*])","highlight_start":9,"highlight_end":102}],"label":null,"suggested_replacement":null,"suggestion_applicability":null,"expansion":{"span":{"file_name":"src/models.rs","byte_start":12471,"byte_end":12582,"line_start":373,"line_end":377,"column_start":22,"column_end":10,"is_primary":false,"text":[{"text":"        let record = sqlx::query_as!(","highlight_start":22,"highlight_end":38},{"text":"            Self,","highlight_start":1,"highlight_end":18},{"text":"            \"SELECT * FROM projects WHERE id = $1\",","highlight_start":1,"highlight_end":52},{"text":"            id","highlight_start":1,"highlight_end":15},{"text":"        )","highlight_start":1,"highlight_end":10}],"label":null,"suggested_replacement":null,"suggestion_applicability":null,"expansion":null},"macro_decl_name":"sqlx::query_as!","def_site_span":{"file_name":"/home/shift/.cargo/registry/src/index.crates.io-1949cf8c6b5b557f/sqlx-0.7.4/src/macros/mod.rs","byte_start":26452,"byte_end":26473,"line_start":571,"line_end":571,"column_start":1,"column_end":22,"is_primary":false,"text":[{"text":"macro_rules! query_as (","highlight_start":1,"highlight_end":22}],"label":null,"suggested_replacement":null,"suggestion_applicability":null,"expansion":null}}},"macro_decl_name":"$crate::sqlx_macros::expand_query!","def_site_span":{"file_name":"/home/shift/.cargo/registry/src/index.crates.io-1949cf8c6b5b557f/sqlx-macros-0.7.4/src/lib.rs","byte_start":89,"byte_end":143,"line_start":8,"line_end":8,"column_start":1,"column_end":55,"is_primary":false,"text":[{"text":"pub fn expand_query(input: TokenStream) -> TokenStream {","highlight_start":1,"highlight_end":55}],"label":null,"suggested_replacement":null,"suggestion_applicability":null,"expansion":null}}}],"children":[],"rendered":"\u001b[0m\u001b[1m\u001b[38;5;9merror\u001b[0m\u001b[0m\u001b[1m: error returned from database: (code: 14) unable to open database file\u001b[0m\n\u001b[0m   \u001b[0m\u001b[0m\u001b[1m\u001b[38;5;12m--> \u001b[0m\u001b[0msrc/models.rs:373:22\u001b[0m\n\u001b[0m    \u001b[0m\u001b[0m\u001b[1m\u001b[38;5;12m|\u001b[0m\n\u001b[0m\u001b[1m\u001b[38;5;12m373\u001b[0m\u001b[0m \u001b[0m\u001b[0m\u001b[1m\u001b[38;5;12m|\u001b[0m\u001b[0m   \u001b[0m\u001b[0m        let record = sqlx::query_as!(\u001b[0m\n\u001b[0m    \u001b[0m\u001b[0m\u001b[1m\u001b[38;5;12m|\u001b[0m\u001b[0m \u001b[0m\u001b[0m\u001b[1m\u001b[38;5;9m ______________________^\u001b[0m\n\u001b[0m\u001b[1m\u001b[38;5;12m374\u001b[0m\u001b[0m \u001b[0m\u001b[0m\u001b[1m\u001b[38;5;12m|\u001b[0m\u001b[0m \u001b[0m\u001b[0m\u001b[1m\u001b[38;5;9m|\u001b[0m\u001b[0m \u001b[0m\u001b[0m            Self,\u001b[0m\n\u001b[0m\u001b[1m\u001b[38;5;12m375\u001b[0m\u001b[0m \u001b[0m\u001b[0m\u001b[1m\u001b[38;5;12m|\u001b[0m\u001b[0m \u001b[0m\u001b[0m\u001b[1m\u001b[38;5;9m|\u001b[0m\u001b[0m \u001b[0m\u001b[0m            \"SELECT * FROM projects WHERE id = $1\",\u001b[0m\n\u001b[0m\u001b[1m\u001b[38;5;12m376\u001b[0m\u001b[0m \u001b[0m\u001b[0m\u001b[1m\u001b[38;5;12m|\u001b[0m\u001b[0m \u001b[0m\u001b[0m\u001b[1m\u001b[38;5;9m|\u001b[0m\u001b[0m \u001b[0m\u001b[0m            id\u001b[0m\n\u001b[0m\u001b[1m\u001b[38;5;12m377\u001b[0m\u001b[0m \u001b[0m\u001b[0m\u001b[1m\u001b[38;5;12m|\u001b[0m\u001b[0m \u001b[0m\u001b[0m\u001b[1m\u001b[38;5;9m|\u001b[0m\u001b[0m \u001b[0m\u001b[0m        )\u001b[0m\n\u001b[0m    \u001b[0m\u001b[0m\u001b[1m\u001b[38;5;12m|\u001b[0m\u001b[0m \u001b[0m\u001b[0m\u001b[1m\u001b[38;5;9m|_________^\u001b[0m\n\u001b[0m    \u001b[0m\u001b[0m\u001b[1m\u001b[38;5;12m|\u001b[0m\n\u001b[0m    \u001b[0m\u001b[0m\u001b[1m\u001b[38;5;12m= \u001b[0m\u001b[0m\u001b[1mnote\u001b[0m\u001b[0m: this error originates in the macro `$crate::sqlx_macros::expand_query` which comes from the expansion of the macro `sqlx::query_as` (in Nightly builds, run with -Z macro-backtrace for more info)\u001b[0m\n\n"}
{"$message_type":"diagnostic","message":"error returned from database: (code: 14) unable to open database file","code":null,"level":"error","spans":[{"file_name":"/home/shift/.cargo/registry/src/index.crates.io-1949cf8c6b5b557f/sqlx-0.7.4/src/macros/mod.rs","byte_start":26527,"byte_end":26600,"line_start":573,"line_end":573,"column_start":9,"column_end":82,"is_primary":true,"text":[{"text":"        $crate::sqlx_macros::expand_query!(record = $out_struct, source = $query)","highlight_start":9,"highlight_end":82}],"label":null,"suggested_replacement":null,"suggestion_applicability":null,"expansion":{"span":{"file_name":"/home/shift/.cargo/registry/src/index.crates.io-1949cf8c6b5b557f/sqlx-0.7.4/src/macros/mod.rs","byte_start":26527,"byte_end":26600,"line_start":573,"line_end":573,"column_start":9,"column_end":82,"is_primary":false,"text":[{"text":"        $crate::sqlx_macros::expand_query!(record = $out_struct, source = $query)","highlight_start":9,"highlight_end":82}],"label":null,"suggested_replacement":null,"suggestion_applicability":null,"expansion":{"span":{"file_name":"src/models.rs","byte_start":13027,"byte_end":13133,"line_start":389,"line_end":392,"column_start":22,"column_end":10,"is_primary":false,"text":[{"text":"        let record = sqlx::query_as!(","highlight_start":22,"highlight_end":38},{"text":"            Self,","highlight_start":1,"highlight_end":18},{"text":"            \"INSERT INTO projects DEFAULT VALUES RETURNING *\"","highlight_start":1,"highlight_end":62},{"text":"        )","highlight_start":1,"highlight_end":10}],"label":null,"suggested_replacement":null,"suggestion_applicability":null,"expansion":null},"macro_decl_name":"sqlx::query_as!","def_site_span":{"file_name":"/home/shift/.cargo/registry/src/index.crates.io-1949cf8c6b5b557f/sqlx-0.7.4/src/macros/mod.rs","byte_start":26452,"byte_end":26473,"line_start":571,"line_end":571,"column_start":1,"column_end":22,"is_primary":false,"text":[{"text":"macro_rules! query_as (","highlight_start":1,"highlight_end":22}],"label":null,"suggested_replacement":null,"suggestion_applicability":null,"expansion":null}}},"macro_decl_name":"$crate::sqlx_macros::expand_query!","def_site_span":{"file_name":"/home/shift/.cargo/registry/src/index.crates.io-1949cf8c6b5b557f/sqlx-macros-0.7.4/src/lib.rs","byte_start":89,"byte_end":143,"line_start":8,"line_end":8,"column_start":1,"column_end":55,"is_primary":false,"text":[{"text":"pub fn expand_query(input: TokenStream) -> TokenStream {","highlight_start":1,"highlight_end":55}],"label":null,"suggested_replacement":null,"suggestion_applicability":null,"expansion":null}}}],"children":[],"rendered":"\u001b[0m\u001b[1m\u001b[38;5;9merror\u001b[0m\u001b[0m\u001b[1m: error returned from database: (code: 14) unable to open database file\u001b[0m\n\u001b[0m   \u001b[0m\u001b[0m\u001b[1m\u001b[38;5;12m--> \u001b[0m\u001b[0msrc/models.rs:389:22\u001b[0m\n\u001b[0m    \u001b[0m\u001b[0m\u001b[1m\u001b[38;5;12m|\u001b[0m\n\u001b[0m\u001b[1m\u001b[38;5;12m389\u001b[0m\u001b[0m \u001b[0m\u001b[0m\u001b[1m\u001b[38;5;12m|\u001b[0m\u001b[0m   \u001b[0m\u001b[0m        let record = sqlx::query_as!(\u001b[0m\n\u001b[0m    \u001b[0m\u001b[0m\u001b[1m\u001b[38;5;12m|\u001b[0m\u001b[0m \u001b[0m\u001b[0m\u001b[1m\u001b[38;5;9m ______________________^\u001b[0m\n\u001b[0m\u001b[1m\u001b[38;5;12m390\u001b[0m\u001b[0m \u001b[0m\u001b[0m\u001b[1m\u001b[38;5;12m|\u001b[0m\u001b[0m \u001b[0m\u001b[0m\u001b[1m\u001b[38;5;9m|\u001b[0m\u001b[0m \u001b[0m\u001b[0m            Self,\u001b[0m\n\u001b[0m\u001b[1m\u001b[38;5;12m391\u001b[0m\u001b[0m \u001b[0m\u001b[0m\u001b[1m\u001b[38;5;12m|\u001b[0m\u001b[0m \u001b[0m\u001b[0m\u001b[1m\u001b[38;5;9m|\u001b[0m\u001b[0m \u001b[0m\u001b[0m            \"INSERT INTO projects DEFAULT VALUES RETURNING *\"\u001b[0m\n\u001b[0m\u001b[1m\u001b[38;5;12m392\u001b[0m\u001b[0m \u001b[0m\u001b[0m\u001b[1m\u001b[38;5;12m|\u001b[0m\u001b[0m \u001b[0m\u001b[0m\u001b[1m\u001b[38;5;9m|\u001b[0m\u001b[0m \u001b[0m\u001b[0m        )\u001b[0m\n\u001b[0m    \u001b[0m\u001b[0m\u001b[1m\u001b[38;5;12m|\u001b[0m\u001b[0m \u001b[0m\u001b[0m\u001b[1m\u001b[38;5;9m|_________^\u001b[0m\n\u001b[0m    \u001b[0m\u001b[0m\u001b[1m\u001b[38;5;12m|\u001b[0m\n\u001b[0m    \u001b[0m\u001b[0m\u001b[1m\u001b[38;5;12m= \u001b[0m\u001b[0m\u001b[1mnote\u001b[0m\u001b[0m: this error originates in the macro `$crate::sqlx_macros::expand_query` which comes from the expansion of the macro `sqlx::query_as` (in Nightly builds, run with -Z macro-backtrace for more info)\u001b[0m\n\n"}
{"$message_type":"diagnostic","message":"error returned from database: (code: 14) unable to open database file","code":null,"level":"error","spans":[{"file_name":"/home/shift/.cargo/registry/src/index.crates.io-1949cf8c6b5b557f/sqlx-0.7.4/src/macros/mod.rs","byte_start":26674,"byte_end":26767,"line_start":576,"line_end":576,"column_start":9,"column_end":102,"is_primary":true,"text":[{"text":"        $crate::sqlx_macros::expand_query!(record = $out_struct, source = $query, args = [$($args)*])","highlight_start":9,"highlight_end":102}],"label":null,"suggested_replacement":null,"suggestion_applicability":null,"expansion":{"span":{"file_name":"/home/shift/.cargo/registry/src/index.crates.io-1949cf8c6b5b557f/sqlx-0.7.4/src/macros/mod.rs","byte_start":26674,"byte_end":26767,"line_start":576,"line_end":576,"column_start":9,"column_end":102,"is_primary":false,"text":[{"text":"        $crate::sqlx_macros::expand_query!(record = $out_struct, source = $query, args = [$($args)*])","highlight_start":9,"highlight_end":102}],"label":null,"suggested_replacement":null,"suggestion_applicability":null,"expansion":{"span":{"file_name":"src/models.rs","byte_start":13529,"byte_end":13680,"line_start":403,"line_end":407,"column_start":22,"column_end":10,"is_primary":false,"text":[{"text":"        let record = sqlx::query_as!(","highlight_start":22,"highlight_end":38},{"text":"            Self,","highlight_start":1,"highlight_end":18},{"text":"            \"UPDATE projects SET updated_at = CURRENT_TIMESTAMP WHERE id = $1 RETURNING *\",","highlight_start":1,"highlight_end":92},{"text":"            id","highlight_start":1,"highlight_end":15},{"text":"        )","highlight_start":1,"highlight_end":10}],"label":null,"suggested_replacement":null,"suggestion_applicability":null,"expansion":null},"macro_decl_name":"sqlx::query_as!","def_site_span":{"file_name":"/home/shift/.cargo/registry/src/index.crates.io-1949cf8c6b5b557f/sqlx-0.7.4/src/macros/mod.rs","byte_start":26452,"byte_end":26473,"line_start":571,"line_end":571,"column_start":1,"column_end":22,"is_primary":false,"text":[{"text":"macro_rules! query_as (","highlight_start":1,"highlight_end":22}],"label":null,"suggested_replacement":null,"suggestion_applicability":null,"expansion":null}}},"macro_decl_name":"$crate::sqlx_macros::expand_query!","def_site_span":{"file_name":"/home/shift/.cargo/registry/src/index.crates.io-1949cf8c6b5b557f/sqlx-macros-0.7.4/src/lib.rs","byte_start":89,"byte_end":143,"line_start":8,"line_end":8,"column_start":1,"column_end":55,"is_primary":false,"text":[{"text":"pub fn expand_query(input: TokenStream) -> TokenStream {","highlight_start":1,"highlight_end":55}],"label":null,"suggested_replacement":null,"suggestion_applicability":null,"expansion":null}}}],"children":[],"rendered":"\u001b[0m\u001b[1m\u001b[38;5;9merror\u001b[0m\u001b[0m\u001b[1m: error returned from database: (code: 14) unable to open database file\u001b[0m\n\u001b[0m   \u001b[0m\u001b[0m\u001b[1m\u001b[38;5;12m--> \u001b[0m\u001b[0msrc/models.rs:403:22\u001b[0m\n\u001b[0m    \u001b[0m\u001b[0m\u001b[1m\u001b[38;5;12m|\u001b[0m\n\u001b[0m\u001b[1m\u001b[38;5;12m403\u001b[0m\u001b[0m \u001b[0m\u001b[0m\u001b[1m\u001b[38;5;12m|\u001b[0m\u001b[0m   \u001b[0m\u001b[0m        let record = sqlx::query_as!(\u001b[0m\n\u001b[0m    \u001b[0m\u001b[0m\u001b[1m\u001b[38;5;12m|\u001b[0m\u001b[0m \u001b[0m\u001b[0m\u001b[1m\u001b[38;5;9m ______________________^\u001b[0m\n\u001b[0m\u001b[1m\u001b[38;5;12m404\u001b[0m\u001b[0m \u001b[0m\u001b[0m\u001b[1m\u001b[38;5;12m|\u001b[0m\u001b[0m \u001b[0m\u001b[0m\u001b[1m\u001b[38;5;9m|\u001b[0m\u001b[0m \u001b[0m\u001b[0m            Self,\u001b[0m\n\u001b[0m\u001b[1m\u001b[38;5;12m405\u001b[0m\u001b[0m \u001b[0m\u001b[0m\u001b[1m\u001b[38;5;12m|\u001b[0m\u001b[0m \u001b[0m\u001b[0m\u001b[1m\u001b[38;5;9m|\u001b[0m\u001b[0m \u001b[0m\u001b[0m            \"UPDATE projects SET updated_at = CURRENT_TIMESTAMP WHERE id = $1 RETURNING *\",\u001b[0m\n\u001b[0m\u001b[1m\u001b[38;5;12m406\u001b[0m\u001b[0m \u001b[0m\u001b[0m\u001b[1m\u001b[38;5;12m|\u001b[0m\u001b[0m \u001b[0m\u001b[0m\u001b[1m\u001b[38;5;9m|\u001b[0m\u001b[0m \u001b[0m\u001b[0m            id\u001b[0m\n\u001b[0m\u001b[1m\u001b[38;5;12m407\u001b[0m\u001b[0m \u001b[0m\u001b[0m\u001b[1m\u001b[38;5;12m|\u001b[0m\u001b[0m \u001b[0m\u001b[0m\u001b[1m\u001b[38;5;9m|\u001b[0m\u001b[0m \u001b[0m\u001b[0m        )\u001b[0m\n\u001b[0m    \u001b[0m\u001b[0m\u001b[1m\u001b[38;5;12m|\u001b[0m\u001b[0m \u001b[0m\u001b[0m\u001b[1m\u001b[38;5;9m|_________^\u001b[0m\n\u001b[0m    \u001b[0m\u001b[0m\u001b[1m\u001b[38;5;12m|\u001b[0m\n\u001b[0m    \u001b[0m\u001b[0m\u001b[1m\u001b[38;5;12m= \u001b[0m\u001b[0m\u001b[1mnote\u001b[0m\u001b[0m: this error originates in the macro `$crate::sqlx_macros::expand_query` which comes from the expansion of the macro `sqlx::query_as` (in Nightly builds, run with -Z macro-backtrace for more info)\u001b[0m\n\n"}
{"$message_type":"diagnostic","message":"error returned from database: (code: 14) unable to open database file","code":null,"level":"error","spans":[{"file_name":"/home/shift/.cargo/registry/src/index.crates.io-1949cf8c6b5b557f/sqlx-0.7.4/src/macros/mod.rs","byte_start":16656,"byte_end":16727,"line_start":332,"line_end":332,"column_start":9,"column_end":80,"is_primary":true,"text":[{"text":"        $crate::sqlx_macros::expand_query!(source = $query, args = [$($args)*])","highlight_start":9,"highlight_end":80}],"label":null,"suggested_replacement":null,"suggestion_applicability":null,"expansion":{"span":{"file_name":"/home/shift/.cargo/registry/src/index.crates.io-1949cf8c6b5b557f/sqlx-0.7.4/src/macros/mod.rs","byte_start":16656,"byte_end":16727,"line_start":332,"line_end":332,"column_start":9,"column_end":80,"is_primary":false,"text":[{"text":"        $crate::sqlx_macros::expand_query!(source = $query, args = [$($args)*])","highlight_start":9,"highlight_end":80}],"label":null,"suggested_replacement":null,"suggestion_applicability":null,"expansion":{"span":{"file_name":"src/models.rs","byte_start":14028,"byte_end":14116,"line_start":419,"line_end":422,"column_start":9,"column_end":10,"is_primary":false,"text":[{"text":"        sqlx::query!(","highlight_start":9,"highlight_end":22},{"text":"            \"DELETE FROM projects WHERE id = $1\",","highlight_start":1,"highlight_end":50},{"text":"            id","highlight_start":1,"highlight_end":15},{"text":"        )","highlight_start":1,"highlight_end":10}],"label":null,"suggested_replacement":null,"suggestion_applicability":null,"expansion":null},"macro_decl_name":"sqlx::query!","def_site_span":{"file_name":"/home/shift/.cargo/registry/src/index.crates.io-1949cf8c6b5b557f/sqlx-0.7.4/src/macros/mod.rs","byte_start":15748,"byte_end":15766,"line_start":318,"line_end":318,"column_start":1,"column_end":19,"is_primary":false,"text":[{"text":"macro_rules! query (","highlight_start":1,"highlight_end":19}],"label":null,"suggested_replacement":null,"suggestion_applicability":null,"expansion":null}}},"macro_decl_name":"$crate::sqlx_macros::expand_query!","def_site_span":{"file_name":"/home/shift/.cargo/registry/src/index.crates.io-1949cf8c6b5b557f/sqlx-macros-0.7.4/src/lib.rs","byte_start":89,"byte_end":143,"line_start":8,"line_end":8,"column_start":1,"column_end":55,"is_primary":false,"text":[{"text":"pub fn expand_query(input: TokenStream) -> TokenStream {","highlight_start":1,"highlight_end":55}],"label":null,"suggested_replacement":null,"suggestion_applicability":null,"expansion":null}}}],"children":[],"rendered":"\u001b[0m\u001b[1m\u001b[38;5;9merror\u001b[0m\u001b[0m\u001b[1m: error returned from database: (code: 14) unable to open database file\u001b[0m\n\u001b[0m   \u001b[0m\u001b[0m\u001b[1m\u001b[38;5;12m--> \u001b[0m\u001b[0msrc/models.rs:419:9\u001b[0m\n\u001b[0m    \u001b[0m\u001b[0m\u001b[1m\u001b[38;5;12m|\u001b[0m\n\u001b[0m\u001b[1m\u001b[38;5;12m419\u001b[0m\u001b[0m \u001b[0m\u001b[0m\u001b[1m\u001b[38;5;12m|\u001b[0m\u001b[0m \u001b[0m\u001b[0m\u001b[1m\u001b[38;5;9m/\u001b[0m\u001b[0m \u001b[0m\u001b[0m        sqlx::query!(\u001b[0m\n\u001b[0m\u001b[1m\u001b[38;5;12m420\u001b[0m\u001b[0m \u001b[0m\u001b[0m\u001b[1m\u001b[38;5;12m|\u001b[0m\u001b[0m \u001b[0m\u001b[0m\u001b[1m\u001b[38;5;9m|\u001b[0m\u001b[0m \u001b[0m\u001b[0m            \"DELETE FROM projects WHERE id = $1\",\u001b[0m\n\u001b[0m\u001b[1m\u001b[38;5;12m421\u001b[0m\u001b[0m \u001b[0m\u001b[0m\u001b[1m\u001b[38;5;12m|\u001b[0m\u001b[0m \u001b[0m\u001b[0m\u001b[1m\u001b[38;5;9m|\u001b[0m\u001b[0m \u001b[0m\u001b[0m            id\u001b[0m\n\u001b[0m\u001b[1m\u001b[38;5;12m422\u001b[0m\u001b[0m \u001b[0m\u001b[0m\u001b[1m\u001b[38;5;12m|\u001b[0m\u001b[0m \u001b[0m\u001b[0m\u001b[1m\u001b[38;5;9m|\u001b[0m\u001b[0m \u001b[0m\u001b[0m        )\u001b[0m\n\u001b[0m    \u001b[0m\u001b[0m\u001b[1m\u001b[38;5;12m|\u001b[0m\u001b[0m \u001b[0m\u001b[0m\u001b[1m\u001b[38;5;9m|_________^\u001b[0m\n\u001b[0m    \u001b[0m\u001b[0m\u001b[1m\u001b[38;5;12m|\u001b[0m\n\u001b[0m    \u001b[0m\u001b[0m\u001b[1m\u001b[38;5;12m= \u001b[0m\u001b[0m\u001b[1mnote\u001b[0m\u001b[0m: this error originates in the macro `$crate::sqlx_macros::expand_query` which comes from the expansion of the macro `sqlx::query` (in Nightly builds, run with -Z macro-backtrace for more info)\u001b[0m\n\n"}
{"$message_type":"diagnostic","message":"error returned from database: (code: 14) unable to open database file","code":null,"level":"error","spans":[{"file_name":"/home/shift/.cargo/registry/src/index.crates.io-1949cf8c6b5b557f/sqlx-0.7.4/src/macros/mod.rs","byte_start":26527,"byte_end":26600,"line_start":573,"line_end":573,"column_start":9,"column_end":82,"is_primary":true,"text":[{"text":"        $crate::sqlx_macros::expand_query!(record = $out_struct, source = $query)","highlight_start":9,"highlight_end":82}],"label":null,"suggested_replacement":null,"suggestion_applicability":null,"expansion":{"span":{"file_name":"/home/shift/.cargo/registry/src/index.crates.io-1949cf8c6b5b557f/sqlx-0.7.4/src/macros/mod.rs","byte_start":26527,"byte_end":26600,"line_start":573,"line_end":573,"column_start":9,"column_end":82,"is_primary":false,"text":[{"text":"        $crate::sqlx_macros::expand_query!(record = $out_struct, source = $query)","highlight_start":9,"highlight_end":82}],"label":null,"suggested_replacement":null,"suggestion_applicability":null,"expansion":{"span":{"file_name":"src/models.rs","byte_start":16664,"byte_end":16746,"line_start":498,"line_end":501,"column_start":23,"column_end":10,"is_primary":false,"text":[{"text":"        let records = sqlx::query_as!(","highlight_start":23,"highlight_end":39},{"text":"            Self,","highlight_start":1,"highlight_end":18},{"text":"            \"SELECT * FROM templates\"","highlight_start":1,"highlight_end":38},{"text":"        )","highlight_start":1,"highlight_end":10}],"label":null,"suggested_replacement":null,"suggestion_applicability":null,"expansion":null},"macro_decl_name":"sqlx::query_as!","def_site_span":{"file_name":"/home/shift/.cargo/registry/src/index.crates.io-1949cf8c6b5b557f/sqlx-0.7.4/src/macros/mod.rs","byte_start":26452,"byte_end":26473,"line_start":571,"line_end":571,"column_start":1,"column_end":22,"is_primary":false,"text":[{"text":"macro_rules! query_as (","highlight_start":1,"highlight_end":22}],"label":null,"suggested_replacement":null,"suggestion_applicability":null,"expansion":null}}},"macro_decl_name":"$crate::sqlx_macros::expand_query!","def_site_span":{"file_name":"/home/shift/.cargo/registry/src/index.crates.io-1949cf8c6b5b557f/sqlx-macros-0.7.4/src/lib.rs","byte_start":89,"byte_end":143,"line_start":8,"line_end":8,"column_start":1,"column_end":55,"is_primary":false,"text":[{"text":"pub fn expand_query(input: TokenStream) -> TokenStream {","highlight_start":1,"highlight_end":55}],"label":null,"suggested_replacement":null,"suggestion_applicability":null,"expansion":null}}}],"children":[],"rendered":"\u001b[0m\u001b[1m\u001b[38;5;9merror\u001b[0m\u001b[0m\u001b[1m: error returned from database: (code: 14) unable to open database file\u001b[0m\n\u001b[0m   \u001b[0m\u001b[0m\u001b[1m\u001b[38;5;12m--> \u001b[0m\u001b[0msrc/models.rs:498:23\u001b[0m\n\u001b[0m    \u001b[0m\u001b[0m\u001b[1m\u001b[38;5;12m|\u001b[0m\n\u001b[0m\u001b[1m\u001b[38;5;12m498\u001b[0m\u001b[0m \u001b[0m\u001b[0m\u001b[1m\u001b[38;5;12m|\u001b[0m\u001b[0m   \u001b[0m\u001b[0m        let records = sqlx::query_as!(\u001b[0m\n\u001b[0m    \u001b[0m\u001b[0m\u001b[1m\u001b[38;5;12m|\u001b[0m\u001b[0m \u001b[0m\u001b[0m\u001b[1m\u001b[38;5;9m _______________________^\u001b[0m\n\u001b[0m\u001b[1m\u001b[38;5;12m499\u001b[0m\u001b[0m \u001b[0m\u001b[0m\u001b[1m\u001b[38;5;12m|\u001b[0m\u001b[0m \u001b[0m\u001b[0m\u001b[1m\u001b[38;5;9m|\u001b[0m\u001b[0m \u001b[0m\u001b[0m            Self,\u001b[0m\n\u001b[0m\u001b[1m\u001b[38;5;12m500\u001b[0m\u001b[0m \u001b[0m\u001b[0m\u001b[1m\u001b[38;5;12m|\u001b[0m\u001b[0m \u001b[0m\u001b[0m\u001b[1m\u001b[38;5;9m|\u001b[0m\u001b[0m \u001b[0m\u001b[0m            \"SELECT * FROM templates\"\u001b[0m\n\u001b[0m\u001b[1m\u001b[38;5;12m501\u001b[0m\u001b[0m \u001b[0m\u001b[0m\u001b[1m\u001b[38;5;12m|\u001b[0m\u001b[0m \u001b[0m\u001b[0m\u001b[1m\u001b[38;5;9m|\u001b[0m\u001b[0m \u001b[0m\u001b[0m        )\u001b[0m\n\u001b[0m    \u001b[0m\u001b[0m\u001b[1m\u001b[38;5;12m|\u001b[0m\u001b[0m \u001b[0m\u001b[0m\u001b[1m\u001b[38;5;9m|_________^\u001b[0m\n\u001b[0m    \u001b[0m\u001b[0m\u001b[1m\u001b[38;5;12m|\u001b[0m\n\u001b[0m    \u001b[0m\u001b[0m\u001b[1m\u001b[38;5;12m= \u001b[0m\u001b[0m\u001b[1mnote\u001b[0m\u001b[0m: this error originates in the macro `$crate::sqlx_macros::expand_query` which comes from the expansion of the macro `sqlx::query_as` (in Nightly builds, run with -Z macro-backtrace for more info)\u001b[0m\n\n"}
{"$message_type":"diagnostic","message":"error returned from database: (code: 14) unable to open database file","code":null,"level":"error","spans":[{"file_name":"/home/shift/.cargo/registry/src/index.crates.io-1949cf8c6b5b557f/sqlx-0.7.4/src/macros/mod.rs","byte_start":26674,"byte_end":26767,"line_start":576,"line_end":576,"column_start":9,"column_end":102,"is_primary":true,"text":[{"text":"        $crate::sqlx_macros::expand_query!(record = $out_struct, source = $query, args = [$($args)*])","highlight_start":9,"highlight_end":102}],"label":null,"suggested_replacement":null,"suggestion_applicability":null,"expansion":{"span":{"file_name":"/home/shift/.cargo/registry/src/index.crates.io-1949cf8c6b5b557f/sqlx-0.7.4/src/macros/mod.rs","byte_start":26674,"byte_end":26767,"line_start":576,"line_end":576,"column_start":9,"column_end":102,"is_primary":false,"text":[{"text":"        $crate::sqlx_macros::expand_query!(record = $out_struct, source = $query, args = [$($args)*])","highlight_start":9,"highlight_end":102}],"label":null,"suggested_replacement":null,"suggestion_applicability":null,"expansion":{"span":{"file_name":"src/models.rs","byte_start":16955,"byte_end":17067,"line_start":509,"line_end":513,"column_start":22,"column_end":10,"is_primary":false,"text":[{"text":"        let record = sqlx::query_as!(","highlight_start":22,"highlight_end":38},{"text":"            Self,","highlight_start":1,"highlight_end":18},{"text":"            \"SELECT * FROM templates WHERE id = $1\",","highlight_start":1,"highlight_end":53},{"text":"            id","highlight_start":1,"highlight_end":15},{"text":"        )","highlight_start":1,"highlight_end":10}],"label":null,"suggested_replacement":null,"suggestion_applicability":null,"expansion":null},"macro_decl_name":"sqlx::query_as!","def_site_span":{"file_name":"/home/shift/.cargo/registry/src/index.crates.io-1949cf8c6b5b557f/sqlx-0.7.4/src/macros/mod.rs","byte_start":26452,"byte_end":26473,"line_start":571,"line_end":571,"column_start":1,"column_end":22,"is_primary":false,"text":[{"text":"macro_rules! query_as (","highlight_start":1,"highlight_end":22}],"label":null,"suggested_replacement":null,"suggestion_applicability":null,"expansion":null}}},"macro_decl_name":"$crate::sqlx_macros::expand_query!","def_site_span":{"file_name":"/home/shift/.cargo/registry/src/index.crates.io-1949cf8c6b5b557f/sqlx-macros-0.7.4/src/lib.rs","byte_start":89,"byte_end":143,"line_start":8,"line_end":8,"column_start":1,"column_end":55,"is_primary":false,"text":[{"text":"pub fn expand_query(input: TokenStream) -> TokenStream {","highlight_start":1,"highlight_end":55}],"label":null,"suggested_replacement":null,"suggestion_applicability":null,"expansion":null}}}],"children":[],"rendered":"\u001b[0m\u001b[1m\u001b[38;5;9merror\u001b[0m\u001b[0m\u001b[1m: error returned from database: (code: 14) unable to open database file\u001b[0m\n\u001b[0m   \u001b[0m\u001b[0m\u001b[1m\u001b[38;5;12m--> \u001b[0m\u001b[0msrc/models.rs:509:22\u001b[0m\n\u001b[0m    \u001b[0m\u001b[0m\u001b[1m\u001b[38;5;12m|\u001b[0m\n\u001b[0m\u001b[1m\u001b[38;5;12m509\u001b[0m\u001b[0m \u001b[0m\u001b[0m\u001b[1m\u001b[38;5;12m|\u001b[0m\u001b[0m   \u001b[0m\u001b[0m        let record = sqlx::query_as!(\u001b[0m\n\u001b[0m    \u001b[0m\u001b[0m\u001b[1m\u001b[38;5;12m|\u001b[0m\u001b[0m \u001b[0m\u001b[0m\u001b[1m\u001b[38;5;9m ______________________^\u001b[0m\n\u001b[0m\u001b[1m\u001b[38;5;12m510\u001b[0m\u001b[0m \u001b[0m\u001b[0m\u001b[1m\u001b[38;5;12m|\u001b[0m\u001b[0m \u001b[0m\u001b[0m\u001b[1m\u001b[38;5;9m|\u001b[0m\u001b[0m \u001b[0m\u001b[0m            Self,\u001b[0m\n\u001b[0m\u001b[1m\u001b[38;5;12m511\u001b[0m\u001b[0m \u001b[0m\u001b[0m\u001b[1m\u001b[38;5;12m|\u001b[0m\u001b[0m \u001b[0m\u001b[0m\u001b[1m\u001b[38;5;9m|\u001b[0m\u001b[0m \u001b[0m\u001b[0m            \"SELECT * FROM templates WHERE id = $1\",\u001b[0m\n\u001b[0m\u001b[1m\u001b[38;5;12m512\u001b[0m\u001b[0m \u001b[0m\u001b[0m\u001b[1m\u001b[38;5;12m|\u001b[0m\u001b[0m \u001b[0m\u001b[0m\u001b[1m\u001b[38;5;9m|\u001b[0m\u001b[0m \u001b[0m\u001b[0m            id\u001b[0m\n\u001b[0m\u001b[1m\u001b[38;5;12m513\u001b[0m\u001b[0m \u001b[0m\u001b[0m\u001b[1m\u001b[38;5;12m|\u001b[0m\u001b[0m \u001b[0m\u001b[0m\u001b[1m\u001b[38;5;9m|\u001b[0m\u001b[0m \u001b[0m\u001b[0m        )\u001b[0m\n\u001b[0m    \u001b[0m\u001b[0m\u001b[1m\u001b[38;5;12m|\u001b[0m\u001b[0m \u001b[0m\u001b[0m\u001b[1m\u001b[38;5;9m|_________^\u001b[0m\n\u001b[0m    \u001b[0m\u001b[0m\u001b[1m\u001b[38;5;12m|\u001b[0m\n\u001b[0m    \u001b[0m\u001b[0m\u001b[1m\u001b[38;5;12m= \u001b[0m\u001b[0m\u001b[1mnote\u001b[0m\u001b[0m: this error originates in the macro `$crate::sqlx_macros::expand_query` which comes from the expansion of the macro `sqlx::query_as` (in Nightly builds, run with -Z macro-backtrace for more info)\u001b[0m\n\n"}
{"$message_type":"diagnostic","message":"error returned from database: (code: 14) unable to open database file","code":null,"level":"error","spans":[{"file_name":"/home/shift/.cargo/registry/src/index.crates.io-1949cf8c6b5b557f/sqlx-0.7.4/src/macros/mod.rs","byte_start":26527,"byte_end":26600,"line_start":573,"line_end":573,"column_start":9,"column_end":82,"is_primary":true,"text":[{"text":"        $crate::sqlx_macros::expand_query!(record = $out_struct, source = $query)","highlight_start":9,"highlight_end":82}],"label":null,"suggested_replacement":null,"suggestion_applicability":null,"expansion":{"span":{"file_name":"/home/shift/.cargo/registry/src/index.crates.io-1949cf8c6b5b557f/sqlx-0.7.4/src/macros/mod.rs","byte_start":26527,"byte_end":26600,"line_start":573,"line_end":573,"column_start":9,"column_end":82,"is_primary":false,"text":[{"text":"        $crate::sqlx_macros::expand_query!(record = $out_struct, source = $query)","highlight_start":9,"highlight_end":82}],"label":null,"suggested_replacement":null,"suggestion_applicability":null,"expansion":{"span":{"file_name":"src/models.rs","byte_start":17512,"byte_end":17619,"line_start":525,"line_end":528,"column_start":22,"column_end":10,"is_primary":false,"text":[{"text":"        let record = sqlx::query_as!(","highlight_start":22,"highlight_end":38},{"text":"            Self,","highlight_start":1,"highlight_end":18},{"text":"            \"INSERT INTO templates DEFAULT VALUES RETURNING *\"","highlight_start":1,"highlight_end":63},{"text":"        )","highlight_start":1,"highlight_end":10}],"label":null,"suggested_replacement":null,"suggestion_applicability":null,"expansion":null},"macro_decl_name":"sqlx::query_as!","def_site_span":{"file_name":"/home/shift/.cargo/registry/src/index.crates.io-1949cf8c6b5b557f/sqlx-0.7.4/src/macros/mod.rs","byte_start":26452,"byte_end":26473,"line_start":571,"line_end":571,"column_start":1,"column_end":22,"is_primary":false,"text":[{"text":"macro_rules! query_as (","highlight_start":1,"highlight_end":22}],"label":null,"suggested_replacement":null,"suggestion_applicability":null,"expansion":null}}},"macro_decl_name":"$crate::sqlx_macros::expand_query!","def_site_span":{"file_name":"/home/shift/.cargo/registry/src/index.crates.io-1949cf8c6b5b557f/sqlx-macros-0.7.4/src/lib.rs","byte_start":89,"byte_end":143,"line_start":8,"line_end":8,"column_start":1,"column_end":55,"is_primary":false,"text":[{"text":"pub fn expand_query(input: TokenStream) -> TokenStream {","highlight_start":1,"highlight_end":55}],"label":null,"suggested_replacement":null,"suggestion_applicability":null,"expansion":null}}}],"children":[],"rendered":"\u001b[0m\u001b[1m\u001b[38;5;9merror\u001b[0m\u001b[0m\u001b[1m: error returned from database: (code: 14) unable to open database file\u001b[0m\n\u001b[0m   \u001b[0m\u001b[0m\u001b[1m\u001b[38;5;12m--> \u001b[0m\u001b[0msrc/models.rs:525:22\u001b[0m\n\u001b[0m    \u001b[0m\u001b[0m\u001b[1m\u001b[38;5;12m|\u001b[0m\n\u001b[0m\u001b[1m\u001b[38;5;12m525\u001b[0m\u001b[0m \u001b[0m\u001b[0m\u001b[1m\u001b[38;5;12m|\u001b[0m\u001b[0m   \u001b[0m\u001b[0m        let record = sqlx::query_as!(\u001b[0m\n\u001b[0m    \u001b[0m\u001b[0m\u001b[1m\u001b[38;5;12m|\u001b[0m\u001b[0m \u001b[0m\u001b[0m\u001b[1m\u001b[38;5;9m ______________________^\u001b[0m\n\u001b[0m\u001b[1m\u001b[38;5;12m526\u001b[0m\u001b[0m \u001b[0m\u001b[0m\u001b[1m\u001b[38;5;12m|\u001b[0m\u001b[0m \u001b[0m\u001b[0m\u001b[1m\u001b[38;5;9m|\u001b[0m\u001b[0m \u001b[0m\u001b[0m            Self,\u001b[0m\n\u001b[0m\u001b[1m\u001b[38;5;12m527\u001b[0m\u001b[0m \u001b[0m\u001b[0m\u001b[1m\u001b[38;5;12m|\u001b[0m\u001b[0m \u001b[0m\u001b[0m\u001b[1m\u001b[38;5;9m|\u001b[0m\u001b[0m \u001b[0m\u001b[0m            \"INSERT INTO templates DEFAULT VALUES RETURNING *\"\u001b[0m\n\u001b[0m\u001b[1m\u001b[38;5;12m528\u001b[0m\u001b[0m \u001b[0m\u001b[0m\u001b[1m\u001b[38;5;12m|\u001b[0m\u001b[0m \u001b[0m\u001b[0m\u001b[1m\u001b[38;5;9m|\u001b[0m\u001b[0m \u001b[0m\u001b[0m        )\u001b[0m\n\u001b[0m    \u001b[0m\u001b[0m\u001b[1m\u001b[38;5;12m|\u001b[0m\u001b[0m \u001b[0m\u001b[0m\u001b[1m\u001b[38;5;9m|_________^\u001b[0m\n\u001b[0m    \u001b[0m\u001b[0m\u001b[1m\u001b[38;5;12m|\u001b[0m\n\u001b[0m    \u001b[0m\u001b[0m\u001b[1m\u001b[38;5;12m= \u001b[0m\u001b[0m\u001b[1mnote\u001b[0m\u001b[0m: this error originates in the macro `$crate::sqlx_macros::expand_query` which comes from the expansion of the macro `sqlx::query_as` (in Nightly builds, run with -Z macro-backtrace for more info)\u001b[0m\n\n"}
{"$message_type":"diagnostic","message":"error returned from database: (code: 14) unable to open database file","code":null,"level":"error","spans":[{"file_name":"/home/shift/.cargo/registry/src/index.crates.io-1949cf8c6b5b557f/sqlx-0.7.4/src/macros/mod.rs","byte_start":26674,"byte_end":26767,"line_start":576,"line_end":576,"column_start":9,"column_end":102,"is_primary":true,"text":[{"text":"        $crate::sqlx_macros::expand_query!(record = $out_struct, source = $query, args = [$($args)*])","highlight_start":9,"highlight_end":102}],"label":null,"suggested_replacement":null,"suggestion_applicability":null,"expansion":{"span":{"file_name":"/home/shift/.cargo/registry/src/index.crates.io-1949cf8c6b5b557f/sqlx-0.7.4/src/macros/mod.rs","byte_start":26674,"byte_end":26767,"line_start":576,"line_end":576,"column_start":9,"column_end":102,"is_primary":false,"text":[{"text":"        $crate::sqlx_macros::expand_query!(record = $out_struct, source = $query, args = [$($args)*])","highlight_start":9,"highlight_end":102}],"label":null,"suggested_replacement":null,"suggestion_applicability":null,"expansion":{"span":{"file_name":"src/models.rs","byte_start":18032,"byte_end":18184,"line_start":539,"line_end":543,"column_start":22,"column_end":10,"is_primary":false,"text":[{"text":"        let record = sqlx::query_as!(","highlight_start":22,"highlight_end":38},{"text":"            Self,","highlight_start":1,"highlight_end":18},{"text":"            \"UPDATE templates SET updated_at = CURRENT_TIMESTAMP WHERE id = $1 RETURNING *\",","highlight_start":1,"highlight_end":93},{"text":"            id","highlight_start":1,"highlight_end":15},{"text":"        )","highlight_start":1,"highlight_end":10}],"label":null,"suggested_replacement":null,"suggestion_applicability":null,"expansion":null},"macro_decl_name":"sqlx::query_as!","def_site_span":{"file_name":"/home/shift/.cargo/registry/src/index.crates.io-1949cf8c6b5b557f/sqlx-0.7.4/src/macros/mod.rs","byte_start":26452,"byte_end":26473,"line_start":571,"line_end":571,"column_start":1,"column_end":22,"is_primary":false,"text":[{"text":"macro_rules! query_as (","highlight_start":1,"highlight_end":22}],"label":null,"suggested_replacement":null,"suggestion_applicability":null,"expansion":null}}},"macro_decl_name":"$crate::sqlx_macros::expand_query!","def_site_span":{"file_name":"/home/shift/.cargo/registry/src/index.crates.io-1949cf8c6b5b557f/sqlx-macros-0.7.4/src/lib.rs","byte_start":89,"byte_end":143,"line_start":8,"line_end":8,"column_start":1,"column_end":55,"is_primary":false,"text":[{"text":"pub fn expand_query(input: TokenStream) -> TokenStream {","highlight_start":1,"highlight_end":55}],"label":null,"suggested_replacement":null,"suggestion_applicability":null,"expansion":null}}}],"children":[],"rendered":"\u001b[0m\u001b[1m\u001b[38;5;9merror\u001b[0m\u001b[0m\u001b[1m: error returned from database: (code: 14) unable to open database file\u001b[0m\n\u001b[0m   \u001b[0m\u001b[0m\u001b[1m\u001b[38;5;12m--> \u001b[0m\u001b[0msrc/models.rs:539:22\u001b[0m\n\u001b[0m    \u001b[0m\u001b[0m\u001b[1m\u001b[38;5;12m|\u001b[0m\n\u001b[0m\u001b[1m\u001b[38;5;12m539\u001b[0m\u001b[0m \u001b[0m\u001b[0m\u001b[1m\u001b[38;5;12m|\u001b[0m\u001b[0m   \u001b[0m\u001b[0m        let record = sqlx::query_as!(\u001b[0m\n\u001b[0m    \u001b[0m\u001b[0m\u001b[1m\u001b[38;5;12m|\u001b[0m\u001b[0m \u001b[0m\u001b[0m\u001b[1m\u001b[38;5;9m ______________________^\u001b[0m\n\u001b[0m\u001b[1m\u001b[38;5;12m540\u001b[0m\u001b[0m \u001b[0m\u001b[0m\u001b[1m\u001b[38;5;12m|\u001b[0m\u001b[0m \u001b[0m\u001b[0m\u001b[1m\u001b[38;5;9m|\u001b[0m\u001b[0m \u001b[0m\u001b[0m            Self,\u001b[0m\n\u001b[0m\u001b[1m\u001b[38;5;12m541\u001b[0m\u001b[0m \u001b[0m\u001b[0m\u001b[1m\u001b[38;5;12m|\u001b[0m\u001b[0m \u001b[0m\u001b[0m\u001b[1m\u001b[38;5;9m|\u001b[0m\u001b[0m \u001b[0m\u001b[0m            \"UPDATE templates SET updated_at = CURRENT_TIMESTAMP WHERE id = $1 RETURNING *\",\u001b[0m\n\u001b[0m\u001b[1m\u001b[38;5;12m542\u001b[0m\u001b[0m \u001b[0m\u001b[0m\u001b[1m\u001b[38;5;12m|\u001b[0m\u001b[0m \u001b[0m\u001b[0m\u001b[1m\u001b[38;5;9m|\u001b[0m\u001b[0m \u001b[0m\u001b[0m            id\u001b[0m\n\u001b[0m\u001b[1m\u001b[38;5;12m543\u001b[0m\u001b[0m \u001b[0m\u001b[0m\u001b[1m\u001b[38;5;12m|\u001b[0m\u001b[0m \u001b[0m\u001b[0m\u001b[1m\u001b[38;5;9m|\u001b[0m\u001b[0m \u001b[0m\u001b[0m        )\u001b[0m\n\u001b[0m    \u001b[0m\u001b[0m\u001b[1m\u001b[38;5;12m|\u001b[0m\u001b[0m \u001b[0m\u001b[0m\u001b[1m\u001b[38;5;9m|_________^\u001b[0m\n\u001b[0m    \u001b[0m\u001b[0m\u001b[1m\u001b[38;5;12m|\u001b[0m\n\u001b[0m    \u001b[0m\u001b[0m\u001b[1m\u001b[38;5;12m= \u001b[0m\u001b[0m\u001b[1mnote\u001b[0m\u001b[0m: this error originates in the macro `$crate::sqlx_macros::expand_query` which comes from the expansion of the macro `sqlx::query_as` (in Nightly builds, run with -Z macro-backtrace for more info)\u001b[0m\n\n"}
{"$message_type":"diagnostic","message":"error returned from database: (code: 14) unable to open database file","code":null,"level":"error","spans":[{"file_name":"/home/shift/.cargo/registry/src/index.crates.io-1949cf8c6b5b557f/sqlx-0.7.4/src/macros/mod.rs","byte_start":16656,"byte_end":16727,"line_start":332,"line_end":332,"column_start":9,"column_end":80,"is_primary":true,"text":[{"text":"        $crate::sqlx_macros::expand_query!(source = $query, args = [$($args)*])","highlight_start":9,"highlight_end":80}],"label":null,"suggested_replacement":null,"suggestion_applicability":null,"expansion":{"span":{"file_name":"/home/shift/.cargo/registry/src/index.crates.io-1949cf8c6b5b557f/sqlx-0.7.4/src/macros/mod.rs","byte_start":16656,"byte_end":16727,"line_start":332,"line_end":332,"column_start":9,"column_end":80,"is_primary":false,"text":[{"text":"        $crate::sqlx_macros::expand_query!(source = $query, args = [$($args)*])","highlight_start":9,"highlight_end":80}],"label":null,"suggested_replacement":null,"suggestion_applicability":null,"expansion":{"span":{"file_name":"src/models.rs","byte_start":18365,"byte_end":18454,"line_start":551,"line_end":554,"column_start":9,"column_end":10,"is_primary":false,"text":[{"text":"        sqlx::query!(","highlight_start":9,"highlight_end":22},{"text":"            \"DELETE FROM templates WHERE id = $1\",","highlight_start":1,"highlight_end":51},{"text":"            id","highlight_start":1,"highlight_end":15},{"text":"        )","highlight_start":1,"highlight_end":10}],"label":null,"suggested_replacement":null,"suggestion_applicability":null,"expansion":null},"macro_decl_name":"sqlx::query!","def_site_span":{"file_name":"/home/shift/.cargo/registry/src/index.crates.io-1949cf8c6b5b557f/sqlx-0.7.4/src/macros/mod.rs","byte_start":15748,"byte_end":15766,"line_start":318,"line_end":318,"column_start":1,"column_end":19,"is_primary":false,"text":[{"text":"macro_rules! query (","highlight_start":1,"highlight_end":19}],"label":null,"suggested_replacement":null,"suggestion_applicability":null,"expansion":null}}},"macro_decl_name":"$crate::sqlx_macros::expand_query!","def_site_span":{"file_name":"/home/shift/.cargo/registry/src/index.crates.io-1949cf8c6b5b557f/sqlx-macros-0.7.4/src/lib.rs","byte_start":89,"byte_end":143,"line_start":8,"line_end":8,"column_start":1,"column_end":55,"is_primary":false,"text":[{"text":"pub fn expand_query(input: TokenStream) -> TokenStream {","highlight_start":1,"highlight_end":55}],"label":null,"suggested_replacement":null,"suggestion_applicability":null,"expansion":null}}}],"children":[],"rendered":"\u001b[0m\u001b[1m\u001b[38;5;9merror\u001b[0m\u001b[0m\u001b[1m: error returned from database: (code: 14) unable to open database file\u001b[0m\n\u001b[0m   \u001b[0m\u001b[0m\u001b[1m\u001b[38;5;12m--> \u001b[0m\u001b[0msrc/models.rs:551:9\u001b[0m\n\u001b[0m    \u001b[0m\u001b[0m\u001b[1m\u001b[38;5;12m|\u001b[0m\n\u001b[0m\u001b[1m\u001b[38;5;12m551\u001b[0m\u001b[0m \u001b[0m\u001b[0m\u001b[1m\u001b[38;5;12m|\u001b[0m\u001b[0m \u001b[0m\u001b[0m\u001b[1m\u001b[38;5;9m/\u001b[0m\u001b[0m \u001b[0m\u001b[0m        sqlx::query!(\u001b[0m\n\u001b[0m\u001b[1m\u001b[38;5;12m552\u001b[0m\u001b[0m \u001b[0m\u001b[0m\u001b[1m\u001b[38;5;12m|\u001b[0m\u001b[0m \u001b[0m\u001b[0m\u001b[1m\u001b[38;5;9m|\u001b[0m\u001b[0m \u001b[0m\u001b[0m            \"DELETE FROM templates WHERE id = $1\",\u001b[0m\n\u001b[0m\u001b[1m\u001b[38;5;12m553\u001b[0m\u001b[0m \u001b[0m\u001b[0m\u001b[1m\u001b[38;5;12m|\u001b[0m\u001b[0m \u001b[0m\u001b[0m\u001b[1m\u001b[38;5;9m|\u001b[0m\u001b[0m \u001b[0m\u001b[0m            id\u001b[0m\n\u001b[0m\u001b[1m\u001b[38;5;12m554\u001b[0m\u001b[0m \u001b[0m\u001b[0m\u001b[1m\u001b[38;5;12m|\u001b[0m\u001b[0m \u001b[0m\u001b[0m\u001b[1m\u001b[38;5;9m|\u001b[0m\u001b[0m \u001b[0m\u001b[0m        )\u001b[0m\n\u001b[0m    \u001b[0m\u001b[0m\u001b[1m\u001b[38;5;12m|\u001b[0m\u001b[0m \u001b[0m\u001b[0m\u001b[1m\u001b[38;5;9m|_________^\u001b[0m\n\u001b[0m    \u001b[0m\u001b[0m\u001b[1m\u001b[38;5;12m|\u001b[0m\n\u001b[0m    \u001b[0m\u001b[0m\u001b[1m\u001b[38;5;12m= \u001b[0m\u001b[0m\u001b[1mnote\u001b[0m\u001b[0m: this error originates in the macro `$crate::sqlx_macros::expand_query` which comes from the expansion of the macro `sqlx::query` (in Nightly builds, run with -Z macro-backtrace for more info)\u001b[0m\n\n"}
{"$message_type":"diagnostic","message":"failed to resolve: could not find `SqlitePoolOptions` in `sqlx`","code":{"code":"E0433","explanation":"An undeclared crate, module, or type was used.\n\nErroneous code example:\n\n```compile_fail,E0433\nlet map = HashMap::new();\n// error: failed to resolve: use of undeclared type `HashMap`\n```\n\nPlease verify you didn't misspell the type/module's name or that you didn't\nforget to import it:\n\n```\nuse std::collections::HashMap; // HashMap has been imported.\nlet map: HashMap<u32, u32> = HashMap::new(); // So it can be used!\n```\n\nIf you've expected to use a crate name:\n\n```compile_fail\nuse ferris_wheel::BigO;\n// error: failed to resolve: use of undeclared module or unlinked crate\n```\n\nMake sure the crate has been added as a dependency in `Cargo.toml`.\n\nTo use a module from your current crate, add the `crate::` prefix to the path.\n"},"level":"error","spans":[{"file_name":"src/database.rs","byte_start":165,"byte_end":182,"line_start":5,"line_end":5,"column_start":22,"column_end":39,"is_primary":true,"text":[{"text":"    let pool = sqlx::SqlitePoolOptions::new()","highlight_start":22,"highlight_end":39}],"label":"could not find `SqlitePoolOptions` in `sqlx`","suggested_replacement":null,"suggestion_applicability":null,"expansion":null}],"children":[],"rendered":"\u001b[0m\u001b[1m\u001b[38;5;9merror[E0433]\u001b[0m\u001b[0m\u001b[1m: failed to resolve: could not find `SqlitePoolOptions` in `sqlx`\u001b[0m\n\u001b[0m \u001b[0m\u001b[0m\u001b[1m\u001b[38;5;12m--> \u001b[0m\u001b[0msrc/database.rs:5:22\u001b[0m\n\u001b[0m  \u001b[0m\u001b[0m\u001b[1m\u001b[38;5;12m|\u001b[0m\n\u001b[0m\u001b[1m\u001b[38;5;12m5\u001b[0m\u001b[0m \u001b[0m\u001b[0m\u001b[1m\u001b[38;5;12m|\u001b[0m\u001b[0m \u001b[0m\u001b[0m    let pool = sqlx::SqlitePoolOptions::new()\u001b[0m\n\u001b[0m  \u001b[0m\u001b[0m\u001b[1m\u001b[38;5;12m|\u001b[0m\u001b[0m                      \u001b[0m\u001b[0m\u001b[1m\u001b[38;5;9m^^^^^^^^^^^^^^^^^\u001b[0m\u001b[0m \u001b[0m\u001b[0m\u001b[1m\u001b[38;5;9mcould not find `SqlitePoolOptions` in `sqlx`\u001b[0m\n\n"}
{"$message_type":"diagnostic","message":"cannot find type `Entity` in this scope","code":{"code":"E0412","explanation":"A used type name is not in scope.\n\nErroneous code examples:\n\n```compile_fail,E0412\nimpl Something {} // error: type name `Something` is not in scope\n\n// or:\n\ntrait Foo {\n    fn bar(N); // error: type name `N` is not in scope\n}\n\n// or:\n\nfn foo(x: T) {} // type name `T` is not in scope\n```\n\nTo fix this error, please verify you didn't misspell the type name, you did\ndeclare it or imported it into the scope. Examples:\n\n```\nstruct Something;\n\nimpl Something {} // ok!\n\n// or:\n\ntrait Foo {\n    type N;\n\n    fn bar(_: Self::N); // ok!\n}\n\n// or:\n\nfn foo<T>(x: T) {} // ok!\n```\n\nAnother case that causes this error is when a type is imported into a parent\nmodule. To fix this, you can follow the suggestion and use File directly or\n`use super::File;` which will import the types from the parent namespace. An\nexample that causes this error is below:\n\n```compile_fail,E0412\nuse std::fs::File;\n\nmod foo {\n    fn some_function(f: File) {}\n}\n```\n\n```\nuse std::fs::File;\n\nmod foo {\n    // either\n    use super::File;\n    // or\n    // use std::fs::File;\n    fn foo(f: File) {}\n}\n# fn main() {} // don't insert it for us; that'll break imports\n```\n"},"level":"error","spans":[{"file_name":"src/models.rs","byte_start":932,"byte_end":938,"line_start":32,"line_end":32,"column_start":47,"column_end":53,"is_primary":true,"text":[{"text":"        async fn after_create(&self, entity: &Entity) -> Result<(), HookError> {","highlight_start":47,"highlight_end":53}],"label":"not found in this scope","suggested_replacement":null,"suggestion_applicability":null,"expansion":null}],"children":[],"rendered":"\u001b[0m\u001b[1m\u001b[38;5;9merror[E0412]\u001b[0m\u001b[0m\u001b[1m: cannot find type `Entity` in this scope\u001b[0m\n\u001b[0m  \u001b[0m\u001b[0m\u001b[1m\u001b[38;5;12m--> \u001b[0m\u001b[0msrc/models.rs:32:47\u001b[0m\n\u001b[0m   \u001b[0m\u001b[0m\u001b[1m\u001b[38;5;12m|\u001b[0m\n\u001b[0m\u001b[1m\u001b[38;5;12m32\u001b[0m\u001b[0m \u001b[0m\u001b[0m\u001b[1m\u001b[38;5;12m|\u001b[0m\u001b[0m \u001b[0m\u001b[0m        async fn after_create(&self, entity: &Entity) -> Result<(), HookError> {\u001b[0m\n\u001b[0m   \u001b[0m\u001b[0m\u001b[1m\u001b[38;5;12m|\u001b[0m\u001b[0m                                               \u001b[0m\u001b[0m\u001b[1m\u001b[38;5;9m^^^^^^\u001b[0m\u001b[0m \u001b[0m\u001b[0m\u001b[1m\u001b[38;5;9mnot found in this scope\u001b[0m\n\n"}
{"$message_type":"diagnostic","message":"cannot find type `HookError` in this scope","code":{"code":"E0412","explanation":"A used type name is not in scope.\n\nErroneous code examples:\n\n```compile_fail,E0412\nimpl Something {} // error: type name `Something` is not in scope\n\n// or:\n\ntrait Foo {\n    fn bar(N); // error: type name `N` is not in scope\n}\n\n// or:\n\nfn foo(x: T) {} // type name `T` is not in scope\n```\n\nTo fix this error, please verify you didn't misspell the type name, you did\ndeclare it or imported it into the scope. Examples:\n\n```\nstruct Something;\n\nimpl Something {} // ok!\n\n// or:\n\ntrait Foo {\n    type N;\n\n    fn bar(_: Self::N); // ok!\n}\n\n// or:\n\nfn foo<T>(x: T) {} // ok!\n```\n\nAnother case that causes this error is when a type is imported into a parent\nmodule. To fix this, you can follow the suggestion and use File directly or\n`use super::File;` which will import the types from the parent namespace. An\nexample that causes this error is below:\n\n```compile_fail,E0412\nuse std::fs::File;\n\nmod foo {\n    fn some_function(f: File) {}\n}\n```\n\n```\nuse std::fs::File;\n\nmod foo {\n    // either\n    use super::File;\n    // or\n    // use std::fs::File;\n    fn foo(f: File) {}\n}\n# fn main() {} // don't insert it for us; that'll break imports\n```\n"},"level":"error","spans":[{"file_name":"src/models.rs","byte_start":954,"byte_end":963,"line_start":32,"line_end":32,"column_start":69,"column_end":78,"is_primary":true,"text":[{"text":"        async fn after_create(&self, entity: &Entity) -> Result<(), HookError> {","highlight_start":69,"highlight_end":78}],"label":"not found in this scope","suggested_replacement":null,"suggestion_applicability":null,"expansion":null}],"children":[{"message":"you might be missing a type parameter","code":null,"level":"help","spans":[{"file_name":"src/models.rs","byte_start":883,"byte_end":883,"line_start":31,"line_end":31,"column_start":22,"column_end":22,"is_primary":true,"text":[{"text":"pub trait ConfigHooks {","highlight_start":22,"highlight_end":22}],"label":null,"suggested_replacement":"<HookError>","suggestion_applicability":"MaybeIncorrect","expansion":null}],"children":[],"rendered":null}],"rendered":"\u001b[0m\u001b[1m\u001b[38;5;9merror[E0412]\u001b[0m\u001b[0m\u001b[1m: cannot find type `HookError` in this scope\u001b[0m\n\u001b[0m  \u001b[0m\u001b[0m\u001b[1m\u001b[38;5;12m--> \u001b[0m\u001b[0msrc/models.rs:32:69\u001b[0m\n\u001b[0m   \u001b[0m\u001b[0m\u001b[1m\u001b[38;5;12m|\u001b[0m\n\u001b[0m\u001b[1m\u001b[38;5;12m32\u001b[0m\u001b[0m \u001b[0m\u001b[0m\u001b[1m\u001b[38;5;12m|\u001b[0m\u001b[0m \u001b[0m\u001b[0m        async fn after_create(&self, entity: &Entity) -> Result<(), HookError> {\u001b[0m\n\u001b[0m   \u001b[0m\u001b[0m\u001b[1m\u001b[38;5;12m|\u001b[0m\u001b[0m                                                                     \u001b[0m\u001b[0m\u001b[1m\u001b[38;5;9m^^^^^^^^^\u001b[0m\u001b[0m \u001b[0m\u001b[0m\u001b[1m\u001b[38;5;9mnot found in this scope\u001b[0m\n\u001b[0m   \u001b[0m\u001b[0m\u001b[1m\u001b[38;5;12m|\u001b[0m\n\u001b[0m\u001b[1m\u001b[38;5;14mhelp\u001b[0m\u001b[0m: you might be missing a type parameter\u001b[0m\n\u001b[0m   \u001b[0m\u001b[0m\u001b[1m\u001b[38;5;12m|\u001b[0m\n\u001b[0m\u001b[1m\u001b[38;5;12m31\u001b[0m\u001b[0m \u001b[0m\u001b[0m\u001b[1m\u001b[38;5;12m| \u001b[0m\u001b[0mpub trait ConfigHooks\u001b[0m\u001b[0m\u001b[38;5;10m<HookError>\u001b[0m\u001b[0m {\u001b[0m\n\u001b[0m   \u001b[0m\u001b[0m\u001b[1m\u001b[38;5;12m|\u001b[0m\u001b[0m                      \u001b[0m\u001b[0m\u001b[38;5;10m+++++++++++\u001b[0m\n\n"}
{"$message_type":"diagnostic","message":"cannot find type `CreateData` in this scope","code":{"code":"E0412","explanation":"A used type name is not in scope.\n\nErroneous code examples:\n\n```compile_fail,E0412\nimpl Something {} // error: type name `Something` is not in scope\n\n// or:\n\ntrait Foo {\n    fn bar(N); // error: type name `N` is not in scope\n}\n\n// or:\n\nfn foo(x: T) {} // type name `T` is not in scope\n```\n\nTo fix this error, please verify you didn't misspell the type name, you did\ndeclare it or imported it into the scope. Examples:\n\n```\nstruct Something;\n\nimpl Something {} // ok!\n\n// or:\n\ntrait Foo {\n    type N;\n\n    fn bar(_: Self::N); // ok!\n}\n\n// or:\n\nfn foo<T>(x: T) {} // ok!\n```\n\nAnother case that causes this error is when a type is imported into a parent\nmodule. To fix this, you can follow the suggestion and use File directly or\n`use super::File;` which will import the types from the parent namespace. An\nexample that causes this error is below:\n\n```compile_fail,E0412\nuse std::fs::File;\n\nmod foo {\n    fn some_function(f: File) {}\n}\n```\n\n```\nuse std::fs::File;\n\nmod foo {\n    // either\n    use super::File;\n    // or\n    // use std::fs::File;\n    fn foo(f: File) {}\n}\n# fn main() {} // don't insert it for us; that'll break imports\n```\n"},"level":"error","spans":[{"file_name":"src/models.rs","byte_start":1066,"byte_end":1076,"line_start":36,"line_end":36,"column_start":46,"column_end":56,"is_primary":true,"text":[{"text":"    async fn before_create(&self, data: &mut CreateData) -> Result<(), HookError> {","highlight_start":46,"highlight_end":56}],"label":"not found in this scope","suggested_replacement":null,"suggestion_applicability":null,"expansion":null}],"children":[],"rendered":"\u001b[0m\u001b[1m\u001b[38;5;9merror[E0412]\u001b[0m\u001b[0m\u001b[1m: cannot find type `CreateData` in this scope\u001b[0m\n\u001b[0m  \u001b[0m\u001b[0m\u001b[1m\u001b[38;5;12m--> \u001b[0m\u001b[0msrc/models.rs:36:46\u001b[0m\n\u001b[0m   \u001b[0m\u001b[0m\u001b[1m\u001b[38;5;12m|\u001b[0m\n\u001b[0m\u001b[1m\u001b[38;5;12m36\u001b[0m\u001b[0m \u001b[0m\u001b[0m\u001b[1m\u001b[38;5;12m|\u001b[0m\u001b[0m \u001b[0m\u001b[0m    async fn before_create(&self, data: &mut CreateData) -> Result<(), HookError> {\u001b[0m\n\u001b[0m   \u001b[0m\u001b[0m\u001b[1m\u001b[38;5;12m|\u001b[0m\u001b[0m                                              \u001b[0m\u001b[0m\u001b[1m\u001b[38;5;9m^^^^^^^^^^\u001b[0m\u001b[0m \u001b[0m\u001b[0m\u001b[1m\u001b[38;5;9mnot found in this scope\u001b[0m\n\n"}
{"$message_type":"diagnostic","message":"cannot find type `HookError` in this scope","code":{"code":"E0412","explanation":"A used type name is not in scope.\n\nErroneous code examples:\n\n```compile_fail,E0412\nimpl Something {} // error: type name `Something` is not in scope\n\n// or:\n\ntrait Foo {\n    fn bar(N); // error: type name `N` is not in scope\n}\n\n// or:\n\nfn foo(x: T) {} // type name `T` is not in scope\n```\n\nTo fix this error, please verify you didn't misspell the type name, you did\ndeclare it or imported it into the scope. Examples:\n\n```\nstruct Something;\n\nimpl Something {} // ok!\n\n// or:\n\ntrait Foo {\n    type N;\n\n    fn bar(_: Self::N); // ok!\n}\n\n// or:\n\nfn foo<T>(x: T) {} // ok!\n```\n\nAnother case that causes this error is when a type is imported into a parent\nmodule. To fix this, you can follow the suggestion and use File directly or\n`use super::File;` which will import the types from the parent namespace. An\nexample that causes this error is below:\n\n```compile_fail,E0412\nuse std::fs::File;\n\nmod foo {\n    fn some_function(f: File) {}\n}\n```\n\n```\nuse std::fs::File;\n\nmod foo {\n    // either\n    use super::File;\n    // or\n    // use std::fs::File;\n    fn foo(f: File) {}\n}\n# fn main() {} // don't insert it for us; that'll break imports\n```\n"},"level":"error","spans":[{"file_name":"src/models.rs","byte_start":1092,"byte_end":1101,"line_start":36,"line_end":36,"column_start":72,"column_end":81,"is_primary":true,"text":[{"text":"    async fn before_create(&self, data: &mut CreateData) -> Result<(), HookError> {","highlight_start":72,"highlight_end":81}],"label":"not found in this scope","suggested_replacement":null,"suggestion_applicability":null,"expansion":null}],"children":[{"message":"you might be missing a type parameter","code":null,"level":"help","spans":[{"file_name":"src/models.rs","byte_start":883,"byte_end":883,"line_start":31,"line_end":31,"column_start":22,"column_end":22,"is_primary":true,"text":[{"text":"pub trait ConfigHooks {","highlight_start":22,"highlight_end":22}],"label":null,"suggested_replacement":"<HookError>","suggestion_applicability":"MaybeIncorrect","expansion":null}],"children":[],"rendered":null}],"rendered":"\u001b[0m\u001b[1m\u001b[38;5;9merror[E0412]\u001b[0m\u001b[0m\u001b[1m: cannot find type `HookError` in this scope\u001b[0m\n\u001b[0m  \u001b[0m\u001b[0m\u001b[1m\u001b[38;5;12m--> \u001b[0m\u001b[0msrc/models.rs:36:72\u001b[0m\n\u001b[0m   \u001b[0m\u001b[0m\u001b[1m\u001b[38;5;12m|\u001b[0m\n\u001b[0m\u001b[1m\u001b[38;5;12m36\u001b[0m\u001b[0m \u001b[0m\u001b[0m\u001b[1m\u001b[38;5;12m|\u001b[0m\u001b[0m \u001b[0m\u001b[0m    async fn before_create(&self, data: &mut CreateData) -> Result<(), HookError> {\u001b[0m\n\u001b[0m   \u001b[0m\u001b[0m\u001b[1m\u001b[38;5;12m|\u001b[0m\u001b[0m                                                                        \u001b[0m\u001b[0m\u001b[1m\u001b[38;5;9m^^^^^^^^^\u001b[0m\u001b[0m \u001b[0m\u001b[0m\u001b[1m\u001b[38;5;9mnot found in this scope\u001b[0m\n\u001b[0m   \u001b[0m\u001b[0m\u001b[1m\u001b[38;5;12m|\u001b[0m\n\u001b[0m\u001b[1m\u001b[38;5;14mhelp\u001b[0m\u001b[0m: you might be missing a type parameter\u001b[0m\n\u001b[0m   \u001b[0m\u001b[0m\u001b[1m\u001b[38;5;12m|\u001b[0m\n\u001b[0m\u001b[1m\u001b[38;5;12m31\u001b[0m\u001b[0m \u001b[0m\u001b[0m\u001b[1m\u001b[38;5;12m| \u001b[0m\u001b[0mpub trait ConfigHooks\u001b[0m\u001b[0m\u001b[38;5;10m<HookError>\u001b[0m\u001b[0m {\u001b[0m\n\u001b[0m   \u001b[0m\u001b[0m\u001b[1m\u001b[38;5;12m|\u001b[0m\u001b[0m                      \u001b[0m\u001b[0m\u001b[38;5;10m+++++++++++\u001b[0m\n\n"}
{"$message_type":"diagnostic","message":"cannot find type `UpdateData` in this scope","code":{"code":"E0412","explanation":"A used type name is not in scope.\n\nErroneous code examples:\n\n```compile_fail,E0412\nimpl Something {} // error: type name `Something` is not in scope\n\n// or:\n\ntrait Foo {\n    fn bar(N); // error: type name `N` is not in scope\n}\n\n// or:\n\nfn foo(x: T) {} // type name `T` is not in scope\n```\n\nTo fix this error, please verify you didn't misspell the type name, you did\ndeclare it or imported it into the scope. Examples:\n\n```\nstruct Something;\n\nimpl Something {} // ok!\n\n// or:\n\ntrait Foo {\n    type N;\n\n    fn bar(_: Self::N); // ok!\n}\n\n// or:\n\nfn foo<T>(x: T) {} // ok!\n```\n\nAnother case that causes this error is when a type is imported into a parent\nmodule. To fix this, you can follow the suggestion and use File directly or\n`use super::File;` which will import the types from the parent namespace. An\nexample that causes this error is below:\n\n```compile_fail,E0412\nuse std::fs::File;\n\nmod foo {\n    fn some_function(f: File) {}\n}\n```\n\n```\nuse std::fs::File;\n\nmod foo {\n    // either\n    use super::File;\n    // or\n    // use std::fs::File;\n    fn foo(f: File) {}\n}\n# fn main() {} // don't insert it for us; that'll break imports\n```\n"},"level":"error","spans":[{"file_name":"src/models.rs","byte_start":1214,"byte_end":1224,"line_start":40,"line_end":40,"column_start":56,"column_end":66,"is_primary":true,"text":[{"text":"    async fn before_update(&self, id: &str, data: &mut UpdateData) -> Result<(), HookError> {","highlight_start":56,"highlight_end":66}],"label":"not found in this scope","suggested_replacement":null,"suggestion_applicability":null,"expansion":null}],"children":[],"rendered":"\u001b[0m\u001b[1m\u001b[38;5;9merror[E0412]\u001b[0m\u001b[0m\u001b[1m: cannot find type `UpdateData` in this scope\u001b[0m\n\u001b[0m  \u001b[0m\u001b[0m\u001b[1m\u001b[38;5;12m--> \u001b[0m\u001b[0msrc/models.rs:40:56\u001b[0m\n\u001b[0m   \u001b[0m\u001b[0m\u001b[1m\u001b[38;5;12m|\u001b[0m\n\u001b[0m\u001b[1m\u001b[38;5;12m40\u001b[0m\u001b[0m \u001b[0m\u001b[0m\u001b[1m\u001b[38;5;12m|\u001b[0m\u001b[0m \u001b[0m\u001b[0m    async fn before_update(&self, id: &str, data: &mut UpdateData) -> Result<(), HookError> {\u001b[0m\n\u001b[0m   \u001b[0m\u001b[0m\u001b[1m\u001b[38;5;12m|\u001b[0m\u001b[0m                                                        \u001b[0m\u001b[0m\u001b[1m\u001b[38;5;9m^^^^^^^^^^\u001b[0m\u001b[0m \u001b[0m\u001b[0m\u001b[1m\u001b[38;5;9mnot found in this scope\u001b[0m\n\n"}
{"$message_type":"diagnostic","message":"cannot find type `HookError` in this scope","code":{"code":"E0412","explanation":"A used type name is not in scope.\n\nErroneous code examples:\n\n```compile_fail,E0412\nimpl Something {} // error: type name `Something` is not in scope\n\n// or:\n\ntrait Foo {\n    fn bar(N); // error: type name `N` is not in scope\n}\n\n// or:\n\nfn foo(x: T) {} // type name `T` is not in scope\n```\n\nTo fix this error, please verify you didn't misspell the type name, you did\ndeclare it or imported it into the scope. Examples:\n\n```\nstruct Something;\n\nimpl Something {} // ok!\n\n// or:\n\ntrait Foo {\n    type N;\n\n    fn bar(_: Self::N); // ok!\n}\n\n// or:\n\nfn foo<T>(x: T) {} // ok!\n```\n\nAnother case that causes this error is when a type is imported into a parent\nmodule. To fix this, you can follow the suggestion and use File directly or\n`use super::File;` which will import the types from the parent namespace. An\nexample that causes this error is below:\n\n```compile_fail,E0412\nuse std::fs::File;\n\nmod foo {\n    fn some_function(f: File) {}\n}\n```\n\n```\nuse std::fs::File;\n\nmod foo {\n    // either\n    use super::File;\n    // or\n    // use std::fs::File;\n    fn foo(f: File) {}\n}\n# fn main() {} // don't insert it for us; that'll break imports\n```\n"},"level":"error","spans":[{"file_name":"src/models.rs","byte_start":1240,"byte_end":1249,"line_start":40,"line_end":40,"column_start":82,"column_end":91,"is_primary":true,"text":[{"text":"    async fn before_update(&self, id: &str, data: &mut UpdateData) -> Result<(), HookError> {","highlight_start":82,"highlight_end":91}],"label":"not found in this scope","suggested_replacement":null,"suggestion_applicability":null,"expansion":null}],"children":[{"message":"you might be missing a type parameter","code":null,"level":"help","spans":[{"file_name":"src/models.rs","byte_start":883,"byte_end":883,"line_start":31,"line_end":31,"column_start":22,"column_end":22,"is_primary":true,"text":[{"text":"pub trait ConfigHooks {","highlight_start":22,"highlight_end":22}],"label":null,"suggested_replacement":"<HookError>","suggestion_applicability":"MaybeIncorrect","expansion":null}],"children":[],"rendered":null}],"rendered":"\u001b[0m\u001b[1m\u001b[38;5;9merror[E0412]\u001b[0m\u001b[0m\u001b[1m: cannot find type `HookError` in this scope\u001b[0m\n\u001b[0m  \u001b[0m\u001b[0m\u001b[1m\u001b[38;5;12m--> \u001b[0m\u001b[0msrc/models.rs:40:82\u001b[0m\n\u001b[0m   \u001b[0m\u001b[0m\u001b[1m\u001b[38;5;12m|\u001b[0m\n\u001b[0m\u001b[1m\u001b[38;5;12m40\u001b[0m\u001b[0m \u001b[0m\u001b[0m\u001b[1m\u001b[38;5;12m|\u001b[0m\u001b[0m \u001b[0m\u001b[0m    async fn before_update(&self, id: &str, data: &mut UpdateData) -> Result<(), HookError> {\u001b[0m\n\u001b[0m   \u001b[0m\u001b[0m\u001b[1m\u001b[38;5;12m|\u001b[0m\u001b[0m                                                                                  \u001b[0m\u001b[0m\u001b[1m\u001b[38;5;9m^^^^^^^^^\u001b[0m\u001b[0m \u001b[0m\u001b[0m\u001b[1m\u001b[38;5;9mnot found in this scope\u001b[0m\n\u001b[0m   \u001b[0m\u001b[0m\u001b[1m\u001b[38;5;12m|\u001b[0m\n\u001b[0m\u001b[1m\u001b[38;5;14mhelp\u001b[0m\u001b[0m: you might be missing a type parameter\u001b[0m\n\u001b[0m   \u001b[0m\u001b[0m\u001b[1m\u001b[38;5;12m|\u001b[0m\n\u001b[0m\u001b[1m\u001b[38;5;12m31\u001b[0m\u001b[0m \u001b[0m\u001b[0m\u001b[1m\u001b[38;5;12m| \u001b[0m\u001b[0mpub trait ConfigHooks\u001b[0m\u001b[0m\u001b[38;5;10m<HookError>\u001b[0m\u001b[0m {\u001b[0m\n\u001b[0m   \u001b[0m\u001b[0m\u001b[1m\u001b[38;5;12m|\u001b[0m\u001b[0m                      \u001b[0m\u001b[0m\u001b[38;5;10m+++++++++++\u001b[0m\n\n"}
{"$message_type":"diagnostic","message":"cannot find type `Entity` in this scope","code":{"code":"E0412","explanation":"A used type name is not in scope.\n\nErroneous code examples:\n\n```compile_fail,E0412\nimpl Something {} // error: type name `Something` is not in scope\n\n// or:\n\ntrait Foo {\n    fn bar(N); // error: type name `N` is not in scope\n}\n\n// or:\n\nfn foo(x: T) {} // type name `T` is not in scope\n```\n\nTo fix this error, please verify you didn't misspell the type name, you did\ndeclare it or imported it into the scope. Examples:\n\n```\nstruct Something;\n\nimpl Something {} // ok!\n\n// or:\n\ntrait Foo {\n    type N;\n\n    fn bar(_: Self::N); // ok!\n}\n\n// or:\n\nfn foo<T>(x: T) {} // ok!\n```\n\nAnother case that causes this error is when a type is imported into a parent\nmodule. To fix this, you can follow the suggestion and use File directly or\n`use super::File;` which will import the types from the parent namespace. An\nexample that causes this error is below:\n\n```compile_fail,E0412\nuse std::fs::File;\n\nmod foo {\n    fn some_function(f: File) {}\n}\n```\n\n```\nuse std::fs::File;\n\nmod foo {\n    // either\n    use super::File;\n    // or\n    // use std::fs::File;\n    fn foo(f: File) {}\n}\n# fn main() {} // don't insert it for us; that'll break imports\n```\n"},"level":"error","spans":[{"file_name":"src/models.rs","byte_start":5552,"byte_end":5558,"line_start":173,"line_end":173,"column_start":47,"column_end":53,"is_primary":true,"text":[{"text":"        async fn after_create(&self, entity: &Entity) -> Result<(), HookError> {","highlight_start":47,"highlight_end":53}],"label":"not found in this scope","suggested_replacement":null,"suggestion_applicability":null,"expansion":null}],"children":[],"rendered":"\u001b[0m\u001b[1m\u001b[38;5;9merror[E0412]\u001b[0m\u001b[0m\u001b[1m: cannot find type `Entity` in this scope\u001b[0m\n\u001b[0m   \u001b[0m\u001b[0m\u001b[1m\u001b[38;5;12m--> \u001b[0m\u001b[0msrc/models.rs:173:47\u001b[0m\n\u001b[0m    \u001b[0m\u001b[0m\u001b[1m\u001b[38;5;12m|\u001b[0m\n\u001b[0m\u001b[1m\u001b[38;5;12m173\u001b[0m\u001b[0m \u001b[0m\u001b[0m\u001b[1m\u001b[38;5;12m|\u001b[0m\u001b[0m \u001b[0m\u001b[0m        async fn after_create(&self, entity: &Entity) -> Result<(), HookError> {\u001b[0m\n\u001b[0m    \u001b[0m\u001b[0m\u001b[1m\u001b[38;5;12m|\u001b[0m\u001b[0m                                               \u001b[0m\u001b[0m\u001b[1m\u001b[38;5;9m^^^^^^\u001b[0m\u001b[0m \u001b[0m\u001b[0m\u001b[1m\u001b[38;5;9mnot found in this scope\u001b[0m\n\n"}
{"$message_type":"diagnostic","message":"cannot find type `HookError` in this scope","code":{"code":"E0412","explanation":"A used type name is not in scope.\n\nErroneous code examples:\n\n```compile_fail,E0412\nimpl Something {} // error: type name `Something` is not in scope\n\n// or:\n\ntrait Foo {\n    fn bar(N); // error: type name `N` is not in scope\n}\n\n// or:\n\nfn foo(x: T) {} // type name `T` is not in scope\n```\n\nTo fix this error, please verify you didn't misspell the type name, you did\ndeclare it or imported it into the scope. Examples:\n\n```\nstruct Something;\n\nimpl Something {} // ok!\n\n// or:\n\ntrait Foo {\n    type N;\n\n    fn bar(_: Self::N); // ok!\n}\n\n// or:\n\nfn foo<T>(x: T) {} // ok!\n```\n\nAnother case that causes this error is when a type is imported into a parent\nmodule. To fix this, you can follow the suggestion and use File directly or\n`use super::File;` which will import the types from the parent namespace. An\nexample that causes this error is below:\n\n```compile_fail,E0412\nuse std::fs::File;\n\nmod foo {\n    fn some_function(f: File) {}\n}\n```\n\n```\nuse std::fs::File;\n\nmod foo {\n    // either\n    use super::File;\n    // or\n    // use std::fs::File;\n    fn foo(f: File) {}\n}\n# fn main() {} // don't insert it for us; that'll break imports\n```\n"},"level":"error","spans":[{"file_name":"src/models.rs","byte_start":5574,"byte_end":5583,"line_start":173,"line_end":173,"column_start":69,"column_end":78,"is_primary":true,"text":[{"text":"        async fn after_create(&self, entity: &Entity) -> Result<(), HookError> {","highlight_start":69,"highlight_end":78}],"label":"not found in this scope","suggested_replacement":null,"suggestion_applicability":null,"expansion":null}],"children":[{"message":"you might be missing a type parameter","code":null,"level":"help","spans":[{"file_name":"src/models.rs","byte_start":5503,"byte_end":5503,"line_start":172,"line_end":172,"column_start":25,"column_end":25,"is_primary":true,"text":[{"text":"pub trait ComponentHooks {","highlight_start":25,"highlight_end":25}],"label":null,"suggested_replacement":"<HookError>","suggestion_applicability":"MaybeIncorrect","expansion":null}],"children":[],"rendered":null}],"rendered":"\u001b[0m\u001b[1m\u001b[38;5;9merror[E0412]\u001b[0m\u001b[0m\u001b[1m: cannot find type `HookError` in this scope\u001b[0m\n\u001b[0m   \u001b[0m\u001b[0m\u001b[1m\u001b[38;5;12m--> \u001b[0m\u001b[0msrc/models.rs:173:69\u001b[0m\n\u001b[0m    \u001b[0m\u001b[0m\u001b[1m\u001b[38;5;12m|\u001b[0m\n\u001b[0m\u001b[1m\u001b[38;5;12m173\u001b[0m\u001b[0m \u001b[0m\u001b[0m\u001b[1m\u001b[38;5;12m|\u001b[0m\u001b[0m \u001b[0m\u001b[0m        async fn after_create(&self, entity: &Entity) -> Result<(), HookError> {\u001b[0m\n\u001b[0m    \u001b[0m\u001b[0m\u001b[1m\u001b[38;5;12m|\u001b[0m\u001b[0m                                                                     \u001b[0m\u001b[0m\u001b[1m\u001b[38;5;9m^^^^^^^^^\u001b[0m\u001b[0m \u001b[0m\u001b[0m\u001b[1m\u001b[38;5;9mnot found in this scope\u001b[0m\n\u001b[0m    \u001b[0m\u001b[0m\u001b[1m\u001b[38;5;12m|\u001b[0m\n\u001b[0m\u001b[1m\u001b[38;5;14mhelp\u001b[0m\u001b[0m: you might be missing a type parameter\u001b[0m\n\u001b[0m    \u001b[0m\u001b[0m\u001b[1m\u001b[38;5;12m|\u001b[0m\n\u001b[0m\u001b[1m\u001b[38;5;12m172\u001b[0m\u001b[0m \u001b[0m\u001b[0m\u001b[1m\u001b[38;5;12m| \u001b[0m\u001b[0mpub trait ComponentHooks\u001b[0m\u001b[0m\u001b[38;5;10m<HookError>\u001b[0m\u001b[0m {\u001b[0m\n\u001b[0m    \u001b[0m\u001b[0m\u001b[1m\u001b[38;5;12m|\u001b[0m\u001b[0m                         \u001b[0m\u001b[0m\u001b[38;5;10m+++++++++++\u001b[0m\n\n"}
{"$message_type":"diagnostic","message":"cannot find type `CreateData` in this scope","code":{"code":"E0412","explanation":"A used type name is not in scope.\n\nErroneous code examples:\n\n```compile_fail,E0412\nimpl Something {} // error: type name `Something` is not in scope\n\n// or:\n\ntrait Foo {\n    fn bar(N); // error: type name `N` is not in scope\n}\n\n// or:\n\nfn foo(x: T) {} // type name `T` is not in scope\n```\n\nTo fix this error, please verify you didn't misspell the type name, you did\ndeclare it or imported it into the scope. Examples:\n\n```\nstruct Something;\n\nimpl Something {} // ok!\n\n// or:\n\ntrait Foo {\n    type N;\n\n    fn bar(_: Self::N); // ok!\n}\n\n// or:\n\nfn foo<T>(x: T) {} // ok!\n```\n\nAnother case that causes this error is when a type is imported into a parent\nmodule. To fix this, you can follow the suggestion and use File directly or\n`use super::File;` which will import the types from the parent namespace. An\nexample that causes this error is below:\n\n```compile_fail,E0412\nuse std::fs::File;\n\nmod foo {\n    fn some_function(f: File) {}\n}\n```\n\n```\nuse std::fs::File;\n\nmod foo {\n    // either\n    use super::File;\n    // or\n    // use std::fs::File;\n    fn foo(f: File) {}\n}\n# fn main() {} // don't insert it for us; that'll break imports\n```\n"},"level":"error","spans":[{"file_name":"src/models.rs","byte_start":5691,"byte_end":5701,"line_start":177,"line_end":177,"column_start":46,"column_end":56,"is_primary":true,"text":[{"text":"    async fn before_create(&self, data: &mut CreateData) -> Result<(), HookError> {","highlight_start":46,"highlight_end":56}],"label":"not found in this scope","suggested_replacement":null,"suggestion_applicability":null,"expansion":null}],"children":[],"rendered":"\u001b[0m\u001b[1m\u001b[38;5;9merror[E0412]\u001b[0m\u001b[0m\u001b[1m: cannot find type `CreateData` in this scope\u001b[0m\n\u001b[0m   \u001b[0m\u001b[0m\u001b[1m\u001b[38;5;12m--> \u001b[0m\u001b[0msrc/models.rs:177:46\u001b[0m\n\u001b[0m    \u001b[0m\u001b[0m\u001b[1m\u001b[38;5;12m|\u001b[0m\n\u001b[0m\u001b[1m\u001b[38;5;12m177\u001b[0m\u001b[0m \u001b[0m\u001b[0m\u001b[1m\u001b[38;5;12m|\u001b[0m\u001b[0m \u001b[0m\u001b[0m    async fn before_create(&self, data: &mut CreateData) -> Result<(), HookError> {\u001b[0m\n\u001b[0m    \u001b[0m\u001b[0m\u001b[1m\u001b[38;5;12m|\u001b[0m\u001b[0m                                              \u001b[0m\u001b[0m\u001b[1m\u001b[38;5;9m^^^^^^^^^^\u001b[0m\u001b[0m \u001b[0m\u001b[0m\u001b[1m\u001b[38;5;9mnot found in this scope\u001b[0m\n\n"}
{"$message_type":"diagnostic","message":"cannot find type `HookError` in this scope","code":{"code":"E0412","explanation":"A used type name is not in scope.\n\nErroneous code examples:\n\n```compile_fail,E0412\nimpl Something {} // error: type name `Something` is not in scope\n\n// or:\n\ntrait Foo {\n    fn bar(N); // error: type name `N` is not in scope\n}\n\n// or:\n\nfn foo(x: T) {} // type name `T` is not in scope\n```\n\nTo fix this error, please verify you didn't misspell the type name, you did\ndeclare it or imported it into the scope. Examples:\n\n```\nstruct Something;\n\nimpl Something {} // ok!\n\n// or:\n\ntrait Foo {\n    type N;\n\n    fn bar(_: Self::N); // ok!\n}\n\n// or:\n\nfn foo<T>(x: T) {} // ok!\n```\n\nAnother case that causes this error is when a type is imported into a parent\nmodule. To fix this, you can follow the suggestion and use File directly or\n`use super::File;` which will import the types from the parent namespace. An\nexample that causes this error is below:\n\n```compile_fail,E0412\nuse std::fs::File;\n\nmod foo {\n    fn some_function(f: File) {}\n}\n```\n\n```\nuse std::fs::File;\n\nmod foo {\n    // either\n    use super::File;\n    // or\n    // use std::fs::File;\n    fn foo(f: File) {}\n}\n# fn main() {} // don't insert it for us; that'll break imports\n```\n"},"level":"error","spans":[{"file_name":"src/models.rs","byte_start":5717,"byte_end":5726,"line_start":177,"line_end":177,"column_start":72,"column_end":81,"is_primary":true,"text":[{"text":"    async fn before_create(&self, data: &mut CreateData) -> Result<(), HookError> {","highlight_start":72,"highlight_end":81}],"label":"not found in this scope","suggested_replacement":null,"suggestion_applicability":null,"expansion":null}],"children":[{"message":"you might be missing a type parameter","code":null,"level":"help","spans":[{"file_name":"src/models.rs","byte_start":5503,"byte_end":5503,"line_start":172,"line_end":172,"column_start":25,"column_end":25,"is_primary":true,"text":[{"text":"pub trait ComponentHooks {","highlight_start":25,"highlight_end":25}],"label":null,"suggested_replacement":"<HookError>","suggestion_applicability":"MaybeIncorrect","expansion":null}],"children":[],"rendered":null}],"rendered":"\u001b[0m\u001b[1m\u001b[38;5;9merror[E0412]\u001b[0m\u001b[0m\u001b[1m: cannot find type `HookError` in this scope\u001b[0m\n\u001b[0m   \u001b[0m\u001b[0m\u001b[1m\u001b[38;5;12m--> \u001b[0m\u001b[0msrc/models.rs:177:72\u001b[0m\n\u001b[0m    \u001b[0m\u001b[0m\u001b[1m\u001b[38;5;12m|\u001b[0m\n\u001b[0m\u001b[1m\u001b[38;5;12m177\u001b[0m\u001b[0m \u001b[0m\u001b[0m\u001b[1m\u001b[38;5;12m|\u001b[0m\u001b[0m \u001b[0m\u001b[0m    async fn before_create(&self, data: &mut CreateData) -> Result<(), HookError> {\u001b[0m\n\u001b[0m    \u001b[0m\u001b[0m\u001b[1m\u001b[38;5;12m|\u001b[0m\u001b[0m                                                                        \u001b[0m\u001b[0m\u001b[1m\u001b[38;5;9m^^^^^^^^^\u001b[0m\u001b[0m \u001b[0m\u001b[0m\u001b[1m\u001b[38;5;9mnot found in this scope\u001b[0m\n\u001b[0m    \u001b[0m\u001b[0m\u001b[1m\u001b[38;5;12m|\u001b[0m\n\u001b[0m\u001b[1m\u001b[38;5;14mhelp\u001b[0m\u001b[0m: you might be missing a type parameter\u001b[0m\n\u001b[0m    \u001b[0m\u001b[0m\u001b[1m\u001b[38;5;12m|\u001b[0m\n\u001b[0m\u001b[1m\u001b[38;5;12m172\u001b[0m\u001b[0m \u001b[0m\u001b[0m\u001b[1m\u001b[38;5;12m| \u001b[0m\u001b[0mpub trait ComponentHooks\u001b[0m\u001b[0m\u001b[38;5;10m<HookError>\u001b[0m\u001b[0m {\u001b[0m\n\u001b[0m    \u001b[0m\u001b[0m\u001b[1m\u001b[38;5;12m|\u001b[0m\u001b[0m                         \u001b[0m\u001b[0m\u001b[38;5;10m+++++++++++\u001b[0m\n\n"}
{"$message_type":"diagnostic","message":"cannot find type `UpdateData` in this scope","code":{"code":"E0412","explanation":"A used type name is not in scope.\n\nErroneous code examples:\n\n```compile_fail,E0412\nimpl Something {} // error: type name `Something` is not in scope\n\n// or:\n\ntrait Foo {\n    fn bar(N); // error: type name `N` is not in scope\n}\n\n// or:\n\nfn foo(x: T) {} // type name `T` is not in scope\n```\n\nTo fix this error, please verify you didn't misspell the type name, you did\ndeclare it or imported it into the scope. Examples:\n\n```\nstruct Something;\n\nimpl Something {} // ok!\n\n// or:\n\ntrait Foo {\n    type N;\n\n    fn bar(_: Self::N); // ok!\n}\n\n// or:\n\nfn foo<T>(x: T) {} // ok!\n```\n\nAnother case that causes this error is when a type is imported into a parent\nmodule. To fix this, you can follow the suggestion and use File directly or\n`use super::File;` which will import the types from the parent namespace. An\nexample that causes this error is below:\n\n```compile_fail,E0412\nuse std::fs::File;\n\nmod foo {\n    fn some_function(f: File) {}\n}\n```\n\n```\nuse std::fs::File;\n\nmod foo {\n    // either\n    use super::File;\n    // or\n    // use std::fs::File;\n    fn foo(f: File) {}\n}\n# fn main() {} // don't insert it for us; that'll break imports\n```\n"},"level":"error","spans":[{"file_name":"src/models.rs","byte_start":5840,"byte_end":5850,"line_start":181,"line_end":181,"column_start":56,"column_end":66,"is_primary":true,"text":[{"text":"    async fn before_update(&self, id: &str, data: &mut UpdateData) -> Result<(), HookError> {","highlight_start":56,"highlight_end":66}],"label":"not found in this scope","suggested_replacement":null,"suggestion_applicability":null,"expansion":null}],"children":[],"rendered":"\u001b[0m\u001b[1m\u001b[38;5;9merror[E0412]\u001b[0m\u001b[0m\u001b[1m: cannot find type `UpdateData` in this scope\u001b[0m\n\u001b[0m   \u001b[0m\u001b[0m\u001b[1m\u001b[38;5;12m--> \u001b[0m\u001b[0msrc/models.rs:181:56\u001b[0m\n\u001b[0m    \u001b[0m\u001b[0m\u001b[1m\u001b[38;5;12m|\u001b[0m\n\u001b[0m\u001b[1m\u001b[38;5;12m181\u001b[0m\u001b[0m \u001b[0m\u001b[0m\u001b[1m\u001b[38;5;12m|\u001b[0m\u001b[0m \u001b[0m\u001b[0m    async fn before_update(&self, id: &str, data: &mut UpdateData) -> Result<(), HookError> {\u001b[0m\n\u001b[0m    \u001b[0m\u001b[0m\u001b[1m\u001b[38;5;12m|\u001b[0m\u001b[0m                                                        \u001b[0m\u001b[0m\u001b[1m\u001b[38;5;9m^^^^^^^^^^\u001b[0m\u001b[0m \u001b[0m\u001b[0m\u001b[1m\u001b[38;5;9mnot found in this scope\u001b[0m\n\n"}
{"$message_type":"diagnostic","message":"cannot find type `HookError` in this scope","code":{"code":"E0412","explanation":"A used type name is not in scope.\n\nErroneous code examples:\n\n```compile_fail,E0412\nimpl Something {} // error: type name `Something` is not in scope\n\n// or:\n\ntrait Foo {\n    fn bar(N); // error: type name `N` is not in scope\n}\n\n// or:\n\nfn foo(x: T) {} // type name `T` is not in scope\n```\n\nTo fix this error, please verify you didn't misspell the type name, you did\ndeclare it or imported it into the scope. Examples:\n\n```\nstruct Something;\n\nimpl Something {} // ok!\n\n// or:\n\ntrait Foo {\n    type N;\n\n    fn bar(_: Self::N); // ok!\n}\n\n// or:\n\nfn foo<T>(x: T) {} // ok!\n```\n\nAnother case that causes this error is when a type is imported into a parent\nmodule. To fix this, you can follow the suggestion and use File directly or\n`use super::File;` which will import the types from the parent namespace. An\nexample that causes this error is below:\n\n```compile_fail,E0412\nuse std::fs::File;\n\nmod foo {\n    fn some_function(f: File) {}\n}\n```\n\n```\nuse std::fs::File;\n\nmod foo {\n    // either\n    use super::File;\n    // or\n    // use std::fs::File;\n    fn foo(f: File) {}\n}\n# fn main() {} // don't insert it for us; that'll break imports\n```\n"},"level":"error","spans":[{"file_name":"src/models.rs","byte_start":5866,"byte_end":5875,"line_start":181,"line_end":181,"column_start":82,"column_end":91,"is_primary":true,"text":[{"text":"    async fn before_update(&self, id: &str, data: &mut UpdateData) -> Result<(), HookError> {","highlight_start":82,"highlight_end":91}],"label":"not found in this scope","suggested_replacement":null,"suggestion_applicability":null,"expansion":null}],"children":[{"message":"you might be missing a type parameter","code":null,"level":"help","spans":[{"file_name":"src/models.rs","byte_start":5503,"byte_end":5503,"line_start":172,"line_end":172,"column_start":25,"column_end":25,"is_primary":true,"text":[{"text":"pub trait ComponentHooks {","highlight_start":25,"highlight_end":25}],"label":null,"suggested_replacement":"<HookError>","suggestion_applicability":"MaybeIncorrect","expansion":null}],"children":[],"rendered":null}],"rendered":"\u001b[0m\u001b[1m\u001b[38;5;9merror[E0412]\u001b[0m\u001b[0m\u001b[1m: cannot find type `HookError` in this scope\u001b[0m\n\u001b[0m   \u001b[0m\u001b[0m\u001b[1m\u001b[38;5;12m--> \u001b[0m\u001b[0msrc/models.rs:181:82\u001b[0m\n\u001b[0m    \u001b[0m\u001b[0m\u001b[1m\u001b[38;5;12m|\u001b[0m\n\u001b[0m\u001b[1m\u001b[38;5;12m181\u001b[0m\u001b[0m \u001b[0m\u001b[0m\u001b[1m\u001b[38;5;12m|\u001b[0m\u001b[0m \u001b[0m\u001b[0m    async fn before_update(&self, id: &str, data: &mut UpdateData) -> Result<(), HookError> {\u001b[0m\n\u001b[0m    \u001b[0m\u001b[0m\u001b[1m\u001b[38;5;12m|\u001b[0m\u001b[0m                                                                                  \u001b[0m\u001b[0m\u001b[1m\u001b[38;5;9m^^^^^^^^^\u001b[0m\u001b[0m \u001b[0m\u001b[0m\u001b[1m\u001b[38;5;9mnot found in this scope\u001b[0m\n\u001b[0m    \u001b[0m\u001b[0m\u001b[1m\u001b[38;5;12m|\u001b[0m\n\u001b[0m\u001b[1m\u001b[38;5;14mhelp\u001b[0m\u001b[0m: you might be missing a type parameter\u001b[0m\n\u001b[0m    \u001b[0m\u001b[0m\u001b[1m\u001b[38;5;12m|\u001b[0m\n\u001b[0m\u001b[1m\u001b[38;5;12m172\u001b[0m\u001b[0m \u001b[0m\u001b[0m\u001b[1m\u001b[38;5;12m| \u001b[0m\u001b[0mpub trait ComponentHooks\u001b[0m\u001b[0m\u001b[38;5;10m<HookError>\u001b[0m\u001b[0m {\u001b[0m\n\u001b[0m    \u001b[0m\u001b[0m\u001b[1m\u001b[38;5;12m|\u001b[0m\u001b[0m                         \u001b[0m\u001b[0m\u001b[38;5;10m+++++++++++\u001b[0m\n\n"}
{"$message_type":"diagnostic","message":"cannot find type `Entity` in this scope","code":{"code":"E0412","explanation":"A used type name is not in scope.\n\nErroneous code examples:\n\n```compile_fail,E0412\nimpl Something {} // error: type name `Something` is not in scope\n\n// or:\n\ntrait Foo {\n    fn bar(N); // error: type name `N` is not in scope\n}\n\n// or:\n\nfn foo(x: T) {} // type name `T` is not in scope\n```\n\nTo fix this error, please verify you didn't misspell the type name, you did\ndeclare it or imported it into the scope. Examples:\n\n```\nstruct Something;\n\nimpl Something {} // ok!\n\n// or:\n\ntrait Foo {\n    type N;\n\n    fn bar(_: Self::N); // ok!\n}\n\n// or:\n\nfn foo<T>(x: T) {} // ok!\n```\n\nAnother case that causes this error is when a type is imported into a parent\nmodule. To fix this, you can follow the suggestion and use File directly or\n`use super::File;` which will import the types from the parent namespace. An\nexample that causes this error is below:\n\n```compile_fail,E0412\nuse std::fs::File;\n\nmod foo {\n    fn some_function(f: File) {}\n}\n```\n\n```\nuse std::fs::File;\n\nmod foo {\n    // either\n    use super::File;\n    // or\n    // use std::fs::File;\n    fn foo(f: File) {}\n}\n# fn main() {} // don't insert it for us; that'll break imports\n```\n"},"level":"error","spans":[{"file_name":"src/models.rs","byte_start":10266,"byte_end":10272,"line_start":314,"line_end":314,"column_start":47,"column_end":53,"is_primary":true,"text":[{"text":"        async fn after_create(&self, entity: &Entity) -> Result<(), HookError> {","highlight_start":47,"highlight_end":53}],"label":"not found in this scope","suggested_replacement":null,"suggestion_applicability":null,"expansion":null}],"children":[],"rendered":"\u001b[0m\u001b[1m\u001b[38;5;9merror[E0412]\u001b[0m\u001b[0m\u001b[1m: cannot find type `Entity` in this scope\u001b[0m\n\u001b[0m   \u001b[0m\u001b[0m\u001b[1m\u001b[38;5;12m--> \u001b[0m\u001b[0msrc/models.rs:314:47\u001b[0m\n\u001b[0m    \u001b[0m\u001b[0m\u001b[1m\u001b[38;5;12m|\u001b[0m\n\u001b[0m\u001b[1m\u001b[38;5;12m314\u001b[0m\u001b[0m \u001b[0m\u001b[0m\u001b[1m\u001b[38;5;12m|\u001b[0m\u001b[0m \u001b[0m\u001b[0m        async fn after_create(&self, entity: &Entity) -> Result<(), HookError> {\u001b[0m\n\u001b[0m    \u001b[0m\u001b[0m\u001b[1m\u001b[38;5;12m|\u001b[0m\u001b[0m                                               \u001b[0m\u001b[0m\u001b[1m\u001b[38;5;9m^^^^^^\u001b[0m\u001b[0m \u001b[0m\u001b[0m\u001b[1m\u001b[38;5;9mnot found in this scope\u001b[0m\n\n"}
{"$message_type":"diagnostic","message":"cannot find type `HookError` in this scope","code":{"code":"E0412","explanation":"A used type name is not in scope.\n\nErroneous code examples:\n\n```compile_fail,E0412\nimpl Something {} // error: type name `Something` is not in scope\n\n// or:\n\ntrait Foo {\n    fn bar(N); // error: type name `N` is not in scope\n}\n\n// or:\n\nfn foo(x: T) {} // type name `T` is not in scope\n```\n\nTo fix this error, please verify you didn't misspell the type name, you did\ndeclare it or imported it into the scope. Examples:\n\n```\nstruct Something;\n\nimpl Something {} // ok!\n\n// or:\n\ntrait Foo {\n    type N;\n\n    fn bar(_: Self::N); // ok!\n}\n\n// or:\n\nfn foo<T>(x: T) {} // ok!\n```\n\nAnother case that causes this error is when a type is imported into a parent\nmodule. To fix this, you can follow the suggestion and use File directly or\n`use super::File;` which will import the types from the parent namespace. An\nexample that causes this error is below:\n\n```compile_fail,E0412\nuse std::fs::File;\n\nmod foo {\n    fn some_function(f: File) {}\n}\n```\n\n```\nuse std::fs::File;\n\nmod foo {\n    // either\n    use super::File;\n    // or\n    // use std::fs::File;\n    fn foo(f: File) {}\n}\n# fn main() {} // don't insert it for us; that'll break imports\n```\n"},"level":"error","spans":[{"file_name":"src/models.rs","byte_start":10288,"byte_end":10297,"line_start":314,"line_end":314,"column_start":69,"column_end":78,"is_primary":true,"text":[{"text":"        async fn after_create(&self, entity: &Entity) -> Result<(), HookError> {","highlight_start":69,"highlight_end":78}],"label":"not found in this scope","suggested_replacement":null,"suggestion_applicability":null,"expansion":null}],"children":[{"message":"you might be missing a type parameter","code":null,"level":"help","spans":[{"file_name":"src/models.rs","byte_start":10217,"byte_end":10217,"line_start":313,"line_end":313,"column_start":23,"column_end":23,"is_primary":true,"text":[{"text":"pub trait ProjectHooks {","highlight_start":23,"highlight_end":23}],"label":null,"suggested_replacement":"<HookError>","suggestion_applicability":"MaybeIncorrect","expansion":null}],"children":[],"rendered":null}],"rendered":"\u001b[0m\u001b[1m\u001b[38;5;9merror[E0412]\u001b[0m\u001b[0m\u001b[1m: cannot find type `HookError` in this scope\u001b[0m\n\u001b[0m   \u001b[0m\u001b[0m\u001b[1m\u001b[38;5;12m--> \u001b[0m\u001b[0msrc/models.rs:314:69\u001b[0m\n\u001b[0m    \u001b[0m\u001b[0m\u001b[1m\u001b[38;5;12m|\u001b[0m\n\u001b[0m\u001b[1m\u001b[38;5;12m314\u001b[0m\u001b[0m \u001b[0m\u001b[0m\u001b[1m\u001b[38;5;12m|\u001b[0m\u001b[0m \u001b[0m\u001b[0m        async fn after_create(&self, entity: &Entity) -> Result<(), HookError> {\u001b[0m\n\u001b[0m    \u001b[0m\u001b[0m\u001b[1m\u001b[38;5;12m|\u001b[0m\u001b[0m                                                                     \u001b[0m\u001b[0m\u001b[1m\u001b[38;5;9m^^^^^^^^^\u001b[0m\u001b[0m \u001b[0m\u001b[0m\u001b[1m\u001b[38;5;9mnot found in this scope\u001b[0m\n\u001b[0m    \u001b[0m\u001b[0m\u001b[1m\u001b[38;5;12m|\u001b[0m\n\u001b[0m\u001b[1m\u001b[38;5;14mhelp\u001b[0m\u001b[0m: you might be missing a type parameter\u001b[0m\n\u001b[0m    \u001b[0m\u001b[0m\u001b[1m\u001b[38;5;12m|\u001b[0m\n\u001b[0m\u001b[1m\u001b[38;5;12m313\u001b[0m\u001b[0m \u001b[0m\u001b[0m\u001b[1m\u001b[38;5;12m| \u001b[0m\u001b[0mpub trait ProjectHooks\u001b[0m\u001b[0m\u001b[38;5;10m<HookError>\u001b[0m\u001b[0m {\u001b[0m\n\u001b[0m    \u001b[0m\u001b[0m\u001b[1m\u001b[38;5;12m|\u001b[0m\u001b[0m                       \u001b[0m\u001b[0m\u001b[38;5;10m+++++++++++\u001b[0m\n\n"}
{"$message_type":"diagnostic","message":"cannot find type `Entity` in this scope","code":{"code":"E0412","explanation":"A used type name is not in scope.\n\nErroneous code examples:\n\n```compile_fail,E0412\nimpl Something {} // error: type name `Something` is not in scope\n\n// or:\n\ntrait Foo {\n    fn bar(N); // error: type name `N` is not in scope\n}\n\n// or:\n\nfn foo(x: T) {} // type name `T` is not in scope\n```\n\nTo fix this error, please verify you didn't misspell the type name, you did\ndeclare it or imported it into the scope. Examples:\n\n```\nstruct Something;\n\nimpl Something {} // ok!\n\n// or:\n\ntrait Foo {\n    type N;\n\n    fn bar(_: Self::N); // ok!\n}\n\n// or:\n\nfn foo<T>(x: T) {} // ok!\n```\n\nAnother case that causes this error is when a type is imported into a parent\nmodule. To fix this, you can follow the suggestion and use File directly or\n`use super::File;` which will import the types from the parent namespace. An\nexample that causes this error is below:\n\n```compile_fail,E0412\nuse std::fs::File;\n\nmod foo {\n    fn some_function(f: File) {}\n}\n```\n\n```\nuse std::fs::File;\n\nmod foo {\n    // either\n    use super::File;\n    // or\n    // use std::fs::File;\n    fn foo(f: File) {}\n}\n# fn main() {} // don't insert it for us; that'll break imports\n```\n"},"level":"error","spans":[{"file_name":"src/models.rs","byte_start":10397,"byte_end":10403,"line_start":318,"line_end":318,"column_start":43,"column_end":49,"is_primary":true,"text":[{"text":"    async fn after_update(&self, entity: &Entity) -> Result<(), HookError> {","highlight_start":43,"highlight_end":49}],"label":"not found in this scope","suggested_replacement":null,"suggestion_applicability":null,"expansion":null}],"children":[],"rendered":"\u001b[0m\u001b[1m\u001b[38;5;9merror[E0412]\u001b[0m\u001b[0m\u001b[1m: cannot find type `Entity` in this scope\u001b[0m\n\u001b[0m   \u001b[0m\u001b[0m\u001b[1m\u001b[38;5;12m--> \u001b[0m\u001b[0msrc/models.rs:318:43\u001b[0m\n\u001b[0m    \u001b[0m\u001b[0m\u001b[1m\u001b[38;5;12m|\u001b[0m\n\u001b[0m\u001b[1m\u001b[38;5;12m318\u001b[0m\u001b[0m \u001b[0m\u001b[0m\u001b[1m\u001b[38;5;12m|\u001b[0m\u001b[0m \u001b[0m\u001b[0m    async fn after_update(&self, entity: &Entity) -> Result<(), HookError> {\u001b[0m\n\u001b[0m    \u001b[0m\u001b[0m\u001b[1m\u001b[38;5;12m|\u001b[0m\u001b[0m                                           \u001b[0m\u001b[0m\u001b[1m\u001b[38;5;9m^^^^^^\u001b[0m\u001b[0m \u001b[0m\u001b[0m\u001b[1m\u001b[38;5;9mnot found in this scope\u001b[0m\n\n"}
{"$message_type":"diagnostic","message":"cannot find type `HookError` in this scope","code":{"code":"E0412","explanation":"A used type name is not in scope.\n\nErroneous code examples:\n\n```compile_fail,E0412\nimpl Something {} // error: type name `Something` is not in scope\n\n// or:\n\ntrait Foo {\n    fn bar(N); // error: type name `N` is not in scope\n}\n\n// or:\n\nfn foo(x: T) {} // type name `T` is not in scope\n```\n\nTo fix this error, please verify you didn't misspell the type name, you did\ndeclare it or imported it into the scope. Examples:\n\n```\nstruct Something;\n\nimpl Something {} // ok!\n\n// or:\n\ntrait Foo {\n    type N;\n\n    fn bar(_: Self::N); // ok!\n}\n\n// or:\n\nfn foo<T>(x: T) {} // ok!\n```\n\nAnother case that causes this error is when a type is imported into a parent\nmodule. To fix this, you can follow the suggestion and use File directly or\n`use super::File;` which will import the types from the parent namespace. An\nexample that causes this error is below:\n\n```compile_fail,E0412\nuse std::fs::File;\n\nmod foo {\n    fn some_function(f: File) {}\n}\n```\n\n```\nuse std::fs::File;\n\nmod foo {\n    // either\n    use super::File;\n    // or\n    // use std::fs::File;\n    fn foo(f: File) {}\n}\n# fn main() {} // don't insert it for us; that'll break imports\n```\n"},"level":"error","spans":[{"file_name":"src/models.rs","byte_start":10419,"byte_end":10428,"line_start":318,"line_end":318,"column_start":65,"column_end":74,"is_primary":true,"text":[{"text":"    async fn after_update(&self, entity: &Entity) -> Result<(), HookError> {","highlight_start":65,"highlight_end":74}],"label":"not found in this scope","suggested_replacement":null,"suggestion_applicability":null,"expansion":null}],"children":[{"message":"you might be missing a type parameter","code":null,"level":"help","spans":[{"file_name":"src/models.rs","byte_start":10217,"byte_end":10217,"line_start":313,"line_end":313,"column_start":23,"column_end":23,"is_primary":true,"text":[{"text":"pub trait ProjectHooks {","highlight_start":23,"highlight_end":23}],"label":null,"suggested_replacement":"<HookError>","suggestion_applicability":"MaybeIncorrect","expansion":null}],"children":[],"rendered":null}],"rendered":"\u001b[0m\u001b[1m\u001b[38;5;9merror[E0412]\u001b[0m\u001b[0m\u001b[1m: cannot find type `HookError` in this scope\u001b[0m\n\u001b[0m   \u001b[0m\u001b[0m\u001b[1m\u001b[38;5;12m--> \u001b[0m\u001b[0msrc/models.rs:318:65\u001b[0m\n\u001b[0m    \u001b[0m\u001b[0m\u001b[1m\u001b[38;5;12m|\u001b[0m\n\u001b[0m\u001b[1m\u001b[38;5;12m318\u001b[0m\u001b[0m \u001b[0m\u001b[0m\u001b[1m\u001b[38;5;12m|\u001b[0m\u001b[0m \u001b[0m\u001b[0m    async fn after_update(&self, entity: &Entity) -> Result<(), HookError> {\u001b[0m\n\u001b[0m    \u001b[0m\u001b[0m\u001b[1m\u001b[38;5;12m|\u001b[0m\u001b[0m                                                                 \u001b[0m\u001b[0m\u001b[1m\u001b[38;5;9m^^^^^^^^^\u001b[0m\u001b[0m \u001b[0m\u001b[0m\u001b[1m\u001b[38;5;9mnot found in this scope\u001b[0m\n\u001b[0m    \u001b[0m\u001b[0m\u001b[1m\u001b[38;5;12m|\u001b[0m\n\u001b[0m\u001b[1m\u001b[38;5;14mhelp\u001b[0m\u001b[0m: you might be missing a type parameter\u001b[0m\n\u001b[0m    \u001b[0m\u001b[0m\u001b[1m\u001b[38;5;12m|\u001b[0m\n\u001b[0m\u001b[1m\u001b[38;5;12m313\u001b[0m\u001b[0m \u001b[0m\u001b[0m\u001b[1m\u001b[38;5;12m| \u001b[0m\u001b[0mpub trait ProjectHooks\u001b[0m\u001b[0m\u001b[38;5;10m<HookError>\u001b[0m\u001b[0m {\u001b[0m\n\u001b[0m    \u001b[0m\u001b[0m\u001b[1m\u001b[38;5;12m|\u001b[0m\u001b[0m                       \u001b[0m\u001b[0m\u001b[38;5;10m+++++++++++\u001b[0m\n\n"}
{"$message_type":"diagnostic","message":"cannot find type `CreateData` in this scope","code":{"code":"E0412","explanation":"A used type name is not in scope.\n\nErroneous code examples:\n\n```compile_fail,E0412\nimpl Something {} // error: type name `Something` is not in scope\n\n// or:\n\ntrait Foo {\n    fn bar(N); // error: type name `N` is not in scope\n}\n\n// or:\n\nfn foo(x: T) {} // type name `T` is not in scope\n```\n\nTo fix this error, please verify you didn't misspell the type name, you did\ndeclare it or imported it into the scope. Examples:\n\n```\nstruct Something;\n\nimpl Something {} // ok!\n\n// or:\n\ntrait Foo {\n    type N;\n\n    fn bar(_: Self::N); // ok!\n}\n\n// or:\n\nfn foo<T>(x: T) {} // ok!\n```\n\nAnother case that causes this error is when a type is imported into a parent\nmodule. To fix this, you can follow the suggestion and use File directly or\n`use super::File;` which will import the types from the parent namespace. An\nexample that causes this error is below:\n\n```compile_fail,E0412\nuse std::fs::File;\n\nmod foo {\n    fn some_function(f: File) {}\n}\n```\n\n```\nuse std::fs::File;\n\nmod foo {\n    // either\n    use super::File;\n    // or\n    // use std::fs::File;\n    fn foo(f: File) {}\n}\n# fn main() {} // don't insert it for us; that'll break imports\n```\n"},"level":"error","spans":[{"file_name":"src/models.rs","byte_start":10532,"byte_end":10542,"line_start":322,"line_end":322,"column_start":46,"column_end":56,"is_primary":true,"text":[{"text":"    async fn before_create(&self, data: &mut CreateData) -> Result<(), HookError> {","highlight_start":46,"highlight_end":56}],"label":"not found in this scope","suggested_replacement":null,"suggestion_applicability":null,"expansion":null}],"children":[],"rendered":"\u001b[0m\u001b[1m\u001b[38;5;9merror[E0412]\u001b[0m\u001b[0m\u001b[1m: cannot find type `CreateData` in this scope\u001b[0m\n\u001b[0m   \u001b[0m\u001b[0m\u001b[1m\u001b[38;5;12m--> \u001b[0m\u001b[0msrc/models.rs:322:46\u001b[0m\n\u001b[0m    \u001b[0m\u001b[0m\u001b[1m\u001b[38;5;12m|\u001b[0m\n\u001b[0m\u001b[1m\u001b[38;5;12m322\u001b[0m\u001b[0m \u001b[0m\u001b[0m\u001b[1m\u001b[38;5;12m|\u001b[0m\u001b[0m \u001b[0m\u001b[0m    async fn before_create(&self, data: &mut CreateData) -> Result<(), HookError> {\u001b[0m\n\u001b[0m    \u001b[0m\u001b[0m\u001b[1m\u001b[38;5;12m|\u001b[0m\u001b[0m                                              \u001b[0m\u001b[0m\u001b[1m\u001b[38;5;9m^^^^^^^^^^\u001b[0m\u001b[0m \u001b[0m\u001b[0m\u001b[1m\u001b[38;5;9mnot found in this scope\u001b[0m\n\n"}
{"$message_type":"diagnostic","message":"cannot find type `HookError` in this scope","code":{"code":"E0412","explanation":"A used type name is not in scope.\n\nErroneous code examples:\n\n```compile_fail,E0412\nimpl Something {} // error: type name `Something` is not in scope\n\n// or:\n\ntrait Foo {\n    fn bar(N); // error: type name `N` is not in scope\n}\n\n// or:\n\nfn foo(x: T) {} // type name `T` is not in scope\n```\n\nTo fix this error, please verify you didn't misspell the type name, you did\ndeclare it or imported it into the scope. Examples:\n\n```\nstruct Something;\n\nimpl Something {} // ok!\n\n// or:\n\ntrait Foo {\n    type N;\n\n    fn bar(_: Self::N); // ok!\n}\n\n// or:\n\nfn foo<T>(x: T) {} // ok!\n```\n\nAnother case that causes this error is when a type is imported into a parent\nmodule. To fix this, you can follow the suggestion and use File directly or\n`use super::File;` which will import the types from the parent namespace. An\nexample that causes this error is below:\n\n```compile_fail,E0412\nuse std::fs::File;\n\nmod foo {\n    fn some_function(f: File) {}\n}\n```\n\n```\nuse std::fs::File;\n\nmod foo {\n    // either\n    use super::File;\n    // or\n    // use std::fs::File;\n    fn foo(f: File) {}\n}\n# fn main() {} // don't insert it for us; that'll break imports\n```\n"},"level":"error","spans":[{"file_name":"src/models.rs","byte_start":10558,"byte_end":10567,"line_start":322,"line_end":322,"column_start":72,"column_end":81,"is_primary":true,"text":[{"text":"    async fn before_create(&self, data: &mut CreateData) -> Result<(), HookError> {","highlight_start":72,"highlight_end":81}],"label":"not found in this scope","suggested_replacement":null,"suggestion_applicability":null,"expansion":null}],"children":[{"message":"you might be missing a type parameter","code":null,"level":"help","spans":[{"file_name":"src/models.rs","byte_start":10217,"byte_end":10217,"line_start":313,"line_end":313,"column_start":23,"column_end":23,"is_primary":true,"text":[{"text":"pub trait ProjectHooks {","highlight_start":23,"highlight_end":23}],"label":null,"suggested_replacement":"<HookError>","suggestion_applicability":"MaybeIncorrect","expansion":null}],"children":[],"rendered":null}],"rendered":"\u001b[0m\u001b[1m\u001b[38;5;9merror[E0412]\u001b[0m\u001b[0m\u001b[1m: cannot find type `HookError` in this scope\u001b[0m\n\u001b[0m   \u001b[0m\u001b[0m\u001b[1m\u001b[38;5;12m--> \u001b[0m\u001b[0msrc/models.rs:322:72\u001b[0m\n\u001b[0m    \u001b[0m\u001b[0m\u001b[1m\u001b[38;5;12m|\u001b[0m\n\u001b[0m\u001b[1m\u001b[38;5;12m322\u001b[0m\u001b[0m \u001b[0m\u001b[0m\u001b[1m\u001b[38;5;12m|\u001b[0m\u001b[0m \u001b[0m\u001b[0m    async fn before_create(&self, data: &mut CreateData) -> Result<(), HookError> {\u001b[0m\n\u001b[0m    \u001b[0m\u001b[0m\u001b[1m\u001b[38;5;12m|\u001b[0m\u001b[0m                                                                        \u001b[0m\u001b[0m\u001b[1m\u001b[38;5;9m^^^^^^^^^\u001b[0m\u001b[0m \u001b[0m\u001b[0m\u001b[1m\u001b[38;5;9mnot found in this scope\u001b[0m\n\u001b[0m    \u001b[0m\u001b[0m\u001b[1m\u001b[38;5;12m|\u001b[0m\n\u001b[0m\u001b[1m\u001b[38;5;14mhelp\u001b[0m\u001b[0m: you might be missing a type parameter\u001b[0m\n\u001b[0m    \u001b[0m\u001b[0m\u001b[1m\u001b[38;5;12m|\u001b[0m\n\u001b[0m\u001b[1m\u001b[38;5;12m313\u001b[0m\u001b[0m \u001b[0m\u001b[0m\u001b[1m\u001b[38;5;12m| \u001b[0m\u001b[0mpub trait ProjectHooks\u001b[0m\u001b[0m\u001b[38;5;10m<HookError>\u001b[0m\u001b[0m {\u001b[0m\n\u001b[0m    \u001b[0m\u001b[0m\u001b[1m\u001b[38;5;12m|\u001b[0m\u001b[0m                       \u001b[0m\u001b[0m\u001b[38;5;10m+++++++++++\u001b[0m\n\n"}
{"$message_type":"diagnostic","message":"cannot find type `HookError` in this scope","code":{"code":"E0412","explanation":"A used type name is not in scope.\n\nErroneous code examples:\n\n```compile_fail,E0412\nimpl Something {} // error: type name `Something` is not in scope\n\n// or:\n\ntrait Foo {\n    fn bar(N); // error: type name `N` is not in scope\n}\n\n// or:\n\nfn foo(x: T) {} // type name `T` is not in scope\n```\n\nTo fix this error, please verify you didn't misspell the type name, you did\ndeclare it or imported it into the scope. Examples:\n\n```\nstruct Something;\n\nimpl Something {} // ok!\n\n// or:\n\ntrait Foo {\n    type N;\n\n    fn bar(_: Self::N); // ok!\n}\n\n// or:\n\nfn foo<T>(x: T) {} // ok!\n```\n\nAnother case that causes this error is when a type is imported into a parent\nmodule. To fix this, you can follow the suggestion and use File directly or\n`use super::File;` which will import the types from the parent namespace. An\nexample that causes this error is below:\n\n```compile_fail,E0412\nuse std::fs::File;\n\nmod foo {\n    fn some_function(f: File) {}\n}\n```\n\n```\nuse std::fs::File;\n\nmod foo {\n    // either\n    use super::File;\n    // or\n    // use std::fs::File;\n    fn foo(f: File) {}\n}\n# fn main() {} // don't insert it for us; that'll break imports\n```\n"},"level":"error","spans":[{"file_name":"src/models.rs","byte_start":10685,"byte_end":10694,"line_start":326,"line_end":326,"column_start":59,"column_end":68,"is_primary":true,"text":[{"text":"    async fn before_delete(&self, id: &str) -> Result<(), HookError> {","highlight_start":59,"highlight_end":68}],"label":"not found in this scope","suggested_replacement":null,"suggestion_applicability":null,"expansion":null}],"children":[{"message":"you might be missing a type parameter","code":null,"level":"help","spans":[{"file_name":"src/models.rs","byte_start":10217,"byte_end":10217,"line_start":313,"line_end":313,"column_start":23,"column_end":23,"is_primary":true,"text":[{"text":"pub trait ProjectHooks {","highlight_start":23,"highlight_end":23}],"label":null,"suggested_replacement":"<HookError>","suggestion_applicability":"MaybeIncorrect","expansion":null}],"children":[],"rendered":null}],"rendered":"\u001b[0m\u001b[1m\u001b[38;5;9merror[E0412]\u001b[0m\u001b[0m\u001b[1m: cannot find type `HookError` in this scope\u001b[0m\n\u001b[0m   \u001b[0m\u001b[0m\u001b[1m\u001b[38;5;12m--> \u001b[0m\u001b[0msrc/models.rs:326:59\u001b[0m\n\u001b[0m    \u001b[0m\u001b[0m\u001b[1m\u001b[38;5;12m|\u001b[0m\n\u001b[0m\u001b[1m\u001b[38;5;12m326\u001b[0m\u001b[0m \u001b[0m\u001b[0m\u001b[1m\u001b[38;5;12m|\u001b[0m\u001b[0m \u001b[0m\u001b[0m    async fn before_delete(&self, id: &str) -> Result<(), HookError> {\u001b[0m\n\u001b[0m    \u001b[0m\u001b[0m\u001b[1m\u001b[38;5;12m|\u001b[0m\u001b[0m                                                           \u001b[0m\u001b[0m\u001b[1m\u001b[38;5;9m^^^^^^^^^\u001b[0m\u001b[0m \u001b[0m\u001b[0m\u001b[1m\u001b[38;5;9mnot found in this scope\u001b[0m\n\u001b[0m    \u001b[0m\u001b[0m\u001b[1m\u001b[38;5;12m|\u001b[0m\n\u001b[0m\u001b[1m\u001b[38;5;14mhelp\u001b[0m\u001b[0m: you might be missing a type parameter\u001b[0m\n\u001b[0m    \u001b[0m\u001b[0m\u001b[1m\u001b[38;5;12m|\u001b[0m\n\u001b[0m\u001b[1m\u001b[38;5;12m313\u001b[0m\u001b[0m \u001b[0m\u001b[0m\u001b[1m\u001b[38;5;12m| \u001b[0m\u001b[0mpub trait ProjectHooks\u001b[0m\u001b[0m\u001b[38;5;10m<HookError>\u001b[0m\u001b[0m {\u001b[0m\n\u001b[0m    \u001b[0m\u001b[0m\u001b[1m\u001b[38;5;12m|\u001b[0m\u001b[0m                       \u001b[0m\u001b[0m\u001b[38;5;10m+++++++++++\u001b[0m\n\n"}
{"$message_type":"diagnostic","message":"cannot find type `CreateData` in this scope","code":{"code":"E0412","explanation":"A used type name is not in scope.\n\nErroneous code examples:\n\n```compile_fail,E0412\nimpl Something {} // error: type name `Something` is not in scope\n\n// or:\n\ntrait Foo {\n    fn bar(N); // error: type name `N` is not in scope\n}\n\n// or:\n\nfn foo(x: T) {} // type name `T` is not in scope\n```\n\nTo fix this error, please verify you didn't misspell the type name, you did\ndeclare it or imported it into the scope. Examples:\n\n```\nstruct Something;\n\nimpl Something {} // ok!\n\n// or:\n\ntrait Foo {\n    type N;\n\n    fn bar(_: Self::N); // ok!\n}\n\n// or:\n\nfn foo<T>(x: T) {} // ok!\n```\n\nAnother case that causes this error is when a type is imported into a parent\nmodule. To fix this, you can follow the suggestion and use File directly or\n`use super::File;` which will import the types from the parent namespace. An\nexample that causes this error is below:\n\n```compile_fail,E0412\nuse std::fs::File;\n\nmod foo {\n    fn some_function(f: File) {}\n}\n```\n\n```\nuse std::fs::File;\n\nmod foo {\n    // either\n    use super::File;\n    // or\n    // use std::fs::File;\n    fn foo(f: File) {}\n}\n# fn main() {} // don't insert it for us; that'll break imports\n```\n"},"level":"error","spans":[{"file_name":"src/models.rs","byte_start":15237,"byte_end":15247,"line_start":464,"line_end":464,"column_start":50,"column_end":60,"is_primary":true,"text":[{"text":"        async fn before_create(&self, data: &mut CreateData) -> Result<(), HookError> {","highlight_start":50,"highlight_end":60}],"label":"not found in this scope","suggested_replacement":null,"suggestion_applicability":null,"expansion":null}],"children":[],"rendered":"\u001b[0m\u001b[1m\u001b[38;5;9merror[E0412]\u001b[0m\u001b[0m\u001b[1m: cannot find type `CreateData` in this scope\u001b[0m\n\u001b[0m   \u001b[0m\u001b[0m\u001b[1m\u001b[38;5;12m--> \u001b[0m\u001b[0msrc/models.rs:464:50\u001b[0m\n\u001b[0m    \u001b[0m\u001b[0m\u001b[1m\u001b[38;5;12m|\u001b[0m\n\u001b[0m\u001b[1m\u001b[38;5;12m464\u001b[0m\u001b[0m \u001b[0m\u001b[0m\u001b[1m\u001b[38;5;12m|\u001b[0m\u001b[0m \u001b[0m\u001b[0m        async fn before_create(&self, data: &mut CreateData) -> Result<(), HookError> {\u001b[0m\n\u001b[0m    \u001b[0m\u001b[0m\u001b[1m\u001b[38;5;12m|\u001b[0m\u001b[0m                                                  \u001b[0m\u001b[0m\u001b[1m\u001b[38;5;9m^^^^^^^^^^\u001b[0m\u001b[0m \u001b[0m\u001b[0m\u001b[1m\u001b[38;5;9mnot found in this scope\u001b[0m\n\n"}
{"$message_type":"diagnostic","message":"cannot find type `HookError` in this scope","code":{"code":"E0412","explanation":"A used type name is not in scope.\n\nErroneous code examples:\n\n```compile_fail,E0412\nimpl Something {} // error: type name `Something` is not in scope\n\n// or:\n\ntrait Foo {\n    fn bar(N); // error: type name `N` is not in scope\n}\n\n// or:\n\nfn foo(x: T) {} // type name `T` is not in scope\n```\n\nTo fix this error, please verify you didn't misspell the type name, you did\ndeclare it or imported it into the scope. Examples:\n\n```\nstruct Something;\n\nimpl Something {} // ok!\n\n// or:\n\ntrait Foo {\n    type N;\n\n    fn bar(_: Self::N); // ok!\n}\n\n// or:\n\nfn foo<T>(x: T) {} // ok!\n```\n\nAnother case that causes this error is when a type is imported into a parent\nmodule. To fix this, you can follow the suggestion and use File directly or\n`use super::File;` which will import the types from the parent namespace. An\nexample that causes this error is below:\n\n```compile_fail,E0412\nuse std::fs::File;\n\nmod foo {\n    fn some_function(f: File) {}\n}\n```\n\n```\nuse std::fs::File;\n\nmod foo {\n    // either\n    use super::File;\n    // or\n    // use std::fs::File;\n    fn foo(f: File) {}\n}\n# fn main() {} // don't insert it for us; that'll break imports\n```\n"},"level":"error","spans":[{"file_name":"src/models.rs","byte_start":15263,"byte_end":15272,"line_start":464,"line_end":464,"column_start":76,"column_end":85,"is_primary":true,"text":[{"text":"        async fn before_create(&self, data: &mut CreateData) -> Result<(), HookError> {","highlight_start":76,"highlight_end":85}],"label":"not found in this scope","suggested_replacement":null,"suggestion_applicability":null,"expansion":null}],"children":[{"message":"you might be missing a type parameter","code":null,"level":"help","spans":[{"file_name":"src/models.rs","byte_start":15185,"byte_end":15185,"line_start":463,"line_end":463,"column_start":24,"column_end":24,"is_primary":true,"text":[{"text":"pub trait TemplateHooks {","highlight_start":24,"highlight_end":24}],"label":null,"suggested_replacement":"<HookError>","suggestion_applicability":"MaybeIncorrect","expansion":null}],"children":[],"rendered":null}],"rendered":"\u001b[0m\u001b[1m\u001b[38;5;9merror[E0412]\u001b[0m\u001b[0m\u001b[1m: cannot find type `HookError` in this scope\u001b[0m\n\u001b[0m   \u001b[0m\u001b[0m\u001b[1m\u001b[38;5;12m--> \u001b[0m\u001b[0msrc/models.rs:464:76\u001b[0m\n\u001b[0m    \u001b[0m\u001b[0m\u001b[1m\u001b[38;5;12m|\u001b[0m\n\u001b[0m\u001b[1m\u001b[38;5;12m464\u001b[0m\u001b[0m \u001b[0m\u001b[0m\u001b[1m\u001b[38;5;12m|\u001b[0m\u001b[0m \u001b[0m\u001b[0m        async fn before_create(&self, data: &mut CreateData) -> Result<(), HookError> {\u001b[0m\n\u001b[0m    \u001b[0m\u001b[0m\u001b[1m\u001b[38;5;12m|\u001b[0m\u001b[0m                                                                            \u001b[0m\u001b[0m\u001b[1m\u001b[38;5;9m^^^^^^^^^\u001b[0m\u001b[0m \u001b[0m\u001b[0m\u001b[1m\u001b[38;5;9mnot found in this scope\u001b[0m\n\u001b[0m    \u001b[0m\u001b[0m\u001b[1m\u001b[38;5;12m|\u001b[0m\n\u001b[0m\u001b[1m\u001b[38;5;14mhelp\u001b[0m\u001b[0m: you might be missing a type parameter\u001b[0m\n\u001b[0m    \u001b[0m\u001b[0m\u001b[1m\u001b[38;5;12m|\u001b[0m\n\u001b[0m\u001b[1m\u001b[38;5;12m463\u001b[0m\u001b[0m \u001b[0m\u001b[0m\u001b[1m\u001b[38;5;12m| \u001b[0m\u001b[0mpub trait TemplateHooks\u001b[0m\u001b[0m\u001b[38;5;10m<HookError>\u001b[0m\u001b[0m {\u001b[0m\n\u001b[0m    \u001b[0m\u001b[0m\u001b[1m\u001b[38;5;12m|\u001b[0m\u001b[0m                        \u001b[0m\u001b[0m\u001b[38;5;10m+++++++++++\u001b[0m\n\n"}
{"$message_type":"diagnostic","message":"cannot find type `UpdateData` in this scope","code":{"code":"E0412","explanation":"A used type name is not in scope.\n\nErroneous code examples:\n\n```compile_fail,E0412\nimpl Something {} // error: type name `Something` is not in scope\n\n// or:\n\ntrait Foo {\n    fn bar(N); // error: type name `N` is not in scope\n}\n\n// or:\n\nfn foo(x: T) {} // type name `T` is not in scope\n```\n\nTo fix this error, please verify you didn't misspell the type name, you did\ndeclare it or imported it into the scope. Examples:\n\n```\nstruct Something;\n\nimpl Something {} // ok!\n\n// or:\n\ntrait Foo {\n    type N;\n\n    fn bar(_: Self::N); // ok!\n}\n\n// or:\n\nfn foo<T>(x: T) {} // ok!\n```\n\nAnother case that causes this error is when a type is imported into a parent\nmodule. To fix this, you can follow the suggestion and use File directly or\n`use super::File;` which will import the types from the parent namespace. An\nexample that causes this error is below:\n\n```compile_fail,E0412\nuse std::fs::File;\n\nmod foo {\n    fn some_function(f: File) {}\n}\n```\n\n```\nuse std::fs::File;\n\nmod foo {\n    // either\n    use super::File;\n    // or\n    // use std::fs::File;\n    fn foo(f: File) {}\n}\n# fn main() {} // don't insert it for us; that'll break imports\n```\n"},"level":"error","spans":[{"file_name":"src/models.rs","byte_start":15386,"byte_end":15396,"line_start":468,"line_end":468,"column_start":56,"column_end":66,"is_primary":true,"text":[{"text":"    async fn before_update(&self, id: &str, data: &mut UpdateData) -> Result<(), HookError> {","highlight_start":56,"highlight_end":66}],"label":"not found in this scope","suggested_replacement":null,"suggestion_applicability":null,"expansion":null}],"children":[],"rendered":"\u001b[0m\u001b[1m\u001b[38;5;9merror[E0412]\u001b[0m\u001b[0m\u001b[1m: cannot find type `UpdateData` in this scope\u001b[0m\n\u001b[0m   \u001b[0m\u001b[0m\u001b[1m\u001b[38;5;12m--> \u001b[0m\u001b[0msrc/models.rs:468:56\u001b[0m\n\u001b[0m    \u001b[0m\u001b[0m\u001b[1m\u001b[38;5;12m|\u001b[0m\n\u001b[0m\u001b[1m\u001b[38;5;12m468\u001b[0m\u001b[0m \u001b[0m\u001b[0m\u001b[1m\u001b[38;5;12m|\u001b[0m\u001b[0m \u001b[0m\u001b[0m    async fn before_update(&self, id: &str, data: &mut UpdateData) -> Result<(), HookError> {\u001b[0m\n\u001b[0m    \u001b[0m\u001b[0m\u001b[1m\u001b[38;5;12m|\u001b[0m\u001b[0m                                                        \u001b[0m\u001b[0m\u001b[1m\u001b[38;5;9m^^^^^^^^^^\u001b[0m\u001b[0m \u001b[0m\u001b[0m\u001b[1m\u001b[38;5;9mnot found in this scope\u001b[0m\n\n"}
{"$message_type":"diagnostic","message":"cannot find type `HookError` in this scope","code":{"code":"E0412","explanation":"A used type name is not in scope.\n\nErroneous code examples:\n\n```compile_fail,E0412\nimpl Something {} // error: type name `Something` is not in scope\n\n// or:\n\ntrait Foo {\n    fn bar(N); // error: type name `N` is not in scope\n}\n\n// or:\n\nfn foo(x: T) {} // type name `T` is not in scope\n```\n\nTo fix this error, please verify you didn't misspell the type name, you did\ndeclare it or imported it into the scope. Examples:\n\n```\nstruct Something;\n\nimpl Something {} // ok!\n\n// or:\n\ntrait Foo {\n    type N;\n\n    fn bar(_: Self::N); // ok!\n}\n\n// or:\n\nfn foo<T>(x: T) {} // ok!\n```\n\nAnother case that causes this error is when a type is imported into a parent\nmodule. To fix this, you can follow the suggestion and use File directly or\n`use super::File;` which will import the types from the parent namespace. An\nexample that causes this error is below:\n\n```compile_fail,E0412\nuse std::fs::File;\n\nmod foo {\n    fn some_function(f: File) {}\n}\n```\n\n```\nuse std::fs::File;\n\nmod foo {\n    // either\n    use super::File;\n    // or\n    // use std::fs::File;\n    fn foo(f: File) {}\n}\n# fn main() {} // don't insert it for us; that'll break imports\n```\n"},"level":"error","spans":[{"file_name":"src/models.rs","byte_start":15412,"byte_end":15421,"line_start":468,"line_end":468,"column_start":82,"column_end":91,"is_primary":true,"text":[{"text":"    async fn before_update(&self, id: &str, data: &mut UpdateData) -> Result<(), HookError> {","highlight_start":82,"highlight_end":91}],"label":"not found in this scope","suggested_replacement":null,"suggestion_applicability":null,"expansion":null}],"children":[{"message":"you might be missing a type parameter","code":null,"level":"help","spans":[{"file_name":"src/models.rs","byte_start":15185,"byte_end":15185,"line_start":463,"line_end":463,"column_start":24,"column_end":24,"is_primary":true,"text":[{"text":"pub trait TemplateHooks {","highlight_start":24,"highlight_end":24}],"label":null,"suggested_replacement":"<HookError>","suggestion_applicability":"MaybeIncorrect","expansion":null}],"children":[],"rendered":null}],"rendered":"\u001b[0m\u001b[1m\u001b[38;5;9merror[E0412]\u001b[0m\u001b[0m\u001b[1m: cannot find type `HookError` in this scope\u001b[0m\n\u001b[0m   \u001b[0m\u001b[0m\u001b[1m\u001b[38;5;12m--> \u001b[0m\u001b[0msrc/models.rs:468:82\u001b[0m\n\u001b[0m    \u001b[0m\u001b[0m\u001b[1m\u001b[38;5;12m|\u001b[0m\n\u001b[0m\u001b[1m\u001b[38;5;12m468\u001b[0m\u001b[0m \u001b[0m\u001b[0m\u001b[1m\u001b[38;5;12m|\u001b[0m\u001b[0m \u001b[0m\u001b[0m    async fn before_update(&self, id: &str, data: &mut UpdateData) -> Result<(), HookError> {\u001b[0m\n\u001b[0m    \u001b[0m\u001b[0m\u001b[1m\u001b[38;5;12m|\u001b[0m\u001b[0m                                                                                  \u001b[0m\u001b[0m\u001b[1m\u001b[38;5;9m^^^^^^^^^\u001b[0m\u001b[0m \u001b[0m\u001b[0m\u001b[1m\u001b[38;5;9mnot found in this scope\u001b[0m\n\u001b[0m    \u001b[0m\u001b[0m\u001b[1m\u001b[38;5;12m|\u001b[0m\n\u001b[0m\u001b[1m\u001b[38;5;14mhelp\u001b[0m\u001b[0m: you might be missing a type parameter\u001b[0m\n\u001b[0m    \u001b[0m\u001b[0m\u001b[1m\u001b[38;5;12m|\u001b[0m\n\u001b[0m\u001b[1m\u001b[38;5;12m463\u001b[0m\u001b[0m \u001b[0m\u001b[0m\u001b[1m\u001b[38;5;12m| \u001b[0m\u001b[0mpub trait TemplateHooks\u001b[0m\u001b[0m\u001b[38;5;10m<HookError>\u001b[0m\u001b[0m {\u001b[0m\n\u001b[0m    \u001b[0m\u001b[0m\u001b[1m\u001b[38;5;12m|\u001b[0m\u001b[0m                        \u001b[0m\u001b[0m\u001b[38;5;10m+++++++++++\u001b[0m\n\n"}
{"$message_type":"diagnostic","message":"unused import: `sqlite::SqlitePoolOptions`","code":{"code":"unused_imports","explanation":null},"level":"warning","spans":[{"file_name":"src/database.rs","byte_start":23,"byte_end":48,"line_start":1,"line_end":1,"column_start":24,"column_end":49,"is_primary":true,"text":[{"text":"use sqlx::{SqlitePool, sqlite::SqlitePoolOptions};","highlight_start":24,"highlight_end":49}],"label":null,"suggested_replacement":null,"suggestion_applicability":null,"expansion":null}],"children":[{"message":"`#[warn(unused_imports)]` on by default","code":null,"level":"note","spans":[],"children":[],"rendered":null},{"message":"remove the unused import","code":null,"level":"help","spans":[{"file_name":"src/database.rs","byte_start":21,"byte_end":48,"line_start":1,"line_end":1,"column_start":22,"column_end":49,"is_primary":true,"text":[{"text":"use sqlx::{SqlitePool, sqlite::SqlitePoolOptions};","highlight_start":22,"highlight_end":49}],"label":null,"suggested_replacement":"","suggestion_applicability":"MachineApplicable","expansion":null},{"file_name":"src/database.rs","byte_start":10,"byte_end":11,"line_start":1,"line_end":1,"column_start":11,"column_end":12,"is_primary":true,"text":[{"text":"use sqlx::{SqlitePool, sqlite::SqlitePoolOptions};","highlight_start":11,"highlight_end":12}],"label":null,"suggested_replacement":"","suggestion_applicability":"MachineApplicable","expansion":null},{"file_name":"src/database.rs","byte_start":48,"byte_end":49,"line_start":1,"line_end":1,"column_start":49,"column_end":50,"is_primary":true,"text":[{"text":"use sqlx::{SqlitePool, sqlite::SqlitePoolOptions};","highlight_start":49,"highlight_end":50}],"label":null,"suggested_replacement":"","suggestion_applicability":"MachineApplicable","expansion":null}],"children":[],"rendered":null}],"rendered":"\u001b[0m\u001b[1m\u001b[33mwarning\u001b[0m\u001b[0m\u001b[1m: unused import: `sqlite::SqlitePoolOptions`\u001b[0m\n\u001b[0m \u001b[0m\u001b[0m\u001b[1m\u001b[38;5;12m--> \u001b[0m\u001b[0msrc/database.rs:1:24\u001b[0m\n\u001b[0m  \u001b[0m\u001b[0m\u001b[1m\u001b[38;5;12m|\u001b[0m\n\u001b[0m\u001b[1m\u001b[38;5;12m1\u001b[0m\u001b[0m \u001b[0m\u001b[0m\u001b[1m\u001b[38;5;12m|\u001b[0m\u001b[0m \u001b[0m\u001b[0muse sqlx::{SqlitePool, sqlite::SqlitePoolOptions};\u001b[0m\n\u001b[0m  \u001b[0m\u001b[0m\u001b[1m\u001b[38;5;12m|\u001b[0m\u001b[0m                        \u001b[0m\u001b[0m\u001b[1m\u001b[33m^^^^^^^^^^^^^^^^^^^^^^^^^\u001b[0m\n\u001b[0m  \u001b[0m\u001b[0m\u001b[1m\u001b[38;5;12m|\u001b[0m\n\u001b[0m  \u001b[0m\u001b[0m\u001b[1m\u001b[38;5;12m= \u001b[0m\u001b[0m\u001b[1mnote\u001b[0m\u001b[0m: `#[warn(unused_imports)]` on by default\u001b[0m\n\n"}
{"$message_type":"diagnostic","message":"no method named `log_config_creation` found for reference `&Self` in the current scope","code":{"code":"E0599","explanation":"This error occurs when a method is used on a type which doesn't implement it:\n\nErroneous code example:\n\n```compile_fail,E0599\nstruct Mouth;\n\nlet x = Mouth;\nx.chocolate(); // error: no method named `chocolate` found for type `Mouth`\n               //        in the current scope\n```\n\nIn this case, you need to implement the `chocolate` method to fix the error:\n\n```\nstruct Mouth;\n\nimpl Mouth {\n    fn chocolate(&self) { // We implement the `chocolate` method here.\n        println!(\"Hmmm! I love chocolate!\");\n    }\n}\n\nlet x = Mouth;\nx.chocolate(); // ok!\n```\n"},"level":"error","spans":[{"file_name":"src/models.rs","byte_start":980,"byte_end":999,"line_start":33,"line_end":33,"column_start":14,"column_end":33,"is_primary":true,"text":[{"text":"        self.log_config_creation(entity).await","highlight_start":14,"highlight_end":33}],"label":"method not found in `&Self`","suggested_replacement":null,"suggestion_applicability":null,"expansion":null}],"children":[],"rendered":"\u001b[0m\u001b[1m\u001b[38;5;9merror[E0599]\u001b[0m\u001b[0m\u001b[1m: no method named `log_config_creation` found for reference `&Self` in the current scope\u001b[0m\n\u001b[0m  \u001b[0m\u001b[0m\u001b[1m\u001b[38;5;12m--> \u001b[0m\u001b[0msrc/models.rs:33:14\u001b[0m\n\u001b[0m   \u001b[0m\u001b[0m\u001b[1m\u001b[38;5;12m|\u001b[0m\n\u001b[0m\u001b[1m\u001b[38;5;12m33\u001b[0m\u001b[0m \u001b[0m\u001b[0m\u001b[1m\u001b[38;5;12m|\u001b[0m\u001b[0m \u001b[0m\u001b[0m        self.log_config_creation(entity).await\u001b[0m\n\u001b[0m   \u001b[0m\u001b[0m\u001b[1m\u001b[38;5;12m|\u001b[0m\u001b[0m              \u001b[0m\u001b[0m\u001b[1m\u001b[38;5;9m^^^^^^^^^^^^^^^^^^^\u001b[0m\u001b[0m \u001b[0m\u001b[0m\u001b[1m\u001b[38;5;9mmethod not found in `&Self`\u001b[0m\n\n"}
{"$message_type":"diagnostic","message":"no method named `validate_and_sanitize` found for reference `&Self` in the current scope","code":{"code":"E0599","explanation":"This error occurs when a method is used on a type which doesn't implement it:\n\nErroneous code example:\n\n```compile_fail,E0599\nstruct Mouth;\n\nlet x = Mouth;\nx.chocolate(); // error: no method named `chocolate` found for type `Mouth`\n               //        in the current scope\n```\n\nIn this case, you need to implement the `chocolate` method to fix the error:\n\n```\nstruct Mouth;\n\nimpl Mouth {\n    fn chocolate(&self) { // We implement the `chocolate` method here.\n        println!(\"Hmmm! I love chocolate!\");\n    }\n}\n\nlet x = Mouth;\nx.chocolate(); // ok!\n```\n"},"level":"error","spans":[{"file_name":"src/models.rs","byte_start":1118,"byte_end":1139,"line_start":37,"line_end":37,"column_start":14,"column_end":35,"is_primary":true,"text":[{"text":"        self.validate_and_sanitize(data).await","highlight_start":14,"highlight_end":35}],"label":"method not found in `&Self`","suggested_replacement":null,"suggestion_applicability":null,"expansion":null}],"children":[],"rendered":"\u001b[0m\u001b[1m\u001b[38;5;9merror[E0599]\u001b[0m\u001b[0m\u001b[1m: no method named `validate_and_sanitize` found for reference `&Self` in the current scope\u001b[0m\n\u001b[0m  \u001b[0m\u001b[0m\u001b[1m\u001b[38;5;12m--> \u001b[0m\u001b[0msrc/models.rs:37:14\u001b[0m\n\u001b[0m   \u001b[0m\u001b[0m\u001b[1m\u001b[38;5;12m|\u001b[0m\n\u001b[0m\u001b[1m\u001b[38;5;12m37\u001b[0m\u001b[0m \u001b[0m\u001b[0m\u001b[1m\u001b[38;5;12m|\u001b[0m\u001b[0m \u001b[0m\u001b[0m        self.validate_and_sanitize(data).await\u001b[0m\n\u001b[0m   \u001b[0m\u001b[0m\u001b[1m\u001b[38;5;12m|\u001b[0m\u001b[0m              \u001b[0m\u001b[0m\u001b[1m\u001b[38;5;9m^^^^^^^^^^^^^^^^^^^^^\u001b[0m\u001b[0m \u001b[0m\u001b[0m\u001b[1m\u001b[38;5;9mmethod not found in `&Self`\u001b[0m\n\n"}
{"$message_type":"diagnostic","message":"no method named `validate_yaml_changes` found for reference `&Self` in the current scope","code":{"code":"E0599","explanation":"This error occurs when a method is used on a type which doesn't implement it:\n\nErroneous code example:\n\n```compile_fail,E0599\nstruct Mouth;\n\nlet x = Mouth;\nx.chocolate(); // error: no method named `chocolate` found for type `Mouth`\n               //        in the current scope\n```\n\nIn this case, you need to implement the `chocolate` method to fix the error:\n\n```\nstruct Mouth;\n\nimpl Mouth {\n    fn chocolate(&self) { // We implement the `chocolate` method here.\n        println!(\"Hmmm! I love chocolate!\");\n    }\n}\n\nlet x = Mouth;\nx.chocolate(); // ok!\n```\n"},"level":"error","spans":[{"file_name":"src/models.rs","byte_start":1266,"byte_end":1287,"line_start":41,"line_end":41,"column_start":14,"column_end":35,"is_primary":true,"text":[{"text":"        self.validate_yaml_changes(id, data).await","highlight_start":14,"highlight_end":35}],"label":"method not found in `&Self`","suggested_replacement":null,"suggestion_applicability":null,"expansion":null}],"children":[],"rendered":"\u001b[0m\u001b[1m\u001b[38;5;9merror[E0599]\u001b[0m\u001b[0m\u001b[1m: no method named `validate_yaml_changes` found for reference `&Self` in the current scope\u001b[0m\n\u001b[0m  \u001b[0m\u001b[0m\u001b[1m\u001b[38;5;12m--> \u001b[0m\u001b[0msrc/models.rs:41:14\u001b[0m\n\u001b[0m   \u001b[0m\u001b[0m\u001b[1m\u001b[38;5;12m|\u001b[0m\n\u001b[0m\u001b[1m\u001b[38;5;12m41\u001b[0m\u001b[0m \u001b[0m\u001b[0m\u001b[1m\u001b[38;5;12m|\u001b[0m\u001b[0m \u001b[0m\u001b[0m        self.validate_yaml_changes(id, data).await\u001b[0m\n\u001b[0m   \u001b[0m\u001b[0m\u001b[1m\u001b[38;5;12m|\u001b[0m\u001b[0m              \u001b[0m\u001b[0m\u001b[1m\u001b[38;5;9m^^^^^^^^^^^^^^^^^^^^^\u001b[0m\u001b[0m \u001b[0m\u001b[0m\u001b[1m\u001b[38;5;9mmethod not found in `&Self`\u001b[0m\n\n"}
{"$message_type":"diagnostic","message":"no method named `fetch_and_cache_manifest` found for reference `&Self` in the current scope","code":{"code":"E0599","explanation":"This error occurs when a method is used on a type which doesn't implement it:\n\nErroneous code example:\n\n```compile_fail,E0599\nstruct Mouth;\n\nlet x = Mouth;\nx.chocolate(); // error: no method named `chocolate` found for type `Mouth`\n               //        in the current scope\n```\n\nIn this case, you need to implement the `chocolate` method to fix the error:\n\n```\nstruct Mouth;\n\nimpl Mouth {\n    fn chocolate(&self) { // We implement the `chocolate` method here.\n        println!(\"Hmmm! I love chocolate!\");\n    }\n}\n\nlet x = Mouth;\nx.chocolate(); // ok!\n```\n"},"level":"error","spans":[{"file_name":"src/models.rs","byte_start":5600,"byte_end":5624,"line_start":174,"line_end":174,"column_start":14,"column_end":38,"is_primary":true,"text":[{"text":"        self.fetch_and_cache_manifest(entity).await","highlight_start":14,"highlight_end":38}],"label":"method not found in `&Self`","suggested_replacement":null,"suggestion_applicability":null,"expansion":null}],"children":[],"rendered":"\u001b[0m\u001b[1m\u001b[38;5;9merror[E0599]\u001b[0m\u001b[0m\u001b[1m: no method named `fetch_and_cache_manifest` found for reference `&Self` in the current scope\u001b[0m\n\u001b[0m   \u001b[0m\u001b[0m\u001b[1m\u001b[38;5;12m--> \u001b[0m\u001b[0msrc/models.rs:174:14\u001b[0m\n\u001b[0m    \u001b[0m\u001b[0m\u001b[1m\u001b[38;5;12m|\u001b[0m\n\u001b[0m\u001b[1m\u001b[38;5;12m174\u001b[0m\u001b[0m \u001b[0m\u001b[0m\u001b[1m\u001b[38;5;12m|\u001b[0m\u001b[0m \u001b[0m\u001b[0m        self.fetch_and_cache_manifest(entity).await\u001b[0m\n\u001b[0m    \u001b[0m\u001b[0m\u001b[1m\u001b[38;5;12m|\u001b[0m\u001b[0m              \u001b[0m\u001b[0m\u001b[1m\u001b[38;5;9m^^^^^^^^^^^^^^^^^^^^^^^^\u001b[0m\u001b[0m \u001b[0m\u001b[0m\u001b[1m\u001b[38;5;9mmethod not found in `&Self`\u001b[0m\n\n"}
{"$message_type":"diagnostic","message":"no method named `validate_component_uri` found for reference `&Self` in the current scope","code":{"code":"E0599","explanation":"This error occurs when a method is used on a type which doesn't implement it:\n\nErroneous code example:\n\n```compile_fail,E0599\nstruct Mouth;\n\nlet x = Mouth;\nx.chocolate(); // error: no method named `chocolate` found for type `Mouth`\n               //        in the current scope\n```\n\nIn this case, you need to implement the `chocolate` method to fix the error:\n\n```\nstruct Mouth;\n\nimpl Mouth {\n    fn chocolate(&self) { // We implement the `chocolate` method here.\n        println!(\"Hmmm! I love chocolate!\");\n    }\n}\n\nlet x = Mouth;\nx.chocolate(); // ok!\n```\n"},"level":"error","spans":[{"file_name":"src/models.rs","byte_start":5743,"byte_end":5765,"line_start":178,"line_end":178,"column_start":14,"column_end":36,"is_primary":true,"text":[{"text":"        self.validate_component_uri(data).await","highlight_start":14,"highlight_end":36}],"label":"method not found in `&Self`","suggested_replacement":null,"suggestion_applicability":null,"expansion":null}],"children":[],"rendered":"\u001b[0m\u001b[1m\u001b[38;5;9merror[E0599]\u001b[0m\u001b[0m\u001b[1m: no method named `validate_component_uri` found for reference `&Self` in the current scope\u001b[0m\n\u001b[0m   \u001b[0m\u001b[0m\u001b[1m\u001b[38;5;12m--> \u001b[0m\u001b[0msrc/models.rs:178:14\u001b[0m\n\u001b[0m    \u001b[0m\u001b[0m\u001b[1m\u001b[38;5;12m|\u001b[0m\n\u001b[0m\u001b[1m\u001b[38;5;12m178\u001b[0m\u001b[0m \u001b[0m\u001b[0m\u001b[1m\u001b[38;5;12m|\u001b[0m\u001b[0m \u001b[0m\u001b[0m        self.validate_component_uri(data).await\u001b[0m\n\u001b[0m    \u001b[0m\u001b[0m\u001b[1m\u001b[38;5;12m|\u001b[0m\u001b[0m              \u001b[0m\u001b[0m\u001b[1m\u001b[38;5;9m^^^^^^^^^^^^^^^^^^^^^^\u001b[0m\u001b[0m \u001b[0m\u001b[0m\u001b[1m\u001b[38;5;9mmethod not found in `&Self`\u001b[0m\n\n"}
{"$message_type":"diagnostic","message":"no method named `check_version_updates` found for reference `&Self` in the current scope","code":{"code":"E0599","explanation":"This error occurs when a method is used on a type which doesn't implement it:\n\nErroneous code example:\n\n```compile_fail,E0599\nstruct Mouth;\n\nlet x = Mouth;\nx.chocolate(); // error: no method named `chocolate` found for type `Mouth`\n               //        in the current scope\n```\n\nIn this case, you need to implement the `chocolate` method to fix the error:\n\n```\nstruct Mouth;\n\nimpl Mouth {\n    fn chocolate(&self) { // We implement the `chocolate` method here.\n        println!(\"Hmmm! I love chocolate!\");\n    }\n}\n\nlet x = Mouth;\nx.chocolate(); // ok!\n```\n"},"level":"error","spans":[{"file_name":"src/models.rs","byte_start":5892,"byte_end":5913,"line_start":182,"line_end":182,"column_start":14,"column_end":35,"is_primary":true,"text":[{"text":"        self.check_version_updates(id, data).await","highlight_start":14,"highlight_end":35}],"label":"method not found in `&Self`","suggested_replacement":null,"suggestion_applicability":null,"expansion":null}],"children":[],"rendered":"\u001b[0m\u001b[1m\u001b[38;5;9merror[E0599]\u001b[0m\u001b[0m\u001b[1m: no method named `check_version_updates` found for reference `&Self` in the current scope\u001b[0m\n\u001b[0m   \u001b[0m\u001b[0m\u001b[1m\u001b[38;5;12m--> \u001b[0m\u001b[0msrc/models.rs:182:14\u001b[0m\n\u001b[0m    \u001b[0m\u001b[0m\u001b[1m\u001b[38;5;12m|\u001b[0m\n\u001b[0m\u001b[1m\u001b[38;5;12m182\u001b[0m\u001b[0m \u001b[0m\u001b[0m\u001b[1m\u001b[38;5;12m|\u001b[0m\u001b[0m \u001b[0m\u001b[0m        self.check_version_updates(id, data).await\u001b[0m\n\u001b[0m    \u001b[0m\u001b[0m\u001b[1m\u001b[38;5;12m|\u001b[0m\u001b[0m              \u001b[0m\u001b[0m\u001b[1m\u001b[38;5;9m^^^^^^^^^^^^^^^^^^^^^\u001b[0m\u001b[0m \u001b[0m\u001b[0m\u001b[1m\u001b[38;5;9mmethod not found in `&Self`\u001b[0m\n\n"}
{"$message_type":"diagnostic","message":"no method named `initiate_generation` found for reference `&Self` in the current scope","code":{"code":"E0599","explanation":"This error occurs when a method is used on a type which doesn't implement it:\n\nErroneous code example:\n\n```compile_fail,E0599\nstruct Mouth;\n\nlet x = Mouth;\nx.chocolate(); // error: no method named `chocolate` found for type `Mouth`\n               //        in the current scope\n```\n\nIn this case, you need to implement the `chocolate` method to fix the error:\n\n```\nstruct Mouth;\n\nimpl Mouth {\n    fn chocolate(&self) { // We implement the `chocolate` method here.\n        println!(\"Hmmm! I love chocolate!\");\n    }\n}\n\nlet x = Mouth;\nx.chocolate(); // ok!\n```\n"},"level":"error","spans":[{"file_name":"src/models.rs","byte_start":10314,"byte_end":10333,"line_start":315,"line_end":315,"column_start":14,"column_end":33,"is_primary":true,"text":[{"text":"        self.initiate_generation(entity).await","highlight_start":14,"highlight_end":33}],"label":"method not found in `&Self`","suggested_replacement":null,"suggestion_applicability":null,"expansion":null}],"children":[],"rendered":"\u001b[0m\u001b[1m\u001b[38;5;9merror[E0599]\u001b[0m\u001b[0m\u001b[1m: no method named `initiate_generation` found for reference `&Self` in the current scope\u001b[0m\n\u001b[0m   \u001b[0m\u001b[0m\u001b[1m\u001b[38;5;12m--> \u001b[0m\u001b[0msrc/models.rs:315:14\u001b[0m\n\u001b[0m    \u001b[0m\u001b[0m\u001b[1m\u001b[38;5;12m|\u001b[0m\n\u001b[0m\u001b[1m\u001b[38;5;12m315\u001b[0m\u001b[0m \u001b[0m\u001b[0m\u001b[1m\u001b[38;5;12m|\u001b[0m\u001b[0m \u001b[0m\u001b[0m        self.initiate_generation(entity).await\u001b[0m\n\u001b[0m    \u001b[0m\u001b[0m\u001b[1m\u001b[38;5;12m|\u001b[0m\u001b[0m              \u001b[0m\u001b[0m\u001b[1m\u001b[38;5;9m^^^^^^^^^^^^^^^^^^^\u001b[0m\u001b[0m \u001b[0m\u001b[0m\u001b[1m\u001b[38;5;9mmethod not found in `&Self`\u001b[0m\n\n"}
{"$message_type":"diagnostic","message":"no method named `track_status_changes` found for reference `&Self` in the current scope","code":{"code":"E0599","explanation":"This error occurs when a method is used on a type which doesn't implement it:\n\nErroneous code example:\n\n```compile_fail,E0599\nstruct Mouth;\n\nlet x = Mouth;\nx.chocolate(); // error: no method named `chocolate` found for type `Mouth`\n               //        in the current scope\n```\n\nIn this case, you need to implement the `chocolate` method to fix the error:\n\n```\nstruct Mouth;\n\nimpl Mouth {\n    fn chocolate(&self) { // We implement the `chocolate` method here.\n        println!(\"Hmmm! I love chocolate!\");\n    }\n}\n\nlet x = Mouth;\nx.chocolate(); // ok!\n```\n"},"level":"error","spans":[{"file_name":"src/models.rs","byte_start":10445,"byte_end":10465,"line_start":319,"line_end":319,"column_start":14,"column_end":34,"is_primary":true,"text":[{"text":"        self.track_status_changes(entity).await","highlight_start":14,"highlight_end":34}],"label":"method not found in `&Self`","suggested_replacement":null,"suggestion_applicability":null,"expansion":null}],"children":[],"rendered":"\u001b[0m\u001b[1m\u001b[38;5;9merror[E0599]\u001b[0m\u001b[0m\u001b[1m: no method named `track_status_changes` found for reference `&Self` in the current scope\u001b[0m\n\u001b[0m   \u001b[0m\u001b[0m\u001b[1m\u001b[38;5;12m--> \u001b[0m\u001b[0msrc/models.rs:319:14\u001b[0m\n\u001b[0m    \u001b[0m\u001b[0m\u001b[1m\u001b[38;5;12m|\u001b[0m\n\u001b[0m\u001b[1m\u001b[38;5;12m319\u001b[0m\u001b[0m \u001b[0m\u001b[0m\u001b[1m\u001b[38;5;12m|\u001b[0m\u001b[0m \u001b[0m\u001b[0m        self.track_status_changes(entity).await\u001b[0m\n\u001b[0m    \u001b[0m\u001b[0m\u001b[1m\u001b[38;5;12m|\u001b[0m\u001b[0m              \u001b[0m\u001b[0m\u001b[1m\u001b[38;5;9m^^^^^^^^^^^^^^^^^^^^\u001b[0m\u001b[0m \u001b[0m\u001b[0m\u001b[1m\u001b[38;5;9mmethod not found in `&Self`\u001b[0m\n\n"}
{"$message_type":"diagnostic","message":"no method named `validate_project_config` found for reference `&Self` in the current scope","code":{"code":"E0599","explanation":"This error occurs when a method is used on a type which doesn't implement it:\n\nErroneous code example:\n\n```compile_fail,E0599\nstruct Mouth;\n\nlet x = Mouth;\nx.chocolate(); // error: no method named `chocolate` found for type `Mouth`\n               //        in the current scope\n```\n\nIn this case, you need to implement the `chocolate` method to fix the error:\n\n```\nstruct Mouth;\n\nimpl Mouth {\n    fn chocolate(&self) { // We implement the `chocolate` method here.\n        println!(\"Hmmm! I love chocolate!\");\n    }\n}\n\nlet x = Mouth;\nx.chocolate(); // ok!\n```\n"},"level":"error","spans":[{"file_name":"src/models.rs","byte_start":10584,"byte_end":10607,"line_start":323,"line_end":323,"column_start":14,"column_end":37,"is_primary":true,"text":[{"text":"        self.validate_project_config(data).await","highlight_start":14,"highlight_end":37}],"label":"method not found in `&Self`","suggested_replacement":null,"suggestion_applicability":null,"expansion":null}],"children":[],"rendered":"\u001b[0m\u001b[1m\u001b[38;5;9merror[E0599]\u001b[0m\u001b[0m\u001b[1m: no method named `validate_project_config` found for reference `&Self` in the current scope\u001b[0m\n\u001b[0m   \u001b[0m\u001b[0m\u001b[1m\u001b[38;5;12m--> \u001b[0m\u001b[0msrc/models.rs:323:14\u001b[0m\n\u001b[0m    \u001b[0m\u001b[0m\u001b[1m\u001b[38;5;12m|\u001b[0m\n\u001b[0m\u001b[1m\u001b[38;5;12m323\u001b[0m\u001b[0m \u001b[0m\u001b[0m\u001b[1m\u001b[38;5;12m|\u001b[0m\u001b[0m \u001b[0m\u001b[0m        self.validate_project_config(data).await\u001b[0m\n\u001b[0m    \u001b[0m\u001b[0m\u001b[1m\u001b[38;5;12m|\u001b[0m\u001b[0m              \u001b[0m\u001b[0m\u001b[1m\u001b[38;5;9m^^^^^^^^^^^^^^^^^^^^^^^\u001b[0m\u001b[0m \u001b[0m\u001b[0m\u001b[1m\u001b[38;5;9mmethod not found in `&Self`\u001b[0m\n\n"}
{"$message_type":"diagnostic","message":"no method named `cleanup_project_files` found for reference `&Self` in the current scope","code":{"code":"E0599","explanation":"This error occurs when a method is used on a type which doesn't implement it:\n\nErroneous code example:\n\n```compile_fail,E0599\nstruct Mouth;\n\nlet x = Mouth;\nx.chocolate(); // error: no method named `chocolate` found for type `Mouth`\n               //        in the current scope\n```\n\nIn this case, you need to implement the `chocolate` method to fix the error:\n\n```\nstruct Mouth;\n\nimpl Mouth {\n    fn chocolate(&self) { // We implement the `chocolate` method here.\n        println!(\"Hmmm! I love chocolate!\");\n    }\n}\n\nlet x = Mouth;\nx.chocolate(); // ok!\n```\n"},"level":"error","spans":[{"file_name":"src/models.rs","byte_start":10711,"byte_end":10732,"line_start":327,"line_end":327,"column_start":14,"column_end":35,"is_primary":true,"text":[{"text":"        self.cleanup_project_files(id).await","highlight_start":14,"highlight_end":35}],"label":"method not found in `&Self`","suggested_replacement":null,"suggestion_applicability":null,"expansion":null}],"children":[],"rendered":"\u001b[0m\u001b[1m\u001b[38;5;9merror[E0599]\u001b[0m\u001b[0m\u001b[1m: no method named `cleanup_project_files` found for reference `&Self` in the current scope\u001b[0m\n\u001b[0m   \u001b[0m\u001b[0m\u001b[1m\u001b[38;5;12m--> \u001b[0m\u001b[0msrc/models.rs:327:14\u001b[0m\n\u001b[0m    \u001b[0m\u001b[0m\u001b[1m\u001b[38;5;12m|\u001b[0m\n\u001b[0m\u001b[1m\u001b[38;5;12m327\u001b[0m\u001b[0m \u001b[0m\u001b[0m\u001b[1m\u001b[38;5;12m|\u001b[0m\u001b[0m \u001b[0m\u001b[0m        self.cleanup_project_files(id).await\u001b[0m\n\u001b[0m    \u001b[0m\u001b[0m\u001b[1m\u001b[38;5;12m|\u001b[0m\u001b[0m              \u001b[0m\u001b[0m\u001b[1m\u001b[38;5;9m^^^^^^^^^^^^^^^^^^^^^\u001b[0m\u001b[0m \u001b[0m\u001b[0m\u001b[1m\u001b[38;5;9mmethod not found in `&Self`\u001b[0m\n\n"}
{"$message_type":"diagnostic","message":"no method named `validate_template_yaml` found for reference `&Self` in the current scope","code":{"code":"E0599","explanation":"This error occurs when a method is used on a type which doesn't implement it:\n\nErroneous code example:\n\n```compile_fail,E0599\nstruct Mouth;\n\nlet x = Mouth;\nx.chocolate(); // error: no method named `chocolate` found for type `Mouth`\n               //        in the current scope\n```\n\nIn this case, you need to implement the `chocolate` method to fix the error:\n\n```\nstruct Mouth;\n\nimpl Mouth {\n    fn chocolate(&self) { // We implement the `chocolate` method here.\n        println!(\"Hmmm! I love chocolate!\");\n    }\n}\n\nlet x = Mouth;\nx.chocolate(); // ok!\n```\n"},"level":"error","spans":[{"file_name":"src/models.rs","byte_start":15289,"byte_end":15311,"line_start":465,"line_end":465,"column_start":14,"column_end":36,"is_primary":true,"text":[{"text":"        self.validate_template_yaml(data).await","highlight_start":14,"highlight_end":36}],"label":"method not found in `&Self`","suggested_replacement":null,"suggestion_applicability":null,"expansion":null}],"children":[],"rendered":"\u001b[0m\u001b[1m\u001b[38;5;9merror[E0599]\u001b[0m\u001b[0m\u001b[1m: no method named `validate_template_yaml` found for reference `&Self` in the current scope\u001b[0m\n\u001b[0m   \u001b[0m\u001b[0m\u001b[1m\u001b[38;5;12m--> \u001b[0m\u001b[0msrc/models.rs:465:14\u001b[0m\n\u001b[0m    \u001b[0m\u001b[0m\u001b[1m\u001b[38;5;12m|\u001b[0m\n\u001b[0m\u001b[1m\u001b[38;5;12m465\u001b[0m\u001b[0m \u001b[0m\u001b[0m\u001b[1m\u001b[38;5;12m|\u001b[0m\u001b[0m \u001b[0m\u001b[0m        self.validate_template_yaml(data).await\u001b[0m\n\u001b[0m    \u001b[0m\u001b[0m\u001b[1m\u001b[38;5;12m|\u001b[0m\u001b[0m              \u001b[0m\u001b[0m\u001b[1m\u001b[38;5;9m^^^^^^^^^^^^^^^^^^^^^^\u001b[0m\u001b[0m \u001b[0m\u001b[0m\u001b[1m\u001b[38;5;9mmethod not found in `&Self`\u001b[0m\n\n"}
{"$message_type":"diagnostic","message":"no method named `validate_template_changes` found for reference `&Self` in the current scope","code":{"code":"E0599","explanation":"This error occurs when a method is used on a type which doesn't implement it:\n\nErroneous code example:\n\n```compile_fail,E0599\nstruct Mouth;\n\nlet x = Mouth;\nx.chocolate(); // error: no method named `chocolate` found for type `Mouth`\n               //        in the current scope\n```\n\nIn this case, you need to implement the `chocolate` method to fix the error:\n\n```\nstruct Mouth;\n\nimpl Mouth {\n    fn chocolate(&self) { // We implement the `chocolate` method here.\n        println!(\"Hmmm! I love chocolate!\");\n    }\n}\n\nlet x = Mouth;\nx.chocolate(); // ok!\n```\n"},"level":"error","spans":[{"file_name":"src/models.rs","byte_start":15438,"byte_end":15463,"line_start":469,"line_end":469,"column_start":14,"column_end":39,"is_primary":true,"text":[{"text":"        self.validate_template_changes(id, data).await","highlight_start":14,"highlight_end":39}],"label":"method not found in `&Self`","suggested_replacement":null,"suggestion_applicability":null,"expansion":null}],"children":[],"rendered":"\u001b[0m\u001b[1m\u001b[38;5;9merror[E0599]\u001b[0m\u001b[0m\u001b[1m: no method named `validate_template_changes` found for reference `&Self` in the current scope\u001b[0m\n\u001b[0m   \u001b[0m\u001b[0m\u001b[1m\u001b[38;5;12m--> \u001b[0m\u001b[0msrc/models.rs:469:14\u001b[0m\n\u001b[0m    \u001b[0m\u001b[0m\u001b[1m\u001b[38;5;12m|\u001b[0m\n\u001b[0m\u001b[1m\u001b[38;5;12m469\u001b[0m\u001b[0m \u001b[0m\u001b[0m\u001b[1m\u001b[38;5;12m|\u001b[0m\u001b[0m \u001b[0m\u001b[0m        self.validate_template_changes(id, data).await\u001b[0m\n\u001b[0m    \u001b[0m\u001b[0m\u001b[1m\u001b[38;5;12m|\u001b[0m\u001b[0m              \u001b[0m\u001b[0m\u001b[1m\u001b[38;5;9m^^^^^^^^^^^^^^^^^^^^^^^^^\u001b[0m\u001b[0m \u001b[0m\u001b[0m\u001b[1m\u001b[38;5;9mmethod not found in `&Self`\u001b[0m\n\n"}
{"$message_type":"diagnostic","message":"the trait bound `Trace<Route, SharedClassifier<ServerErrorsAsFailures>>: Service<...>` is not satisfied","code":{"code":"E0277","explanation":"You tried to use a type which doesn't implement some trait in a place which\nexpected that trait.\n\nErroneous code example:\n\n```compile_fail,E0277\n// here we declare the Foo trait with a bar method\ntrait Foo {\n    fn bar(&self);\n}\n\n// we now declare a function which takes an object implementing the Foo trait\nfn some_func<T: Foo>(foo: T) {\n    foo.bar();\n}\n\nfn main() {\n    // we now call the method with the i32 type, which doesn't implement\n    // the Foo trait\n    some_func(5i32); // error: the trait bound `i32 : Foo` is not satisfied\n}\n```\n\nIn order to fix this error, verify that the type you're using does implement\nthe trait. Example:\n\n```\ntrait Foo {\n    fn bar(&self);\n}\n\n// we implement the trait on the i32 type\nimpl Foo for i32 {\n    fn bar(&self) {}\n}\n\nfn some_func<T: Foo>(foo: T) {\n    foo.bar(); // we can now use this method since i32 implements the\n               // Foo trait\n}\n\nfn main() {\n    some_func(5i32); // ok!\n}\n```\n\nOr in a generic context, an erroneous code example would look like:\n\n```compile_fail,E0277\nfn some_func<T>(foo: T) {\n    println!(\"{:?}\", foo); // error: the trait `core::fmt::Debug` is not\n                           //        implemented for the type `T`\n}\n\nfn main() {\n    // We now call the method with the i32 type,\n    // which *does* implement the Debug trait.\n    some_func(5i32);\n}\n```\n\nNote that the error here is in the definition of the generic function. Although\nwe only call it with a parameter that does implement `Debug`, the compiler\nstill rejects the function. It must work with all possible input types. In\norder to make this example compile, we need to restrict the generic type we're\naccepting:\n\n```\nuse std::fmt;\n\n// Restrict the input type to types that implement Debug.\nfn some_func<T: fmt::Debug>(foo: T) {\n    println!(\"{:?}\", foo);\n}\n\nfn main() {\n    // Calling the method is still fine, as i32 implements Debug.\n    some_func(5i32);\n\n    // This would fail to compile now:\n    // struct WithoutDebug;\n    // some_func(WithoutDebug);\n}\n```\n\nRust only looks at the signature of the called function, as such it must\nalready specify all requirements that will be used for every type parameter.\n"},"level":"error","spans":[{"file_name":"src/main.rs","byte_start":2836,"byte_end":2908,"line_start":97,"line_end":98,"column_start":13,"column_end":51,"is_primary":true,"text":[{"text":"            ServiceBuilder::new()","highlight_start":13,"highlight_end":34},{"text":"                .layer(TraceLayer::new_for_http())","highlight_start":1,"highlight_end":51}],"label":"unsatisfied trait bound","suggested_replacement":null,"suggestion_applicability":null,"expansion":null},{"file_name":"src/main.rs","byte_start":2817,"byte_end":2822,"line_start":96,"line_end":96,"column_start":10,"column_end":15,"is_primary":false,"text":[{"text":"        .layer(","highlight_start":10,"highlight_end":15}],"label":"required by a bound introduced by this call","suggested_replacement":null,"suggestion_applicability":null,"expansion":null}],"children":[{"message":"the trait `Service<axum::http::Request<Body>>` is not implemented for `tower_http::trace::Trace<Route, SharedClassifier<ServerErrorsAsFailures>>`","code":null,"level":"help","spans":[],"children":[],"rendered":null},{"message":"the trait `Service<http::request::Request<ReqBody>>` is implemented for `tower_http::trace::Trace<S, M, MakeSpanT, OnRequestT, OnResponseT, OnBodyChunkT, OnEosT, OnFailureT>`","code":null,"level":"help","spans":[],"children":[],"rendered":null},{"message":"the method call chain might not have had the expected associated types","code":null,"level":"note","spans":[{"file_name":"src/main.rs","byte_start":2836,"byte_end":2857,"line_start":97,"line_end":97,"column_start":13,"column_end":34,"is_primary":false,"text":[{"text":"            ServiceBuilder::new()","highlight_start":13,"highlight_end":34}],"label":"this expression has type `ServiceBuilder<Identity>`","suggested_replacement":null,"suggestion_applicability":null,"expansion":null},{"file_name":"src/main.rs","byte_start":2875,"byte_end":2908,"line_start":98,"line_end":98,"column_start":18,"column_end":51,"is_primary":true,"text":[{"text":"                .layer(TraceLayer::new_for_http())","highlight_start":18,"highlight_end":51}],"label":"`Layer::Service` is `Trace<_, SharedClassifier<ServerErrorsAsFailures>>` here","suggested_replacement":null,"suggestion_applicability":null,"expansion":null}],"children":[],"rendered":null},{"message":"required by a bound in `Router::<S>::layer`","code":null,"level":"note","spans":[{"file_name":"/home/shift/.cargo/registry/src/index.crates.io-1949cf8c6b5b557f/axum-0.7.9/src/routing/mod.rs","byte_start":8765,"byte_end":8770,"line_start":281,"line_end":281,"column_start":12,"column_end":17,"is_primary":false,"text":[{"text":"    pub fn layer<L>(self, layer: L) -> Router<S>","highlight_start":12,"highlight_end":17}],"label":"required by a bound in this associated function","suggested_replacement":null,"suggestion_applicability":null,"expansion":null},{"file_name":"/home/shift/.cargo/registry/src/index.crates.io-1949cf8c6b5b557f/axum-0.7.9/src/routing/mod.rs","byte_start":8883,"byte_end":8899,"line_start":284,"line_end":284,"column_start":21,"column_end":37,"is_primary":true,"text":[{"text":"        L::Service: Service<Request> + Clone + Send + 'static,","highlight_start":21,"highlight_end":37}],"label":"required by this bound in `Router::<S>::layer`","suggested_replacement":null,"suggestion_applicability":null,"expansion":null}],"children":[],"rendered":null},{"message":"the full name for the type has been written to '/home/shift/code/rust-form/rustform-studio/generated/target/debug/deps/rustform_studio-7b690286a5720ba2.long-type-9396868552673548337.txt'","code":null,"level":"note","spans":[],"children":[],"rendered":null},{"message":"consider using `--verbose` to print the full type name to the console","code":null,"level":"note","spans":[],"children":[],"rendered":null}],"rendered":"\u001b[0m\u001b[1m\u001b[38;5;9merror[E0277]\u001b[0m\u001b[0m\u001b[1m: the trait bound `Trace<Route, SharedClassifier<ServerErrorsAsFailures>>: Service<...>` is not satisfied\u001b[0m\n\u001b[0m   \u001b[0m\u001b[0m\u001b[1m\u001b[38;5;12m--> \u001b[0m\u001b[0msrc/main.rs:97:13\u001b[0m\n\u001b[0m    \u001b[0m\u001b[0m\u001b[1m\u001b[38;5;12m|\u001b[0m\n\u001b[0m\u001b[1m\u001b[38;5;12m96\u001b[0m\u001b[0m  \u001b[0m\u001b[0m\u001b[1m\u001b[38;5;12m|\u001b[0m\u001b[0m   \u001b[0m\u001b[0m        .layer(\u001b[0m\n\u001b[0m    \u001b[0m\u001b[0m\u001b[1m\u001b[38;5;12m|\u001b[0m\u001b[0m            \u001b[0m\u001b[0m\u001b[1m\u001b[38;5;12m-----\u001b[0m\u001b[0m \u001b[0m\u001b[0m\u001b[1m\u001b[38;5;12mrequired by a bound introduced by this call\u001b[0m\n\u001b[0m\u001b[1m\u001b[38;5;12m97\u001b[0m\u001b[0m  \u001b[0m\u001b[0m\u001b[1m\u001b[38;5;12m|\u001b[0m\u001b[0m \u001b[0m\u001b[0m\u001b[1m\u001b[38;5;9m/\u001b[0m\u001b[0m \u001b[0m\u001b[0m            ServiceBuilder::new()\u001b[0m\n\u001b[0m\u001b[1m\u001b[38;5;12m98\u001b[0m\u001b[0m  \u001b[0m\u001b[0m\u001b[1m\u001b[38;5;12m|\u001b[0m\u001b[0m \u001b[0m\u001b[0m\u001b[1m\u001b[38;5;9m|\u001b[0m\u001b[0m \u001b[0m\u001b[0m                .layer(TraceLayer::new_for_http())\u001b[0m\n\u001b[0m    \u001b[0m\u001b[0m\u001b[1m\u001b[38;5;12m|\u001b[0m\u001b[0m \u001b[0m\u001b[0m\u001b[1m\u001b[38;5;9m|__________________________________________________^\u001b[0m\u001b[0m \u001b[0m\u001b[0m\u001b[1m\u001b[38;5;9munsatisfied trait bound\u001b[0m\n\u001b[0m    \u001b[0m\u001b[0m\u001b[1m\u001b[38;5;12m|\u001b[0m\n\u001b[0m    \u001b[0m\u001b[0m\u001b[1m\u001b[38;5;12m= \u001b[0m\u001b[0m\u001b[1mhelp\u001b[0m\u001b[0m: the trait `Service<axum::http::Request<Body>>` is not implemented for `tower_http::trace::Trace<Route, SharedClassifier<ServerErrorsAsFailures>>`\u001b[0m\n\u001b[0m    \u001b[0m\u001b[0m\u001b[1m\u001b[38;5;12m= \u001b[0m\u001b[0m\u001b[1mhelp\u001b[0m\u001b[0m: the trait `Service<http::request::Request<ReqBody>>` \u001b[0m\u001b[0m\u001b[1m\u001b[35mis\u001b[0m\u001b[0m implemented for `\u001b[0m\u001b[0m\u001b[1m\u001b[35mtower_http::trace::Trace<S, M, MakeSpanT, OnRequestT, OnResponseT, OnBodyChunkT, OnEosT, OnFailureT>\u001b[0m\u001b[0m`\u001b[0m\n\u001b[0m\u001b[1m\u001b[38;5;10mnote\u001b[0m\u001b[0m: the method call chain might not have had the expected associated types\u001b[0m\n\u001b[0m   \u001b[0m\u001b[0m\u001b[1m\u001b[38;5;12m--> \u001b[0m\u001b[0msrc/main.rs:98:18\u001b[0m\n\u001b[0m    \u001b[0m\u001b[0m\u001b[1m\u001b[38;5;12m|\u001b[0m\n\u001b[0m\u001b[1m\u001b[38;5;12m97\u001b[0m\u001b[0m  \u001b[0m\u001b[0m\u001b[1m\u001b[38;5;12m|\u001b[0m\u001b[0m \u001b[0m\u001b[0m            ServiceBuilder::new()\u001b[0m\n\u001b[0m    \u001b[0m\u001b[0m\u001b[1m\u001b[38;5;12m|\u001b[0m\u001b[0m             \u001b[0m\u001b[0m\u001b[1m\u001b[38;5;12m---------------------\u001b[0m\u001b[0m \u001b[0m\u001b[0m\u001b[1m\u001b[38;5;12mthis expression has type `ServiceBuilder<Identity>`\u001b[0m\n\u001b[0m\u001b[1m\u001b[38;5;12m98\u001b[0m\u001b[0m  \u001b[0m\u001b[0m\u001b[1m\u001b[38;5;12m|\u001b[0m\u001b[0m \u001b[0m\u001b[0m                .layer(TraceLayer::new_for_http())\u001b[0m\n\u001b[0m    \u001b[0m\u001b[0m\u001b[1m\u001b[38;5;12m|\u001b[0m\u001b[0m                  \u001b[0m\u001b[0m\u001b[1m\u001b[38;5;10m^^^^^^^^^^^^^^^^^^^^^^^^^^^^^^^^^\u001b[0m\u001b[0m \u001b[0m\u001b[0m\u001b[1m\u001b[38;5;10m`Layer::Service` is `Trace<_, SharedClassifier<ServerErrorsAsFailures>>` here\u001b[0m\n\u001b[0m\u001b[1m\u001b[38;5;10mnote\u001b[0m\u001b[0m: required by a bound in `Router::<S>::layer`\u001b[0m\n\u001b[0m   \u001b[0m\u001b[0m\u001b[1m\u001b[38;5;12m--> \u001b[0m\u001b[0m/home/shift/.cargo/registry/src/index.crates.io-1949cf8c6b5b557f/axum-0.7.9/src/routing/mod.rs:284:21\u001b[0m\n\u001b[0m    \u001b[0m\u001b[0m\u001b[1m\u001b[38;5;12m|\u001b[0m\n\u001b[0m\u001b[1m\u001b[38;5;12m281\u001b[0m\u001b[0m \u001b[0m\u001b[0m\u001b[1m\u001b[38;5;12m|\u001b[0m\u001b[0m \u001b[0m\u001b[0m    pub fn layer<L>(self, layer: L) -> Router<S>\u001b[0m\n\u001b[0m    \u001b[0m\u001b[0m\u001b[1m\u001b[38;5;12m|\u001b[0m\u001b[0m            \u001b[0m\u001b[0m\u001b[1m\u001b[38;5;12m-----\u001b[0m\u001b[0m \u001b[0m\u001b[0m\u001b[1m\u001b[38;5;12mrequired by a bound in this associated function\u001b[0m\n\u001b[0m\u001b[1m\u001b[38;5;12m...\u001b[0m\n\u001b[0m\u001b[1m\u001b[38;5;12m284\u001b[0m\u001b[0m \u001b[0m\u001b[0m\u001b[1m\u001b[38;5;12m|\u001b[0m\u001b[0m \u001b[0m\u001b[0m        L::Service: Service<Request> + Clone + Send + 'static,\u001b[0m\n\u001b[0m    \u001b[0m\u001b[0m\u001b[1m\u001b[38;5;12m|\u001b[0m\u001b[0m                     \u001b[0m\u001b[0m\u001b[1m\u001b[38;5;10m^^^^^^^^^^^^^^^^\u001b[0m\u001b[0m \u001b[0m\u001b[0m\u001b[1m\u001b[38;5;10mrequired by this bound in `Router::<S>::layer`\u001b[0m\n\u001b[0m    \u001b[0m\u001b[0m\u001b[1m\u001b[38;5;12m= \u001b[0m\u001b[0m\u001b[1mnote\u001b[0m\u001b[0m: the full name for the type has been written to '/home/shift/code/rust-form/rustform-studio/generated/target/debug/deps/rustform_studio-7b690286a5720ba2.long-type-9396868552673548337.txt'\u001b[0m\n\u001b[0m    \u001b[0m\u001b[0m\u001b[1m\u001b[38;5;12m= \u001b[0m\u001b[0m\u001b[1mnote\u001b[0m\u001b[0m: consider using `--verbose` to print the full type name to the console\u001b[0m\n\n"}
{"$message_type":"diagnostic","message":"aborting due to 57 previous errors; 1 warning emitted","code":null,"level":"error","spans":[],"children":[],"rendered":"\u001b[0m\u001b[1m\u001b[38;5;9merror\u001b[0m\u001b[0m\u001b[1m: aborting due to 57 previous errors; 1 warning emitted\u001b[0m\n\n"}
{"$message_type":"diagnostic","message":"Some errors have detailed explanations: E0277, E0412, E0433, E0599.","code":null,"level":"failure-note","spans":[],"children":[],"rendered":"\u001b[0m\u001b[1mSome errors have detailed explanations: E0277, E0412, E0433, E0599.\u001b[0m\n"}
{"$message_type":"diagnostic","message":"For more information about an error, try `rustc --explain E0277`.","code":null,"level":"failure-note","spans":[],"children":[],"rendered":"\u001b[0m\u001b[1mFor more information about an error, try `rustc --explain E0277`.\u001b[0m\n"}
